#
# A fatal error has been detected by the Java Runtime Environment:
#
#  SIGSEGV (0xb) at pc=0x000000010ce7cadf, pid=27159, tid=259
#
# JRE version: Java(TM) SE Runtime Environment (15.0.2+7) (build 15.0.2+7-27)
# Java VM: Java HotSpot(TM) 64-Bit Server VM (15.0.2+7-27, mixed mode, sharing, tiered, compressed oops, g1 gc, bsd-amd64)
# Problematic frame:
# V  [libjvm.dylib+0x7dbadf]  _ZN13MethodHandles23resolve_MemberName_typeE6HandleP5KlassP6Thread+0x8f
#
# No core dump will be written. Core dumps have been disabled. To enable core dumping, try "ulimit -c unlimited" before starting Java again
#
# If you would like to submit a bug report, please visit:
#   https://bugreport.java.com/bugreport/crash.jsp
# The crash happened outside the Java Virtual Machine in native code.
# See problematic frame for where to report the bug.
#

---------------  S U M M A R Y ------------

Command Line: --add-modules=javafx.controls,javafx.fxml -javaagent:/Applications/IntelliJ IDEA.app/Contents/lib/idea_rt.jar=57172:/Applications/IntelliJ IDEA.app/Contents/bin -Dfile.encoding=UTF-8 --module-path=/Users/aghajari/IdeaProjects/Discord/target/classes:/Users/aghajari/.m2/repository/org/openjfx/javafx-controls/17.0.1/javafx-controls-17.0.1-mac.jar:/Users/aghajari/.m2/repository/org/openjfx/javafx-graphics/17.0.1/javafx-graphics-17.0.1.jar:/Users/aghajari/.m2/repository/org/openjfx/javafx-fxml/17.0.1/javafx-fxml-17.0.1-mac.jar:/Users/aghajari/.m2/repository/org/openjfx/javafx-controls/17.0.1/javafx-controls-17.0.1.jar:/Users/aghajari/.m2/repository/org/openjfx/javafx-graphics/17.0.1/javafx-graphics-17.0.1-mac.jar:/Users/aghajari/.m2/repository/org/openjfx/javafx-base/17.0.1/javafx-base-17.0.1.jar:/Users/aghajari/.m2/repository/org/openjfx/javafx-base/17.0.1/javafx-base-17.0.1-mac.jar:/Users/aghajari/.m2/repository/com/jfoenix/jfoenix/9.0.10/jfoenix-9.0.10.jar:/Users/aghajari/.m2/repository/com/squareup/retrofit2/retrofit/2.9.0/retrofit-2.9.0.jar:/Users/aghajari/.m2/repository/com/squareup/okhttp3/okhttp/3.14.9/okhttp-3.14.9.jar:/Users/aghajari/.m2/repository/com/squareup/okio/okio/1.17.2/okio-1.17.2.jar:/Users/aghajari/.m2/repository/com/squareup/retrofit2/converter-gson/2.9.0/converter-gson-2.9.0.jar:/Users/aghajari/.m2/repository/com/squareup/retrofit2/converter-scalars/2.9.0/converter-scalars-2.9.0.jar:/Users/aghajari/.m2/repository/com/google/code/gson/gson/2.9.0/gson-2.9.0.jar:/Users/aghajari/.m2/repository/io/github/palexdev/materialfx/11.13.5/materialfx-11.13.5.jar:/Users/aghajari/.m2/repository/io/github/palexdev/virtualizedfx/11.2.6/virtualizedfx-11.2.6.jar:/Users/aghajari/.m2/repository/com/github/jiconfont/jiconfont-javafx/1.0.0/jiconfont-javafx-1.0.0.jar:/Users/aghajari/.m2/repository/com/github/jiconfont/jiconfont/1.0.0/jiconfont-1.0.0.jar:/Users/aghajari/.m2/repository/com/github/jiconfont/jiconfont-google_material_design_icons/2.2.0.2/jiconfont-google_material_design_icons-2.2.0.2.jar -Djdk.module.main=Discord Discord/com.aghajari.Main

Host: MacBookPro14,1 x86_64 2300 MHz, 4 cores, 8G, Darwin 21.4.0
Time: Fri May 27 20:29:10 2022 +0430 elapsed time: 9.125611 seconds (0d 0h 0m 9s)

---------------  T H R E A D  ---------------

Current thread (0x00007f84c9814a00):  JavaThread "JavaFX Application Thread" [_thread_in_native, id=259, stack(0x00007ff7b40d8000,0x00007ff7b48d8000)]

Stack: [0x00007ff7b40d8000,0x00007ff7b48d8000],  sp=0x00007ff7b48d2340,  free space=8168k
Native frames: (J=compiled Java code, A=aot compiled Java code, j=interpreted, Vv=VM code, C=native code)
V  [libjvm.dylib+0x7dbadf]  _ZN13MethodHandles23resolve_MemberName_typeE6HandleP5KlassP6Thread+0x8f
V  [libjvm.dylib+0x95914c]  _ZN16SystemDictionary27link_method_handle_constantEP5KlassiS1_P6SymbolS3_P6Thread+0x21c
V  [libjvm.dylib+0x2f2a02]  _ZN12ConstantPool24resolve_constant_at_implERK18constantPoolHandleiiPbP6Thread+0x902
V  [libjvm.dylib+0x17f7b4]  _ZN12ConstantPool35resolve_possibly_cached_constant_atEiP6Thread+0xf4
V  [libjvm.dylib+0x17f4f6]  _ZN13BootstrapInfo11resolve_bsmEP6Thread+0x66
V  [libjvm.dylib+0x9593fd]  _ZN16SystemDictionary23invoke_bootstrap_methodER13BootstrapInfoP6Thread+0x2d
V  [libjvm.dylib+0x6cbb2e]  _ZN12LinkResolver20resolve_dynamic_callER8CallInfoR13BootstrapInfoP6Thread+0x1e
V  [libjvm.dylib+0x6cb6a2]  _ZN12LinkResolver21resolve_invokedynamicER8CallInfoRK18constantPoolHandleiP6Thread+0x82
V  [libjvm.dylib+0x4a7195]  _ZN18InterpreterRuntime21resolve_invokedynamicEP10JavaThread+0x205
V  [libjvm.dylib+0x4a7312]  _ZN18InterpreterRuntime18resolve_from_cacheEP10JavaThreadN9Bytecodes4CodeE+0x112
j  com.aghajari.ui.HomeController$1.handle(Ljavafx/scene/input/MouseEvent;)V+71 Discord
j  com.aghajari.ui.HomeController$1.handle(Ljavafx/event/Event;)V+5 Discord
j  com.sun.javafx.event.CompositeEventHandler.dispatchBubblingEvent(Ljavafx/event/Event;)V+51 javafx.base
J 3686 c1 com.sun.javafx.event.EventHandlerManager.dispatchBubblingEvent(Ljavafx/event/EventType;Ljavafx/event/Event;)Ljavafx/event/Event; javafx.base (41 bytes) @ 0x000000011af099bc [0x000000011af09380+0x000000000000063c]
J 3751 c1 com.sun.javafx.event.EventHandlerManager.dispatchBubblingEvent(Ljavafx/event/Event;)Ljavafx/event/Event; javafx.base (23 bytes) @ 0x000000011af28d9c [0x000000011af28c40+0x000000000000015c]
J 3757 c1 com.sun.javafx.event.CompositeEventDispatcher.dispatchBubblingEvent(Ljavafx/event/Event;)Ljavafx/event/Event; javafx.base (35 bytes) @ 0x000000011af2d334 [0x000000011af2d160+0x00000000000001d4]
J 3741 c1 com.sun.javafx.event.BasicEventDispatcher.dispatchEvent(Ljavafx/event/Event;Ljavafx/event/EventDispatchChain;)Ljavafx/event/Event; javafx.base (44 bytes) @ 0x000000011af24b3c [0x000000011af247e0+0x000000000000035c]
J 3696 c1 com.sun.javafx.event.EventDispatchChainImpl.dispatchEvent(Ljavafx/event/Event;)Ljavafx/event/Event; javafx.base (101 bytes) @ 0x000000011af1277c [0x000000011af125c0+0x00000000000001bc]
J 3741 c1 com.sun.javafx.event.BasicEventDispatcher.dispatchEvent(Ljavafx/event/Event;Ljavafx/event/EventDispatchChain;)Ljavafx/event/Event; javafx.base (44 bytes) @ 0x000000011af24a4c [0x000000011af247e0+0x000000000000026c]
J 3696 c1 com.sun.javafx.event.EventDispatchChainImpl.dispatchEvent(Ljavafx/event/Event;)Ljavafx/event/Event; javafx.base (101 bytes) @ 0x000000011af1277c [0x000000011af125c0+0x00000000000001bc]
J 3741 c1 com.sun.javafx.event.BasicEventDispatcher.dispatchEvent(Ljavafx/event/Event;Ljavafx/event/EventDispatchChain;)Ljavafx/event/Event; javafx.base (44 bytes) @ 0x000000011af24a4c [0x000000011af247e0+0x000000000000026c]
J 3696 c1 com.sun.javafx.event.EventDispatchChainImpl.dispatchEvent(Ljavafx/event/Event;)Ljavafx/event/Event; javafx.base (101 bytes) @ 0x000000011af1277c [0x000000011af125c0+0x00000000000001bc]
J 3741 c1 com.sun.javafx.event.BasicEventDispatcher.dispatchEvent(Ljavafx/event/Event;Ljavafx/event/EventDispatchChain;)Ljavafx/event/Event; javafx.base (44 bytes) @ 0x000000011af24a4c [0x000000011af247e0+0x000000000000026c]
J 3696 c1 com.sun.javafx.event.EventDispatchChainImpl.dispatchEvent(Ljavafx/event/Event;)Ljavafx/event/Event; javafx.base (101 bytes) @ 0x000000011af1277c [0x000000011af125c0+0x00000000000001bc]
J 3741 c1 com.sun.javafx.event.BasicEventDispatcher.dispatchEvent(Ljavafx/event/Event;Ljavafx/event/EventDispatchChain;)Ljavafx/event/Event; javafx.base (44 bytes) @ 0x000000011af24a4c [0x000000011af247e0+0x000000000000026c]
J 3696 c1 com.sun.javafx.event.EventDispatchChainImpl.dispatchEvent(Ljavafx/event/Event;)Ljavafx/event/Event; javafx.base (101 bytes) @ 0x000000011af1277c [0x000000011af125c0+0x00000000000001bc]
j  com.sun.javafx.event.EventUtil.fireEventImpl(Ljavafx/event/EventDispatchChain;Ljavafx/event/EventTarget;Ljavafx/event/Event;)Ljavafx/event/Event;+10 javafx.base
j  com.sun.javafx.event.EventUtil.fireEvent(Ljavafx/event/EventTarget;Ljavafx/event/Event;)Ljavafx/event/Event;+46 javafx.base
j  javafx.event.Event.fireEvent(Ljavafx/event/EventTarget;Ljavafx/event/Event;)V+30 javafx.base
j  com.sun.javafx.event.EventQueue.fire()V+43 javafx.base
j  javafx.scene.Scene$MouseHandler.handleEnterExit(Ljavafx/scene/input/MouseEvent;Ljavafx/scene/Scene$TargetWrapper;)V+365 javafx.graphics
j  javafx.scene.Scene$MouseHandler.process(Ljavafx/scene/input/MouseEvent;Z)V+451 javafx.graphics
j  javafx.scene.Scene.processMouseEvent(Ljavafx/scene/input/MouseEvent;)V+6 javafx.graphics
j  javafx.scene.Scene$ScenePeerListener.mouseEvent(Ljavafx/event/EventType;DDDDLjavafx/scene/input/MouseButton;ZZZZZZZZZZZ)V+50 javafx.graphics
j  com.sun.javafx.tk.quantum.GlassViewEventHandler$MouseEventNotification.run()Ljava/lang/Void;+650 javafx.graphics
j  com.sun.javafx.tk.quantum.GlassViewEventHandler$MouseEventNotification.run()Ljava/lang/Object;+1 javafx.graphics
J 1690 c1 java.security.AccessController.doPrivileged(Ljava/security/PrivilegedAction;Ljava/security/AccessControlContext;)Ljava/lang/Object; java.base@15.0.2 (17 bytes) @ 0x000000011ab782e4 [0x000000011ab78100+0x00000000000001e4]
j  com.sun.javafx.tk.quantum.GlassViewEventHandler.lambda$handleMouseEvent$2()Ljava/lang/Void;+11 javafx.graphics
j  com.sun.javafx.tk.quantum.GlassViewEventHandler$$Lambda$330+0x0000000800d0e1d8.get()Ljava/lang/Object;+4 javafx.graphics
j  com.sun.javafx.tk.quantum.QuantumToolkit.runWithoutRenderLock(Ljava/util/function/Supplier;)Ljava/lang/Object;+18 javafx.graphics
j  com.sun.javafx.tk.quantum.GlassViewEventHandler.handleMouseEvent(Lcom/sun/glass/ui/View;JIIIIIIIZZ)V+103 javafx.graphics
j  com.sun.glass.ui.View.handleMouseEvent(JIIIIIIIZZ)V+30 javafx.graphics
j  com.sun.glass.ui.View.notifyMouse(IIIIIIIZZ)V+181 javafx.graphics
j  com.sun.glass.ui.mac.MacView.notifyMouse(IIIIIIIZZ)V+96 javafx.graphics
v  ~StubRoutines::call_stub
V  [libjvm.dylib+0x4adf62]  _ZN9JavaCalls11call_helperEP9JavaValueRK12methodHandleP17JavaCallArgumentsP6Thread+0x2e2
V  [libjvm.dylib+0x505d27]  _ZL20jni_invoke_nonstaticP7JNIEnv_P9JavaValueP8_jobject11JNICallTypeP10_jmethodIDP18JNI_ArgumentPusherP6Thread+0x397
V  [libjvm.dylib+0x50a3db]  jni_CallVoidMethod+0x19b
C  [libglass.dylib+0xd7f9]  -[GlassViewDelegate sendJavaMouseEvent:]+0xa89
C  [AppKit+0x2cfd23]  -[NSTrackingArea mouseMoved:]+0x85
C  [AppKit+0x1b09d7]  -[NSWindow(NSEventRouting) _reallySendEvent:isDelayedEvent:]+0x10df
C  [AppKit+0x1af6de]  -[NSWindow(NSEventRouting) sendEvent:]+0x160
C  [libglass.dylib+0x19ae2]  -[GlassWindow_Normal sendEvent:]+0x62
C  [AppKit+0x1ae77d]  -[NSApplication(NSEvent) sendEvent:]+0xe29
C  [AppKit+0x4668db]  -[NSApplication _handleEvent:]+0x41
C  [AppKit+0x2f2ce]  -[NSApplication run]+0x26f
C  [libglass.dylib+0xa2a5]  -[GlassApplication runLoop:]+0x795
C  [Foundation+0x81857]  __NSThreadPerformPerform+0xb3
C  [CoreFoundation+0x7faeb]  __CFRUNLOOP_IS_CALLING_OUT_TO_A_SOURCE0_PERFORM_FUNCTION__+0x11
C  [CoreFoundation+0x7fa53]  __CFRunLoopDoSource0+0xb4
C  [CoreFoundation+0x7f7cd]  __CFRunLoopDoSources0+0xf2
C  [CoreFoundation+0x7e1e8]  __CFRunLoopRun+0x37c
C  [CoreFoundation+0x7d7ac]  CFRunLoopRunSpecific+0x232
C  [libjli.dylib+0x6e32]  CreateExecutionEnvironment+0x192
C  [libjli.dylib+0x2674]  JLI_Launch+0x614
C  [java+0xc16]  main+0x196
C  0x000000011216d51e

Java frames: (J=compiled Java code, j=interpreted, Vv=VM code)
j  com.aghajari.ui.HomeController$1.handle(Ljavafx/scene/input/MouseEvent;)V+71 Discord
j  com.aghajari.ui.HomeController$1.handle(Ljavafx/event/Event;)V+5 Discord
j  com.sun.javafx.event.CompositeEventHandler.dispatchBubblingEvent(Ljavafx/event/Event;)V+51 javafx.base
J 3686 c1 com.sun.javafx.event.EventHandlerManager.dispatchBubblingEvent(Ljavafx/event/EventType;Ljavafx/event/Event;)Ljavafx/event/Event; javafx.base (41 bytes) @ 0x000000011af099bc [0x000000011af09380+0x000000000000063c]
J 3751 c1 com.sun.javafx.event.EventHandlerManager.dispatchBubblingEvent(Ljavafx/event/Event;)Ljavafx/event/Event; javafx.base (23 bytes) @ 0x000000011af28d9c [0x000000011af28c40+0x000000000000015c]
J 3757 c1 com.sun.javafx.event.CompositeEventDispatcher.dispatchBubblingEvent(Ljavafx/event/Event;)Ljavafx/event/Event; javafx.base (35 bytes) @ 0x000000011af2d334 [0x000000011af2d160+0x00000000000001d4]
J 3741 c1 com.sun.javafx.event.BasicEventDispatcher.dispatchEvent(Ljavafx/event/Event;Ljavafx/event/EventDispatchChain;)Ljavafx/event/Event; javafx.base (44 bytes) @ 0x000000011af24b3c [0x000000011af247e0+0x000000000000035c]
J 3696 c1 com.sun.javafx.event.EventDispatchChainImpl.dispatchEvent(Ljavafx/event/Event;)Ljavafx/event/Event; javafx.base (101 bytes) @ 0x000000011af1277c [0x000000011af125c0+0x00000000000001bc]
J 3741 c1 com.sun.javafx.event.BasicEventDispatcher.dispatchEvent(Ljavafx/event/Event;Ljavafx/event/EventDispatchChain;)Ljavafx/event/Event; javafx.base (44 bytes) @ 0x000000011af24a4c [0x000000011af247e0+0x000000000000026c]
J 3696 c1 com.sun.javafx.event.EventDispatchChainImpl.dispatchEvent(Ljavafx/event/Event;)Ljavafx/event/Event; javafx.base (101 bytes) @ 0x000000011af1277c [0x000000011af125c0+0x00000000000001bc]
J 3741 c1 com.sun.javafx.event.BasicEventDispatcher.dispatchEvent(Ljavafx/event/Event;Ljavafx/event/EventDispatchChain;)Ljavafx/event/Event; javafx.base (44 bytes) @ 0x000000011af24a4c [0x000000011af247e0+0x000000000000026c]
J 3696 c1 com.sun.javafx.event.EventDispatchChainImpl.dispatchEvent(Ljavafx/event/Event;)Ljavafx/event/Event; javafx.base (101 bytes) @ 0x000000011af1277c [0x000000011af125c0+0x00000000000001bc]
J 3741 c1 com.sun.javafx.event.BasicEventDispatcher.dispatchEvent(Ljavafx/event/Event;Ljavafx/event/EventDispatchChain;)Ljavafx/event/Event; javafx.base (44 bytes) @ 0x000000011af24a4c [0x000000011af247e0+0x000000000000026c]
J 3696 c1 com.sun.javafx.event.EventDispatchChainImpl.dispatchEvent(Ljavafx/event/Event;)Ljavafx/event/Event; javafx.base (101 bytes) @ 0x000000011af1277c [0x000000011af125c0+0x00000000000001bc]
J 3741 c1 com.sun.javafx.event.BasicEventDispatcher.dispatchEvent(Ljavafx/event/Event;Ljavafx/event/EventDispatchChain;)Ljavafx/event/Event; javafx.base (44 bytes) @ 0x000000011af24a4c [0x000000011af247e0+0x000000000000026c]
J 3696 c1 com.sun.javafx.event.EventDispatchChainImpl.dispatchEvent(Ljavafx/event/Event;)Ljavafx/event/Event; javafx.base (101 bytes) @ 0x000000011af1277c [0x000000011af125c0+0x00000000000001bc]
j  com.sun.javafx.event.EventUtil.fireEventImpl(Ljavafx/event/EventDispatchChain;Ljavafx/event/EventTarget;Ljavafx/event/Event;)Ljavafx/event/Event;+10 javafx.base
j  com.sun.javafx.event.EventUtil.fireEvent(Ljavafx/event/EventTarget;Ljavafx/event/Event;)Ljavafx/event/Event;+46 javafx.base
j  javafx.event.Event.fireEvent(Ljavafx/event/EventTarget;Ljavafx/event/Event;)V+30 javafx.base
j  com.sun.javafx.event.EventQueue.fire()V+43 javafx.base
j  javafx.scene.Scene$MouseHandler.handleEnterExit(Ljavafx/scene/input/MouseEvent;Ljavafx/scene/Scene$TargetWrapper;)V+365 javafx.graphics
j  javafx.scene.Scene$MouseHandler.process(Ljavafx/scene/input/MouseEvent;Z)V+451 javafx.graphics
j  javafx.scene.Scene.processMouseEvent(Ljavafx/scene/input/MouseEvent;)V+6 javafx.graphics
j  javafx.scene.Scene$ScenePeerListener.mouseEvent(Ljavafx/event/EventType;DDDDLjavafx/scene/input/MouseButton;ZZZZZZZZZZZ)V+50 javafx.graphics
j  com.sun.javafx.tk.quantum.GlassViewEventHandler$MouseEventNotification.run()Ljava/lang/Void;+650 javafx.graphics
j  com.sun.javafx.tk.quantum.GlassViewEventHandler$MouseEventNotification.run()Ljava/lang/Object;+1 javafx.graphics
J 1690 c1 java.security.AccessController.doPrivileged(Ljava/security/PrivilegedAction;Ljava/security/AccessControlContext;)Ljava/lang/Object; java.base@15.0.2 (17 bytes) @ 0x000000011ab782e4 [0x000000011ab78100+0x00000000000001e4]
j  com.sun.javafx.tk.quantum.GlassViewEventHandler.lambda$handleMouseEvent$2()Ljava/lang/Void;+11 javafx.graphics
j  com.sun.javafx.tk.quantum.GlassViewEventHandler$$Lambda$330+0x0000000800d0e1d8.get()Ljava/lang/Object;+4 javafx.graphics
j  com.sun.javafx.tk.quantum.QuantumToolkit.runWithoutRenderLock(Ljava/util/function/Supplier;)Ljava/lang/Object;+18 javafx.graphics
j  com.sun.javafx.tk.quantum.GlassViewEventHandler.handleMouseEvent(Lcom/sun/glass/ui/View;JIIIIIIIZZ)V+103 javafx.graphics
j  com.sun.glass.ui.View.handleMouseEvent(JIIIIIIIZZ)V+30 javafx.graphics
j  com.sun.glass.ui.View.notifyMouse(IIIIIIIZZ)V+181 javafx.graphics
j  com.sun.glass.ui.mac.MacView.notifyMouse(IIIIIIIZZ)V+96 javafx.graphics
v  ~StubRoutines::call_stub

siginfo: si_signo: 11 (SIGSEGV), si_code: 1 (SEGV_MAPERR), si_addr: 0x0000000000015920

Register to memory mapping:

RAX=0x00006000031e9138 points into unknown readable memory: 0x0000000000015918 | 18 59 01 00 00 00 00 00
RBX=0x0000600001b89180 points into unknown readable memory: 0x0000000000000002 | 02 00 00 00 00 00 00 00
RCX=0x000000010d2ba039: UseCompressedClassPointers+0 in /Library/Java/JavaVirtualMachines/jdk-15.0.2.jdk/Contents/Home/lib/server/libjvm.dylib at 0x000000010c6a1000
RDX=0x000000010d256018: _ZN14CompressedOops11_narrow_oopE+0 in /Library/Java/JavaVirtualMachines/jdk-15.0.2.jdk/Contents/Home/lib/server/libjvm.dylib at 0x000000010c6a1000
RSP=0x00007ff7b48d2340 is pointing into the stack for thread: 0x00007f84c9814a00
RBP=0x00007ff7b48d2370 is pointing into the stack for thread: 0x00007f84c9814a00
RSI=0x0000000000000020 is an unknown value
RDI=0x000000078007d2f0 is an oop: java.lang.invoke.ResolvedMethodName 
{0x000000078007d2f0} - klass: 'java/lang/invoke/ResolvedMethodName'
R8 ={method} {0x00000008000ebd10} 'metafactory' '(Ljava/lang/invoke/MethodHandles$Lookup;Ljava/lang/String;Ljava/lang/invoke/MethodType;Ljava/lang/invoke/MethodType;Ljava/lang/invoke/MethodHandle;Ljava/lang/invoke/MethodType;)Ljava/lang/invoke/CallSite;' in 'java/lang/invoke/LambdaMetafactory'
R9 =0x00007f84c831b2d0 points into unknown readable memory: 0x0000000111bab5a8 | a8 b5 ba 11 01 00 00 00
R10=0x0000000000002800 is an unknown value
R11=0x00000008006ab540 is pointing into metadata
R12=0x00006000031e9120 points into unknown readable memory: 0x000000078007d2f0 | f0 d2 07 80 07 00 00 00
R13=0x0000000000015918 is an unknown value
R14=0x0000000800dbdd40 is a pointer to class: 
com.aghajari.ui.HomeController$1 {0x0000000800dbdd40}
R15=0x00007f84c9814a00 is a thread


Registers:
RAX=0x00006000031e9138, RBX=0x0000600001b89180, RCX=0x000000010d2ba039, RDX=0x000000010d256018
RSP=0x00007ff7b48d2340, RBP=0x00007ff7b48d2370, RSI=0x0000000000000020, RDI=0x000000078007d2f0
R8 =0x00000008000ebd10, R9 =0x00007f84c831b2d0, R10=0x0000000000002800, R11=0x00000008006ab540
R12=0x00006000031e9120, R13=0x0000000000015918, R14=0x0000000800dbdd40, R15=0x00007f84c9814a00
RIP=0x000000010ce7cadf, EFLAGS=0x0000000000010202, ERR=0x0000000000000004
  TRAPNO=0x000000000000000e

Top of Stack: (sp=0x00007ff7b48d2340)
0x00007ff7b48d2340:   00006000031e9130 0000000000000000
0x00007ff7b48d2350:   0000000000000006 0000000800dbdd40
0x00007ff7b48d2360:   00000008003f0bb8 00007f84c9814a00
0x00007ff7b48d2370:   00007ff7b48d2460 000000010cffa14c
0x00007ff7b48d2380:   00007ff7b48d2400 000000010cd66a08
0x00007ff7b48d2390:   00006000031e9118 00006000031e9110
0x00007ff7b48d23a0:   00006000031e9120 00000008000eb7a8
0x00007ff7b48d23b0:   0000000000000001 00007f84c9814a00
0x00007ff7b48d23c0:   00007ff7b48d2400 000000010cff2a77
0x00007ff7b48d23d0:   000000010d2bcd9f 00000007bfe08188
0x00007ff7b48d23e0:   00000008000eb7a8 00007ff7b48d2658
0x00007ff7b48d23f0:   00007f84c9814a00 000000000000000e
0x00007ff7b48d2400:   00007ff7b48d2460 000000010c992483
0x00007ff7b48d2410:   00000008003f0b90 00000000000000af
0x00007ff7b48d2420:   00006000031e90f8 000000000000000e
0x00007ff7b48d2430:   cdfdf97bd0ca0051 0000000000000002
0x00007ff7b48d2440:   00000000000000ad 00007ff7b48d2658
0x00007ff7b48d2450:   00007f84c9814a00 000000000000000f
0x00007ff7b48d2460:   00007ff7b48d2640 000000010c993a02
0x00007ff7b48d2470:   00007ff7b48d24c0 000000010c8b9e9d
0x00007ff7b48d2480:   00000007ffdb6eb8 00000008003f0bb8
0x00007ff7b48d2490:   00007f84c8135b70 00007f84c8135bf0
0x00007ff7b48d24a0:   0000000800c8a308 0000000000000001
0x00007ff7b48d24b0:   00007f84c8135f58 00000008003f0bd0
0x00007ff7b48d24c0:   00007ff700000006 00000001000000af
0x00007ff7b48d24d0:   00007ff7b48d2658 00007f84c9814a00
0x00007ff7b48d24e0:   00007f84c9814a00 0a00000800dbdd40
0x00007ff7b48d24f0:   00007f84c9814a00 00007f84c9814a00
0x00007ff7b48d2500:   00007f84c9814a00 00006000000e2c70
0x00007ff7b48d2510:   00007f84c8135f58 00006000031e9110
0x00007ff7b48d2520:   00007ff7b48d2610 000000010cd6889e
0x00007ff7b48d2530:   00007f84c9814a00 00007f84c9814a00 

Instructions: (pc=0x000000010ce7cadf)
0x000000010ce7c9df:   39 d8 74 30 84 db 75 26 48 8d 3d 4e 57 2e 00 48
0x000000010ce7c9ef:   8d 15 78 57 2e 00 48 8d 0d 85 57 2e 00 be 73 00
0x000000010ce7c9ff:   00 00 31 c0 e8 f8 38 b2 ff e8 c3 c9 04 00 88 1d
0x000000010ce7ca0f:   0d f1 44 00 48 83 c4 08 5b 5d c3 66 0f 1f 44 00
0x000000010ce7ca1f:   00 55 48 89 e5 89 f8 c1 e0 18 b9 00 00 04 00 83
0x000000010ce7ca2f:   ff 05 7c 11 b9 00 00 01 00 83 ff 08 75 07 0d 00
0x000000010ce7ca3f:   00 02 00 5d c3 09 c8 5d c3 0f 1f 84 00 00 00 00
0x000000010ce7ca4f:   00 55 48 89 e5 41 57 41 56 41 55 41 54 53 50 49
0x000000010ce7ca5f:   89 d7 49 89 f6 49 89 fc 4d 85 e4 0f 84 96 00 00
0x000000010ce7ca6f:   00 49 8b 3c 24 e8 47 e0 cd ff 49 89 c5 4d 85 ed
0x000000010ce7ca7f:   0f 84 8b 01 00 00 49 8b 9f 98 02 00 00 48 8b 43
0x000000010ce7ca8f:   18 48 83 f8 f8 72 18 48 8d 15 e7 94 29 00 be 08
0x000000010ce7ca9f:   00 00 00 48 89 df e8 96 f7 93 ff 48 8b 43 18 48
0x000000010ce7caaf:   8d 48 08 48 3b 4b 20 76 66 be 08 00 00 00 31 d2
0x000000010ce7cabf:   48 89 df e8 a9 f7 93 ff 4c 89 28 48 85 c0 0f 84
0x000000010ce7cacf:   3d 01 00 00 48 8d 0d 5f d5 43 00 80 39 00 74 50
0x000000010ce7cadf:   41 8b 55 08 48 8d 35 3e 95 3d 00 8a 4e 08 48 d3
0x000000010ce7caef:   e2 48 03 16 48 8d 0d 96 1a 45 00 48 3b 51 10 0f
0x000000010ce7caff:   85 0e 01 00 00 eb 3e 31 ff e8 b3 df cd ff 49 89
0x000000010ce7cb0f:   c5 4d 85 ed 0f 85 6c ff ff ff e9 f2 00 00 00 48
0x000000010ce7cb1f:   89 4b 18 4c 89 28 48 85 c0 75 a9 e9 e1 00 00 00
0x000000010ce7cb2f:   49 8b 55 08 48 8d 0d 56 1a 45 00 48 3b 51 10 0f
0x000000010ce7cb3f:   85 ce 00 00 00 4c 89 ef e8 f4 46 cd ff 48 89 c3
0x000000010ce7cb4f:   48 85 db 0f 84 b8 00 00 00 4d 85 e4 74 46 49 8b
0x000000010ce7cb5f:   3c 24 e8 9a df cd ff 25 00 00 0f 00 3d 00 00 01
0x000000010ce7cb6f:   00 74 44 3d 00 00 04 00 74 54 3d 00 00 02 00 74
0x000000010ce7cb7f:   36 48 8d 05 09 b4 46 00 48 8b 88 d0 04 00 00 48
0x000000010ce7cb8f:   8d 35 a7 55 2e 00 4c 8d 05 fa 55 2e 00 ba ab 00
0x000000010ce7cb9f:   00 00 eb 65 31 ff e8 56 df cd ff 25 00 00 0f 00
0x000000010ce7cbaf:   3d 00 00 01 00 75 bc 48 89 df 4c 89 f6 4c 89 fa
0x000000010ce7cbbf:   e8 8c c4 17 00 49 83 7f 08 00 75 45 eb 15 48 89
0x000000010ce7cbcf:   df 4c 89 f6 4c 89 fa e8 25 d1 17 00 49 83 7f 08 


Stack slot to memory mapping:
stack at sp + 0 slots: 0x00006000031e9130 points into unknown readable memory: 0x000000078007d2f0 | f0 d2 07 80 07 00 00 00
stack at sp + 1 slots: 0x0 is NULL
stack at sp + 2 slots: 0x0000000000000006 is an unknown value
stack at sp + 3 slots: 0x0000000800dbdd40 is a pointer to class: 
com.aghajari.ui.HomeController$1 {0x0000000800dbdd40}
stack at sp + 4 slots: 0x00000008003f0bb8 is pointing into metadata
stack at sp + 5 slots: 0x00007f84c9814a00 is a thread
stack at sp + 6 slots: 0x00007ff7b48d2460 is pointing into the stack for thread: 0x00007f84c9814a00
stack at sp + 7 slots: 0x000000010cffa14c: _ZN16SystemDictionary27link_method_handle_constantEP5KlassiS1_P6SymbolS3_P6Thread+0x21c in /Library/Java/JavaVirtualMachines/jdk-15.0.2.jdk/Contents/Home/lib/server/libjvm.dylib at 0x000000010c6a1000


---------------  P R O C E S S  ---------------

Threads class SMR info:
_java_thread_list=0x0000600000e03b40, length=22, elements={
0x00007f84c8808600, 0x00007f84c9010200, 0x00007f84c78aa600, 0x00007f84c78a8400,
0x00007f84c980b000, 0x00007f84c980b600, 0x00007f84c78aac00, 0x00007f84c980cc00,
0x00007f84c78a8a00, 0x00007f84c980d800, 0x00007f84c9039800, 0x00007f84c881d200,
0x00007f84c9039e00, 0x00007f84c8861800, 0x00007f84c9814a00, 0x00007f84c88aec00,
0x00007f84c90cbe00, 0x00007f84c9956800, 0x00007f84c88fd000, 0x00007f84c8a4ae00,
0x00007f84c8ae6e00, 0x00007f84c8a64400
}

Java Threads: ( => current thread )
  0x00007f84c8808600 JavaThread "main" [_thread_blocked, id=9475, stack(0x000070000291c000,0x0000700002a1c000)]
  0x00007f84c9010200 JavaThread "Reference Handler" daemon [_thread_blocked, id=18179, stack(0x0000700003031000,0x0000700003131000)]
  0x00007f84c78aa600 JavaThread "Finalizer" daemon [_thread_blocked, id=17411, stack(0x0000700003134000,0x0000700003234000)]
  0x00007f84c78a8400 JavaThread "Signal Dispatcher" daemon [_thread_blocked, id=23043, stack(0x000070000333d000,0x000070000343d000)]
  0x00007f84c980b000 JavaThread "Service Thread" daemon [_thread_blocked, id=24067, stack(0x0000700003440000,0x0000700003540000)]
  0x00007f84c980b600 JavaThread "C2 CompilerThread0" daemon [_thread_blocked, id=24579, stack(0x0000700003543000,0x0000700003643000)]
  0x00007f84c78aac00 JavaThread "C1 CompilerThread0" daemon [_thread_blocked, id=41731, stack(0x0000700003646000,0x0000700003746000)]
  0x00007f84c980cc00 JavaThread "Sweeper thread" daemon [_thread_blocked, id=25603, stack(0x0000700003749000,0x0000700003849000)]
  0x00007f84c78a8a00 JavaThread "Common-Cleaner" daemon [_thread_blocked, id=26115, stack(0x000070000384c000,0x000070000394c000)]
  0x00007f84c980d800 JavaThread "Monitor Ctrl-Break" daemon [_thread_in_native, id=39939, stack(0x000070000394f000,0x0000700003a4f000)]
  0x00007f84c9039800 JavaThread "Notification Thread" daemon [_thread_blocked, id=38915, stack(0x0000700003a52000,0x0000700003b52000)]
  0x00007f84c881d200 JavaThread "JavaFX-Launcher" [_thread_blocked, id=38403, stack(0x0000700003c58000,0x0000700003d58000)]
  0x00007f84c9039e00 JavaThread "QuantumRenderer-0" daemon [_thread_blocked, id=27395, stack(0x0000700003d5b000,0x0000700003e5b000)]
  0x00007f84c8861800 JavaThread "InvokeLaterDispatcher" daemon [_thread_blocked, id=31495, stack(0x0000700003e5e000,0x0000700003f5e000)]
=>0x00007f84c9814a00 JavaThread "JavaFX Application Thread" [_thread_in_native, id=259, stack(0x00007ff7b40d8000,0x00007ff7b48d8000)]
  0x00007f84c88aec00 JavaThread "Prism Font Disposer" daemon [_thread_blocked, id=73987, stack(0x00007000044f6000,0x00007000045f6000)]
  0x00007f84c90cbe00 JavaThread "Timer-0" daemon [_thread_blocked, id=56323, stack(0x00007000045f9000,0x00007000046f9000)]
  0x00007f84c9956800 JavaThread "Attach Listener" daemon [_thread_blocked, id=74503, stack(0x00007000042ed000,0x00007000043ed000)]
  0x00007f84c88fd000 JavaThread "PulseTimer-CVDisplayLink thread" daemon [_thread_in_native, id=73479, stack(0x00007000046fc000,0x000070000477c000)]
  0x00007f84c8a4ae00 JavaThread "Cleaner-0" daemon [_thread_blocked, id=130051, stack(0x0000700004a8b000,0x0000700004b8b000)]
  0x00007f84c8ae6e00 JavaThread "Thread-6" [_thread_in_native, id=90115, stack(0x0000700004b8e000,0x0000700004c8e000)]
  0x00007f84c8a64400 JavaThread "Keep-Alive-Timer" daemon [_thread_blocked, id=127759, stack(0x0000700004f9a000,0x000070000509a000)]

Other Threads:
  0x00007f84c7705af0 VMThread "VM Thread" [stack: 0x0000700002f2e000,0x000070000302e000] [id=18435]
  0x00007f84c830b1f0 WatcherThread [stack: 0x0000700003b55000,0x0000700003c55000] [id=26627]
  0x00007f84c8106a50 GCTaskThread "GC Thread#0" [stack: 0x0000700002a1f000,0x0000700002b1f000] [id=12291]
  0x00007f84c830f460 GCTaskThread "GC Thread#1" [stack: 0x0000700003f61000,0x0000700004061000] [id=33283]
  0x00007f84c830ff50 GCTaskThread "GC Thread#2" [stack: 0x0000700004064000,0x0000700004164000] [id=32771]
  0x00007f84c8310a00 GCTaskThread "GC Thread#3" [stack: 0x0000700004167000,0x0000700004267000] [id=32259]
  0x00007f84c8107340 ConcurrentGCThread "G1 Main Marker" [stack: 0x0000700002b22000,0x0000700002c22000] [id=12803]
  0x00007f84c8107e10 ConcurrentGCThread "G1 Conc#0" [stack: 0x0000700002c25000,0x0000700002d25000] [id=13315]
  0x00007f84c8112900 ConcurrentGCThread "G1 Refine#0" [stack: 0x0000700002d28000,0x0000700002e28000] [id=18947]
  0x00007f84c803b7c0 ConcurrentGCThread "G1 Refine#1" [stack: 0x000070000477f000,0x000070000487f000] [id=72963]
  0x00007f84c772d0d0 ConcurrentGCThread "G1 Refine#2" [stack: 0x0000700004882000,0x0000700004982000] [id=72451]
  0x00007f84c81133e0 ConcurrentGCThread "G1 Young RemSet Sampling" [stack: 0x0000700002e2b000,0x0000700002f2b000] [id=18691]

Threads with active compile tasks:

VM state: not at safepoint (normal execution)

VM Mutex/Monitor currently owned by a thread: None

Heap address: 0x0000000780000000, size: 2048 MB, Compressed Oops mode: Zero based, Oop shift amount: 3
CDS archive(s) mapped at: [0x0000000800000000-0x0000000800b2d000-0x0000000800b2d000), size 11718656, SharedBaseAddress: 0x0000000800000000, ArchiveRelocationMode: 0.
Compressed class space mapped at: 0x0000000800b30000-0x0000000840b30000, size: 1073741824
Narrow klass base: 0x0000000800000000, Narrow klass shift: 3, Narrow klass range: 0x100000000

GC Precious Log:
 CPUs: 4 total, 4 available
 Memory: 8192M
 Large Page Support: Disabled
 NUMA Support: Disabled
 Compressed Oops: Enabled (Zero based)
 Heap Region Size: 1M
 Heap Min Capacity: 8M
 Heap Initial Capacity: 128M
 Heap Max Capacity: 2G
 Pre-touch: Disabled
 Parallel Workers: 4
 Concurrent Workers: 1
 Concurrent Refinement Workers: 4
 Periodic GC: Disabled

Heap:
 garbage-first heap   total 63488K, used 24920K [0x0000000780000000, 0x0000000800000000)
  region size 1024K, 6 young (6144K), 3 survivors (3072K)
 Metaspace       used 24263K, capacity 24617K, committed 24828K, reserved 1071104K
  class space    used 3209K, capacity 3327K, committed 3404K, reserved 1048576K

Heap Regions: E=young(eden), S=young(survivor), O=old, HS=humongous(starts), HC=humongous(continues), CS=collection set, F=free, OA=open archive, CA=closed archive, TAMS=top-at-mark-start (previous, next)
|   0|0x0000000780000000, 0x0000000780100000, 0x0000000780100000|100%| O|  |TAMS 0x0000000780100000, 0x0000000780000000| Untracked 
|   1|0x0000000780100000, 0x0000000780200000, 0x0000000780200000|100%| O|  |TAMS 0x0000000780200000, 0x0000000780100000| Untracked 
|   2|0x0000000780200000, 0x0000000780240a00, 0x0000000780300000| 25%| O|  |TAMS 0x0000000780240a00, 0x0000000780200000| Untracked 
|   3|0x0000000780300000, 0x0000000780300000, 0x0000000780400000|  0%| F|  |TAMS 0x0000000780300000, 0x0000000780300000| Untracked 
|   4|0x0000000780400000, 0x0000000780400000, 0x0000000780500000|  0%| F|  |TAMS 0x0000000780400000, 0x0000000780400000| Untracked 
|   5|0x0000000780500000, 0x0000000780600000, 0x0000000780600000|100%|HS|  |TAMS 0x0000000780500000, 0x0000000780500000| Complete 
|   6|0x0000000780600000, 0x0000000780700000, 0x0000000780700000|100%|HC|  |TAMS 0x0000000780600000, 0x0000000780600000| Complete 
|   7|0x0000000780700000, 0x0000000780800000, 0x0000000780800000|100%|HS|  |TAMS 0x0000000780700000, 0x0000000780700000| Complete 
|   8|0x0000000780800000, 0x0000000780900000, 0x0000000780900000|100%|HC|  |TAMS 0x0000000780800000, 0x0000000780800000| Complete 
|   9|0x0000000780900000, 0x0000000780a00000, 0x0000000780a00000|100%|HS|  |TAMS 0x0000000780900000, 0x0000000780900000| Complete 
|  10|0x0000000780a00000, 0x0000000780b00000, 0x0000000780b00000|100%|HC|  |TAMS 0x0000000780a00000, 0x0000000780a00000| Complete 
|  11|0x0000000780b00000, 0x0000000780c00000, 0x0000000780c00000|100%|HC|  |TAMS 0x0000000780b00000, 0x0000000780b00000| Complete 
|  12|0x0000000780c00000, 0x0000000780d00000, 0x0000000780d00000|100%|HC|  |TAMS 0x0000000780c00000, 0x0000000780c00000| Complete 
|  13|0x0000000780d00000, 0x0000000780e00000, 0x0000000780e00000|100%|HC|  |TAMS 0x0000000780d00000, 0x0000000780d00000| Complete 
|  14|0x0000000780e00000, 0x0000000780f00000, 0x0000000780f00000|100%|HS|  |TAMS 0x0000000780e00000, 0x0000000780e00000| Complete 
|  15|0x0000000780f00000, 0x0000000781000000, 0x0000000781000000|100%| O|  |TAMS 0x0000000780f00000, 0x0000000780f00000| Untracked 
|  16|0x0000000781000000, 0x0000000781100000, 0x0000000781100000|100%| O|  |TAMS 0x0000000781000000, 0x0000000781000000| Untracked 
|  17|0x0000000781100000, 0x0000000781200000, 0x0000000781200000|100%| O|  |TAMS 0x0000000781100000, 0x0000000781100000| Untracked 
|  18|0x0000000781200000, 0x0000000781300000, 0x0000000781300000|100%| O|  |TAMS 0x0000000781200000, 0x0000000781200000| Untracked 
|  19|0x0000000781300000, 0x0000000781400000, 0x0000000781400000|100%| S|CS|TAMS 0x0000000781300000, 0x0000000781300000| Complete 
|  20|0x0000000781400000, 0x0000000781500000, 0x0000000781500000|100%| S|CS|TAMS 0x0000000781400000, 0x0000000781400000| Complete 
|  21|0x0000000781500000, 0x0000000781500000, 0x0000000781600000|  0%| F|  |TAMS 0x0000000781500000, 0x0000000781500000| Untracked 
|  22|0x0000000781600000, 0x0000000781600000, 0x0000000781700000|  0%| F|  |TAMS 0x0000000781600000, 0x0000000781600000| Untracked 
|  23|0x0000000781700000, 0x0000000781700000, 0x0000000781800000|  0%| F|  |TAMS 0x0000000781700000, 0x0000000781700000| Untracked 
|  24|0x0000000781800000, 0x0000000781800000, 0x0000000781900000|  0%| F|  |TAMS 0x0000000781800000, 0x0000000781800000| Untracked 
|  25|0x0000000781900000, 0x0000000781900000, 0x0000000781a00000|  0%| F|  |TAMS 0x0000000781900000, 0x0000000781900000| Untracked 
|  26|0x0000000781a00000, 0x0000000781a00000, 0x0000000781b00000|  0%| F|  |TAMS 0x0000000781a00000, 0x0000000781a00000| Untracked 
|  27|0x0000000781b00000, 0x0000000781b00000, 0x0000000781c00000|  0%| F|  |TAMS 0x0000000781b00000, 0x0000000781b00000| Untracked 
|  28|0x0000000781c00000, 0x0000000781c00000, 0x0000000781d00000|  0%| F|  |TAMS 0x0000000781c00000, 0x0000000781c00000| Untracked 
|  29|0x0000000781d00000, 0x0000000781d00000, 0x0000000781e00000|  0%| F|  |TAMS 0x0000000781d00000, 0x0000000781d00000| Untracked 
|  30|0x0000000781e00000, 0x0000000781e00000, 0x0000000781f00000|  0%| F|  |TAMS 0x0000000781e00000, 0x0000000781e00000| Untracked 
|  31|0x0000000781f00000, 0x0000000781f00000, 0x0000000782000000|  0%| F|  |TAMS 0x0000000781f00000, 0x0000000781f00000| Untracked 
|  32|0x0000000782000000, 0x0000000782000000, 0x0000000782100000|  0%| F|  |TAMS 0x0000000782000000, 0x0000000782000000| Untracked 
|  33|0x0000000782100000, 0x0000000782100000, 0x0000000782200000|  0%| F|  |TAMS 0x0000000782100000, 0x0000000782100000| Untracked 
|  34|0x0000000782200000, 0x0000000782200000, 0x0000000782300000|  0%| F|  |TAMS 0x0000000782200000, 0x0000000782200000| Untracked 
|  35|0x0000000782300000, 0x0000000782300000, 0x0000000782400000|  0%| F|  |TAMS 0x0000000782300000, 0x0000000782300000| Untracked 
|  36|0x0000000782400000, 0x0000000782400000, 0x0000000782500000|  0%| F|  |TAMS 0x0000000782400000, 0x0000000782400000| Untracked 
|  37|0x0000000782500000, 0x0000000782500000, 0x0000000782600000|  0%| F|  |TAMS 0x0000000782500000, 0x0000000782500000| Untracked 
|  38|0x0000000782600000, 0x0000000782600000, 0x0000000782700000|  0%| F|  |TAMS 0x0000000782600000, 0x0000000782600000| Untracked 
|  39|0x0000000782700000, 0x0000000782700000, 0x0000000782800000|  0%| F|  |TAMS 0x0000000782700000, 0x0000000782700000| Untracked 
|  40|0x0000000782800000, 0x0000000782800000, 0x0000000782900000|  0%| F|  |TAMS 0x0000000782800000, 0x0000000782800000| Untracked 
|  41|0x0000000782900000, 0x0000000782900000, 0x0000000782a00000|  0%| F|  |TAMS 0x0000000782900000, 0x0000000782900000| Untracked 
|  42|0x0000000782a00000, 0x0000000782a00000, 0x0000000782b00000|  0%| F|  |TAMS 0x0000000782a00000, 0x0000000782a00000| Untracked 
|  43|0x0000000782b00000, 0x0000000782b00000, 0x0000000782c00000|  0%| F|  |TAMS 0x0000000782b00000, 0x0000000782b00000| Untracked 
|  44|0x0000000782c00000, 0x0000000782c00000, 0x0000000782d00000|  0%| F|  |TAMS 0x0000000782c00000, 0x0000000782c00000| Untracked 
|  45|0x0000000782d00000, 0x0000000782d20f90, 0x0000000782e00000| 12%| S|CS|TAMS 0x0000000782d00000, 0x0000000782d00000| Complete 
|  81|0x0000000785100000, 0x0000000785100000, 0x0000000785200000|  0%| F|  |TAMS 0x0000000785100000, 0x0000000785100000| Untracked 
|  82|0x0000000785200000, 0x0000000785200000, 0x0000000785300000|  0%| F|  |TAMS 0x0000000785200000, 0x0000000785200000| Untracked 
|  83|0x0000000785300000, 0x0000000785300000, 0x0000000785400000|  0%| F|  |TAMS 0x0000000785300000, 0x0000000785300000| Untracked 
|  84|0x0000000785400000, 0x0000000785400000, 0x0000000785500000|  0%| F|  |TAMS 0x0000000785400000, 0x0000000785400000| Untracked 
|  85|0x0000000785500000, 0x0000000785500000, 0x0000000785600000|  0%| F|  |TAMS 0x0000000785500000, 0x0000000785500000| Untracked 
|  86|0x0000000785600000, 0x0000000785600000, 0x0000000785700000|  0%| F|  |TAMS 0x0000000785600000, 0x0000000785600000| Untracked 
|  87|0x0000000785700000, 0x0000000785700000, 0x0000000785800000|  0%| F|  |TAMS 0x0000000785700000, 0x0000000785700000| Untracked 
|  88|0x0000000785800000, 0x000000078586d408, 0x0000000785900000| 42%| E|  |TAMS 0x0000000785800000, 0x0000000785800000| Complete 
| 126|0x0000000787e00000, 0x0000000787f00000, 0x0000000787f00000|100%| E|CS|TAMS 0x0000000787e00000, 0x0000000787e00000| Complete 
| 127|0x0000000787f00000, 0x0000000788000000, 0x0000000788000000|100%| E|CS|TAMS 0x0000000787f00000, 0x0000000787f00000| Complete 
|1022|0x00000007bfe00000, 0x00000007bfe51000, 0x00000007bff00000| 31%|OA|  |TAMS 0x00000007bfe51000, 0x00000007bfe00000| Untracked 
|1023|0x00000007bff00000, 0x00000007bff79000, 0x00000007c0000000| 47%|CA|  |TAMS 0x00000007bff79000, 0x00000007bff00000| Untracked 
|2044|0x00000007ffc00000, 0x00000007ffc2aa00, 0x00000007ffd00000| 16%| O|  |TAMS 0x00000007ffc00000, 0x00000007ffc00000| Untracked 
|2045|0x00000007ffd00000, 0x00000007ffe00000, 0x00000007ffe00000|100%| O|  |TAMS 0x00000007ffd00000, 0x00000007ffd00000| Untracked 
|2046|0x00000007ffe00000, 0x00000007fff00000, 0x00000007fff00000|100%| O|  |TAMS 0x00000007ffe00000, 0x00000007ffe00000| Untracked 
|2047|0x00000007fff00000, 0x0000000800000000, 0x0000000800000000|100%| O|  |TAMS 0x00000007fff00000, 0x00000007fff00000| Untracked 

Card table byte_map: [0x000000010be07000,0x000000010c207000] _byte_map_base: 0x0000000108207000

Marking Bits (Prev, Next): (CMBitMap*) 0x00007f84c782c650, (CMBitMap*) 0x00007f84c782c610
 Prev Bits: [0x000000010f65d000, 0x000000011165d000)
 Next Bits: [0x000000010d65d000, 0x000000010f65d000)

Polling page: 0x000000010b763000

Metaspace:

Usage:
  Non-class:     20.79 MB capacity,    20.56 MB ( 99%) used,   196.23 KB ( <1%) free+waste,    39.50 KB ( <1%) overhead. 
      Class:      3.25 MB capacity,     3.13 MB ( 96%) used,   101.39 KB (  3%) free+waste,    16.56 KB ( <1%) overhead. 
       Both:     24.04 MB capacity,    23.69 MB ( 99%) used,   297.62 KB (  1%) free+waste,    56.06 KB ( <1%) overhead. 

Virtual space:
  Non-class space:       22.00 MB reserved,      20.92 MB ( 95%) committed 
      Class space:        1.00 GB reserved,       3.32 MB ( <1%) committed 
             Both:        1.02 GB reserved,      24.25 MB (  2%) committed 

Chunk freelists:
   Non-Class:  118.00 KB
       Class:  1.00 KB
        Both:  119.00 KB

MaxMetaspaceSize: 17179869184.00 GB
CompressedClassSpaceSize: 1.00 GB

CodeHeap 'non-profiled nmethods': size=120032Kb used=1330Kb max_used=1330Kb free=118701Kb
 bounds [0x0000000121dec000, 0x000000012205c000, 0x0000000129324000]
CodeHeap 'profiled nmethods': size=120028Kb used=6664Kb max_used=6664Kb free=113363Kb
 bounds [0x000000011a8b5000, 0x000000011af45000, 0x0000000121dec000]
CodeHeap 'non-nmethods': size=5700Kb used=1494Kb max_used=1513Kb free=4205Kb
 bounds [0x000000011a324000, 0x000000011a594000, 0x000000011a8b5000]
 total_blobs=4601 nmethods=3764 adapters=749
 compilation: enabled
              stopped_count=0, restarted_count=0
 full_count=0

Compilation events (20 events):
Event: 9.027 Thread 0x00007f84c78aac00 3780       1       com.sun.javafx.scene.SceneEventDispatcher::getLastDispatcher (5 bytes)
Event: 9.027 Thread 0x00007f84c78aac00 nmethod 3780 0x0000000121f37910 code [0x0000000121f37aa0, 0x0000000121f37b50]
Event: 9.042 Thread 0x00007f84c78aac00 3781       3       java.util.ArrayDeque::isEmpty (17 bytes)
Event: 9.042 Thread 0x00007f84c78aac00 nmethod 3781 0x000000011af36310 code [0x000000011af364a0, 0x000000011af365f0]
Event: 9.052 Thread 0x00007f84c78aac00 3782       3       com.sun.javafx.sg.prism.NodePath::clear (15 bytes)
Event: 9.053 Thread 0x00007f84c78aac00 nmethod 3782 0x000000011af36690 code [0x000000011af36820, 0x000000011af369e0]
Event: 9.058 Thread 0x00007f84c78aac00 3783       1       com.sun.glass.ui.Screen::getPlatformX (5 bytes)
Event: 9.058 Thread 0x00007f84c78aac00 nmethod 3783 0x0000000121f37c10 code [0x0000000121f37da0, 0x0000000121f37e50]
Event: 9.058 Thread 0x00007f84c78aac00 3784       1       com.sun.glass.ui.Screen::getPlatformY (5 bytes)
Event: 9.058 Thread 0x00007f84c78aac00 nmethod 3784 0x0000000121f37f10 code [0x0000000121f380a0, 0x0000000121f38150]
Event: 9.080 Thread 0x00007f84c78aac00 3785       1       com.sun.javafx.tk.quantum.GlassScene::getStage (5 bytes)
Event: 9.081 Thread 0x00007f84c78aac00 nmethod 3785 0x0000000121f38210 code [0x0000000121f383a0, 0x0000000121f38450]
Event: 9.081 Thread 0x00007f84c78aac00 3786       1       javafx.scene.input.MouseEvent::getPickResult (5 bytes)
Event: 9.081 Thread 0x00007f84c78aac00 nmethod 3786 0x0000000121f38510 code [0x0000000121f386a0, 0x0000000121f38750]
Event: 9.104 Thread 0x00007f84c78aac00 3787       1       java.util.EventObject::getSource (5 bytes)
Event: 9.104 Thread 0x00007f84c78aac00 nmethod 3787 0x0000000121f38810 code [0x0000000121f389a0, 0x0000000121f38a50]
Event: 9.119 Thread 0x00007f84c78aac00 3788       3       java.util.concurrent.locks.AbstractQueuedSynchronizer::<init> (5 bytes)
Event: 9.120 Thread 0x00007f84c78aac00 nmethod 3788 0x000000011af36a90 code [0x000000011af36c20, 0x000000011af36dd0]
Event: 9.120 Thread 0x00007f84c78aac00 3789       3       java.util.concurrent.locks.AbstractOwnableSynchronizer::<init> (5 bytes)
Event: 9.121 Thread 0x00007f84c78aac00 nmethod 3789 0x000000011af36e90 code [0x000000011af37020, 0x000000011af37170]

GC Heap History (8 events):
Event: 0.522 GC heap before
{Heap before GC invocations=0 (full 0):
 garbage-first heap   total 133120K, used 13096K [0x0000000780000000, 0x0000000800000000)
  region size 1024K, 13 young (13312K), 0 survivors (0K)
 Metaspace       used 3803K, capacity 6156K, committed 6272K, reserved 1056768K
  class space    used 417K, capacity 599K, committed 640K, reserved 1048576K
}
Event: 0.526 GC heap after
{Heap after GC invocations=1 (full 0):
 garbage-first heap   total 133120K, used 2392K [0x0000000780000000, 0x0000000800000000)
  region size 1024K, 2 young (2048K), 2 survivors (2048K)
 Metaspace       used 3803K, capacity 6156K, committed 6272K, reserved 1056768K
  class space    used 417K, capacity 599K, committed 640K, reserved 1048576K
}
Event: 1.347 GC heap before
{Heap before GC invocations=1 (full 0):
 garbage-first heap   total 133120K, used 23896K [0x0000000780000000, 0x0000000800000000)
  region size 1024K, 24 young (24576K), 2 survivors (2048K)
 Metaspace       used 10399K, capacity 10913K, committed 11264K, reserved 1058816K
  class space    used 1352K, capacity 1438K, committed 1536K, reserved 1048576K
}
Event: 1.354 GC heap after
{Heap after GC invocations=2 (full 0):
 garbage-first heap   total 133120K, used 6186K [0x0000000780000000, 0x0000000800000000)
  region size 1024K, 3 young (3072K), 3 survivors (3072K)
 Metaspace       used 10399K, capacity 10913K, committed 11264K, reserved 1058816K
  class space    used 1352K, capacity 1438K, committed 1536K, reserved 1048576K
}
Event: 5.048 GC heap before
{Heap before GC invocations=2 (full 0):
 garbage-first heap   total 133120K, used 44074K [0x0000000780000000, 0x0000000800000000)
  region size 1024K, 39 young (39936K), 3 survivors (3072K)
 Metaspace       used 20875K, capacity 21211K, committed 21296K, reserved 1067008K
  class space    used 2809K, capacity 2923K, committed 2944K, reserved 1048576K
}
Event: 5.060 GC heap after
{Heap after GC invocations=3 (full 0):
 garbage-first heap   total 133120K, used 13018K [0x0000000780000000, 0x0000000800000000)
  region size 1024K, 8 young (8192K), 8 survivors (8192K)
 Metaspace       used 20875K, capacity 21211K, committed 21296K, reserved 1067008K
  class space    used 2809K, capacity 2923K, committed 2944K, reserved 1048576K
}
Event: 6.395 GC heap before
{Heap before GC invocations=4 (full 0):
 garbage-first heap   total 58368K, used 49882K [0x0000000780000000, 0x0000000800000000)
  region size 1024K, 34 young (34816K), 8 survivors (8192K)
 Metaspace       used 24042K, capacity 24444K, committed 24828K, reserved 1071104K
  class space    used 3194K, capacity 3314K, committed 3404K, reserved 1048576K
}
Event: 6.412 GC heap after
{Heap after GC invocations=5 (full 0):
 garbage-first heap   total 63488K, used 22872K [0x0000000780000000, 0x0000000800000000)
  region size 1024K, 3 young (3072K), 3 survivors (3072K)
 Metaspace       used 24042K, capacity 24444K, committed 24828K, reserved 1071104K
  class space    used 3194K, capacity 3314K, committed 3404K, reserved 1048576K
}

Deoptimization events (20 events):
Event: 6.512 Thread 0x00007f84c7c52600 DEOPT PACKING pc=0x000000011aeea426 sp=0x0000700004f96000
Event: 6.512 Thread 0x00007f84c7c52600 DEOPT UNPACKING pc=0x000000011a371f2b sp=0x0000700004f954f0 mode 0
Event: 6.516 Thread 0x00007f84c7c52600 DEOPT PACKING pc=0x000000011aeea426 sp=0x0000700004f96000
Event: 6.516 Thread 0x00007f84c7c52600 DEOPT UNPACKING pc=0x000000011a371f2b sp=0x0000700004f954f0 mode 0
Event: 6.517 Thread 0x00007f84c7c52600 DEOPT PACKING pc=0x000000011aeea426 sp=0x0000700004f96000
Event: 6.517 Thread 0x00007f84c7c52600 DEOPT UNPACKING pc=0x000000011a371f2b sp=0x0000700004f954f0 mode 0
Event: 6.517 Thread 0x00007f84c7c52600 DEOPT PACKING pc=0x000000011aeea426 sp=0x0000700004f96000
Event: 6.517 Thread 0x00007f84c7c52600 DEOPT UNPACKING pc=0x000000011a371f2b sp=0x0000700004f954f0 mode 0
Event: 6.517 Thread 0x00007f84c7c52600 DEOPT PACKING pc=0x000000011aeea426 sp=0x0000700004f96000
Event: 6.517 Thread 0x00007f84c7c52600 DEOPT UNPACKING pc=0x000000011a371f2b sp=0x0000700004f954f0 mode 0
Event: 6.517 Thread 0x00007f84c7c52600 DEOPT PACKING pc=0x000000011aeea426 sp=0x0000700004f96000
Event: 6.518 Thread 0x00007f84c7c52600 DEOPT UNPACKING pc=0x000000011a371f2b sp=0x0000700004f954f0 mode 0
Event: 6.518 Thread 0x00007f84c7c52600 DEOPT PACKING pc=0x000000011aeea426 sp=0x0000700004f96000
Event: 6.518 Thread 0x00007f84c7c52600 DEOPT UNPACKING pc=0x000000011a371f2b sp=0x0000700004f954f0 mode 0
Event: 6.519 Thread 0x00007f84c7c52600 DEOPT PACKING pc=0x000000011aeea426 sp=0x0000700004f96000
Event: 6.519 Thread 0x00007f84c7c52600 DEOPT UNPACKING pc=0x000000011a371f2b sp=0x0000700004f954f0 mode 0
Event: 6.519 Thread 0x00007f84c7c52600 DEOPT PACKING pc=0x000000011aeea426 sp=0x0000700004f96000
Event: 6.519 Thread 0x00007f84c7c52600 DEOPT UNPACKING pc=0x000000011a371f2b sp=0x0000700004f954f0 mode 0
Event: 6.519 Thread 0x00007f84c7c52600 DEOPT PACKING pc=0x000000011aeea426 sp=0x0000700004f96000
Event: 6.519 Thread 0x00007f84c7c52600 DEOPT UNPACKING pc=0x000000011a371f2b sp=0x0000700004f954f0 mode 0

Classes unloaded (0 events):
No events

Classes redefined (0 events):
No events

Internal exceptions (20 events):
Event: 4.582 Thread 0x00007f84c8ae6e00 Exception <a 'java/lang/NoSuchMethodError'{0x0000000786f8cbb8}: static [Ljava/lang/Object;.<clinit>()V> (0x0000000786f8cbb8) 
thrown [./open/src/hotspot/share/prims/jni.cpp, line 1204]
Event: 4.712 Thread 0x00007f84c9814a00 Exception <a 'sun/nio/fs/UnixException'{0x0000000786fea5c0}> (0x0000000786fea5c0) 
thrown [./open/src/hotspot/share/prims/jni.cpp, line 578]
Event: 4.715 Thread 0x00007f84c9814a00 Exception <a 'java/lang/NoSuchMethodError'{0x0000000786e00b20}: 'java.lang.Object java.lang.invoke.DirectMethodHandle$Holder.invokeStaticInit(java.lang.Object, java.lang.Object, java.lang.Object)'> (0x0000000786e00b20) 
thrown [./open/src/hotspot/share/interpreter/linkResolver.cpp, line 782]
Event: 4.783 Thread 0x00007f84c91b0c00 Exception <a 'java/lang/NoSuchMethodError'{0x0000000786c4c980}: 'int java.lang.invoke.DirectMethodHandle$Holder.invokeStatic(java.lang.Object, java.lang.Object, java.lang.Object, java.lang.Object)'> (0x0000000786c4c980) 
thrown [./open/src/hotspot/share/interpreter/linkResolver.cpp, line 782]
Event: 4.783 Thread 0x00007f84c91b0c00 Exception <a 'java/lang/NoSuchMethodError'{0x0000000786c50360}: 'int java.lang.invoke.DirectMethodHandle$Holder.invokeStaticInit(java.lang.Object, java.lang.Object, java.lang.Object, java.lang.Object)'> (0x0000000786c50360) 
thrown [./open/src/hotspot/share/interpreter/linkResolver.cpp, line 782]
Event: 4.784 Thread 0x00007f84c91b0c00 Exception <a 'java/lang/IncompatibleClassChangeError'{0x0000000786c59af8}: Found class java.lang.Object, but interface was expected> (0x0000000786c59af8) 
thrown [./open/src/hotspot/share/interpreter/linkResolver.cpp, line 848]
Event: 4.820 Thread 0x00007f84c9814a00 Exception <a 'java/lang/NoSuchMethodError'{0x0000000786a07de0}: 'java.lang.Object java.lang.invoke.DirectMethodHandle$Holder.newInvokeSpecial(java.lang.Object, java.lang.Object, int, int)'> (0x0000000786a07de0) 
thrown [./open/src/hotspot/share/interpreter/linkResolver.cpp, line 782]
Event: 4.825 Thread 0x00007f84c9814a00 Exception <a 'java/lang/NoSuchMethodError'{0x0000000786a667d0}: 'java.lang.Object java.lang.invoke.DirectMethodHandle$Holder.newInvokeSpecial(java.lang.Object, java.lang.Object, java.lang.Object, java.lang.Object, java.lang.Object, int)'> (0x0000000786a667d0) 
thrown [./open/src/hotspot/share/interpreter/linkResolver.cpp, line 782]
Event: 4.826 Thread 0x00007f84c9814a00 Exception <a 'java/lang/NoSuchMethodError'{0x0000000786a6ad38}: 'java.lang.Object java.lang.invoke.DirectMethodHandle$Holder.invokeSpecial(java.lang.Object, java.lang.Object, java.lang.Object, java.lang.Object, java.lang.Object, java.lang.Object, int)'> (0x0000000786a6ad38) 
thrown [./open/src/hotspot/share/interpreter/linkResolver.cpp, line 782]
Event: 4.826 Thread 0x00007f84c9814a00 Exception <a 'java/lang/NoSuchMethodError'{0x0000000786a6ed28}: 'java.lang.Object java.lang.invoke.Invokers$Holder.linkToTargetMethod(java.lang.Object, java.lang.Object, java.lang.Object, java.lang.Object, int, java.lang.Object)'> (0x0000000786a6ed28) 
thrown [./open/src/hotspot/share/interpreter/linkResolver.cpp, line 782]
Event: 4.858 Thread 0x00007f84c9814a00 Exception <a 'java/lang/NoSuchMethodError'{0x0000000786407648}: 'java.lang.Object java.lang.invoke.DirectMethodHandle$Holder.newInvokeSpecial(java.lang.Object, java.lang.Object, java.lang.Object, int)'> (0x0000000786407648) 
thrown [./open/src/hotspot/share/interpreter/linkResolver.cpp, line 782]
Event: 4.859 Thread 0x00007f84c9814a00 Exception <a 'java/lang/NoSuchMethodError'{0x000000078640b7d8}: 'java.lang.Object java.lang.invoke.DirectMethodHandle$Holder.invokeSpecial(java.lang.Object, java.lang.Object, java.lang.Object, java.lang.Object, int)'> (0x000000078640b7d8) 
thrown [./open/src/hotspot/share/interpreter/linkResolver.cpp, line 782]
Event: 4.859 Thread 0x00007f84c9814a00 Exception <a 'java/lang/NoSuchMethodError'{0x000000078640f3a8}: 'java.lang.Object java.lang.invoke.Invokers$Holder.linkToTargetMethod(java.lang.Object, java.lang.Object, int, java.lang.Object)'> (0x000000078640f3a8) 
thrown [./open/src/hotspot/share/interpreter/linkResolver.cpp, line 782]
Event: 4.864 Thread 0x00007f84c9814a00 Exception <a 'java/lang/NoSuchMethodError'{0x0000000786429900}: 'void java.lang.invoke.DirectMethodHandle$Holder.invokeSpecial(java.lang.Object, java.lang.Object, java.lang.Object, java.lang.Object, java.lang.Object, java.lang.Object, java.lang.Object)'> (0x0000000786429900) 
thrown [./open/src/hotspot/share/interpreter/linkResolver.cpp, line 782]
Event: 4.864 Thread 0x00007f84c9814a00 Exception <a 'java/lang/NoSuchMethodError'{0x0000000786432240}: 'java.lang.Object java.lang.invoke.DirectMethodHandle$Holder.newInvokeSpecial(java.lang.Object, java.lang.Object, java.lang.Object, java.lang.Object, java.lang.Object, java.lang.Object)'> (0x0000000786432240) 
thrown [./open/src/hotspot/share/interpreter/linkResolver.cpp, line 782]
Event: 4.865 Thread 0x00007f84c9814a00 Exception <a 'java/lang/NoSuchMethodError'{0x000000078643ff50}: 'java.lang.Object java.lang.invoke.DirectMethodHandle$Holder.newInvokeSpecial(java.lang.Object, java.lang.Object, java.lang.Object, java.lang.Object, int, java.lang.Object)'> (0x000000078643ff50) 
thrown [./open/src/hotspot/share/interpreter/linkResolver.cpp, line 782]
Event: 4.866 Thread 0x00007f84c9814a00 Exception <a 'java/lang/NoSuchMethodError'{0x0000000786444090}: 'java.lang.Object java.lang.invoke.DirectMethodHandle$Holder.invokeSpecial(java.lang.Object, java.lang.Object, java.lang.Object, java.lang.Object, java.lang.Object, int, java.lang.Object)'> (0x0000000786444090) 
thrown [./open/src/hotspot/share/interpreter/linkResolver.cpp, line 782]
Event: 5.338 Thread 0x00007f84c9039e00 Exception <a 'java/lang/NoSuchMethodError'{0x0000000781f078b8}: 'java.lang.Object java.lang.invoke.DirectMethodHandle$Holder.invokeStaticInit(java.lang.Object, int)'> (0x0000000781f078b8) 
thrown [./open/src/hotspot/share/interpreter/linkResolver.cpp, line 782]
Event: 6.320 Thread 0x00007f84c9814a00 Exception <a 'java/lang/NoSuchMethodError'{0x00000007820403e0}: 'void java.lang.invoke.DirectMethodHandle$Holder.invokeStatic(java.lang.Object, java.lang.Object, java.lang.Object, int)'> (0x00000007820403e0) 
thrown [./open/src/hotspot/share/interpreter/linkResolver.cpp, line 782]
Event: 6.439 Thread 0x00007f84c8ae9200 Exception <a 'java/lang/NoSuchMethodError'{0x0000000787e7bbe0}: 'java.lang.Object java.lang.invoke.DirectMethodHandle$Holder.newInvokeSpecial(java.lang.Object, java.lang.Object, int, java.lang.Object)'> (0x0000000787e7bbe0) 
thrown [./open/src/hotspot/share/interpreter/linkResolver.cpp, line 782]

Events (20 events):
Event: 6.394 Executing VM operation: G1CollectForAllocation
Event: 6.423 Executing VM operation: G1CollectForAllocation done
Event: 6.423 Executing VM operation: HandshakeAllThreads
Event: 6.423 Executing VM operation: HandshakeAllThreads done
Event: 6.439 Protecting memory [0x000070000509d000,0x00007000050a1000] with protection modes 3
Event: 6.439 Thread 0x00007f84c8ae9200 Thread exited: 0x00007f84c8ae9200
Event: 6.443 loading class java/lang/invoke/BoundMethodHandle$Species_LLLLLLLLLL
Event: 6.443 loading class java/lang/invoke/BoundMethodHandle$Species_LLLLLLLLLL done
Event: 6.444 loading class java/lang/invoke/BoundMethodHandle$Species_LLLLLLLLLLL
Event: 6.444 loading class java/lang/invoke/BoundMethodHandle$Species_LLLLLLLLLLL done
Event: 6.873 Protecting memory [0x0000700004d94000,0x0000700004d98000] with protection modes 3
Event: 6.873 Thread 0x00007f84c9162800 Thread exited: 0x00007f84c9162800
Event: 7.312 Protecting memory [0x0000700004c91000,0x0000700004c95000] with protection modes 3
Event: 7.312 Thread 0x00007f84c91b0c00 Thread exited: 0x00007f84c91b0c00
Event: 7.424 Executing VM operation: HandshakeAllThreads
Event: 7.424 Executing VM operation: HandshakeAllThreads done
Event: 7.520 Protecting memory [0x0000700004e97000,0x0000700004e9b000] with protection modes 3
Event: 7.520 Thread 0x00007f84c7c52600 Thread exited: 0x00007f84c7c52600
Event: 8.425 Executing VM operation: HandshakeAllThreads
Event: 8.425 Executing VM operation: HandshakeAllThreads done


Dynamic libraries:
0x000000010b745000 	/Library/Java/JavaVirtualMachines/jdk-15.0.2.jdk/Contents/Home/lib/libjli.dylib
0x00007ff8272b7000 	/usr/lib/libz.1.dylib
0x00007ff827397000 	/usr/lib/libSystem.B.dylib
0x00007ff827392000 	/usr/lib/system/libcache.dylib
0x00007ff82734e000 	/usr/lib/system/libcommonCrypto.dylib
0x00007ff827377000 	/usr/lib/system/libcompiler_rt.dylib
0x00007ff82736d000 	/usr/lib/system/libcopyfile.dylib
0x00007ff81c342000 	/usr/lib/system/libcorecrypto.dylib
0x00007ff81c400000 	/usr/lib/system/libdispatch.dylib
0x00007ff81c5c4000 	/usr/lib/system/libdyld.dylib
0x00007ff827389000 	/usr/lib/system/libkeymgr.dylib
0x00007ff82732c000 	/usr/lib/system/libmacho.dylib
0x00007ff8269ab000 	/usr/lib/system/libquarantine.dylib
0x00007ff827387000 	/usr/lib/system/libremovefile.dylib
0x00007ff82153e000 	/usr/lib/system/libsystem_asl.dylib
0x00007ff81c2eb000 	/usr/lib/system/libsystem_blocks.dylib
0x00007ff81c488000 	/usr/lib/system/libsystem_c.dylib
0x00007ff82737f000 	/usr/lib/system/libsystem_collections.dylib
0x00007ff825c58000 	/usr/lib/system/libsystem_configuration.dylib
0x00007ff824f04000 	/usr/lib/system/libsystem_containermanager.dylib
0x00007ff827065000 	/usr/lib/system/libsystem_coreservices.dylib
0x00007ff81ebe7000 	/usr/lib/system/libsystem_darwin.dylib
0x00007ff82738a000 	/usr/lib/system/libsystem_dnssd.dylib
0x00007ff81c485000 	/usr/lib/system/libsystem_featureflags.dylib
0x00007ff81c5da000 	/usr/lib/system/libsystem_info.dylib
0x00007ff8272ca000 	/usr/lib/system/libsystem_m.dylib
0x00007ff81c3d4000 	/usr/lib/system/libsystem_malloc.dylib
0x00007ff8214d9000 	/usr/lib/system/libsystem_networkextension.dylib
0x00007ff81f00d000 	/usr/lib/system/libsystem_notify.dylib
0x00007ff82d5f5000 	/usr/lib/system/libsystem_product_info_filter.dylib
0x00007ff825c5c000 	/usr/lib/system/libsystem_sandbox.dylib
0x00007ff827384000 	/usr/lib/system/libsystem_secinit.dylib
0x00007ff81c580000 	/usr/lib/system/libsystem_kernel.dylib
0x00007ff81c5d0000 	/usr/lib/system/libsystem_platform.dylib
0x00007ff81c5b8000 	/usr/lib/system/libsystem_pthread.dylib
0x00007ff822d86000 	/usr/lib/system/libsystem_symptoms.dylib
0x00007ff81c329000 	/usr/lib/system/libsystem_trace.dylib
0x00007ff82735a000 	/usr/lib/system/libunwind.dylib
0x00007ff81c2ed000 	/usr/lib/system/libxpc.dylib
0x00007ff81c56a000 	/usr/lib/libc++abi.dylib
0x00007ff81c447000 	/usr/lib/libobjc.A.dylib
0x00007ff827365000 	/usr/lib/liboah.dylib
0x00007ff81c511000 	/usr/lib/libc++.1.dylib
0x00007ff8333ee000 	/System/Library/Frameworks/Cocoa.framework/Versions/A/Cocoa
0x00007ff81f06b000 	/System/Library/Frameworks/AppKit.framework/Versions/C/AppKit
0x00007ff822576000 	/System/Library/Frameworks/CoreData.framework/Versions/A/CoreData
0x00007ff81d477000 	/System/Library/Frameworks/Foundation.framework/Versions/C/Foundation
0x00007ff81fef9000 	/System/Library/PrivateFrameworks/UIFoundation.framework/Versions/A/UIFoundation
0x00007ff82d2f8000 	/System/Library/PrivateFrameworks/RemoteViewServices.framework/Versions/A/RemoteViewServices
0x00007ff8255e2000 	/System/Library/PrivateFrameworks/XCTTargetBootstrap.framework/Versions/A/XCTTargetBootstrap
0x00007ff82919e000 	/System/Library/PrivateFrameworks/InternationalSupport.framework/Versions/A/InternationalSupport
0x00007ff829228000 	/System/Library/PrivateFrameworks/UserActivity.framework/Versions/A/UserActivity
0x00007ff82857e000 	/usr/lib/libspindump.dylib
0x00007ff820187000 	/System/Library/Frameworks/UniformTypeIdentifiers.framework/Versions/A/UniformTypeIdentifiers
0x00007ff823d0b000 	/usr/lib/libapp_launch_measurement.dylib
0x00007ff822f46000 	/System/Library/PrivateFrameworks/CoreAnalytics.framework/Versions/A/CoreAnalytics
0x00007ff823d0e000 	/System/Library/PrivateFrameworks/CoreAutoLayout.framework/Versions/A/CoreAutoLayout
0x00007ff824f3c000 	/System/Library/Frameworks/Metal.framework/Versions/A/Metal
0x00007ff825c68000 	/usr/lib/liblangid.dylib
0x00007ff8255e7000 	/System/Library/PrivateFrameworks/CoreSVG.framework/Versions/A/CoreSVG
0x00007ff82156e000 	/System/Library/PrivateFrameworks/SkyLight.framework/Versions/A/SkyLight
0x00007ff82190c000 	/System/Library/Frameworks/CoreGraphics.framework/Versions/A/CoreGraphics
0x00007ff82d9b8000 	/System/Library/Frameworks/Accelerate.framework/Versions/A/Accelerate
0x00007ff827ffd000 	/System/Library/PrivateFrameworks/IconServices.framework/Versions/A/IconServices
0x00007ff824f21000 	/System/Library/Frameworks/IOSurface.framework/Versions/A/IOSurface
0x00007ff822f74000 	/usr/lib/libDiagnosticMessagesClient.dylib
0x00007ff83109b000 	/System/Library/Frameworks/ApplicationServices.framework/Versions/A/ApplicationServices
0x00007ff8255ce000 	/System/Library/PrivateFrameworks/DFRFoundation.framework/Versions/A/DFRFoundation
0x00007ff81e953000 	/usr/lib/libicucore.A.dylib
0x00007ff829f93000 	/System/Library/Frameworks/AudioToolbox.framework/Versions/A/AudioToolbox
0x00007ff8291aa000 	/System/Library/PrivateFrameworks/DataDetectorsCore.framework/Versions/A/DataDetectorsCore
0x00007ff925137000 	/System/Library/PrivateFrameworks/TextInput.framework/Versions/A/TextInput
0x00007ff8214f1000 	/usr/lib/libMobileGestalt.dylib
0x00007ff8252da000 	/System/Library/Frameworks/Carbon.framework/Versions/A/Frameworks/HIToolbox.framework/Versions/A/HIToolbox
0x00007ff823711000 	/System/Library/Frameworks/QuartzCore.framework/Versions/A/QuartzCore
0x00007ff81e5fa000 	/System/Library/Frameworks/Security.framework/Versions/A/Security
0x00007ff82d330000 	/System/Library/Frameworks/Carbon.framework/Versions/A/Frameworks/SpeechRecognition.framework/Versions/A/SpeechRecognition
0x00007ff823a6b000 	/System/Library/PrivateFrameworks/CoreUI.framework/Versions/A/CoreUI
0x00007ff81dec6000 	/System/Library/Frameworks/CoreAudio.framework/Versions/A/CoreAudio
0x00007ff823063000 	/System/Library/Frameworks/DiskArbitration.framework/Versions/A/DiskArbitration
0x00007ff82896c000 	/System/Library/PrivateFrameworks/MultitouchSupport.framework/Versions/A/MultitouchSupport
0x00007ff8214f0000 	/usr/lib/libenergytrace.dylib
0x00007ff81ef57000 	/System/Library/Frameworks/IOKit.framework/Versions/A/IOKit
0x00007ff82d720000 	/System/Library/Frameworks/CoreServices.framework/Versions/A/CoreServices
0x00007ff823ca5000 	/System/Library/PrivateFrameworks/PerformanceAnalysis.framework/Versions/A/PerformanceAnalysis
0x00007ffa3465b000 	/System/Library/Frameworks/OpenGL.framework/Versions/A/OpenGL
0x00007ff8268d1000 	/System/Library/PrivateFrameworks/MobileKeyBag.framework/Versions/A/MobileKeyBag
0x00007ff821fd7000 	/System/Library/Frameworks/ColorSync.framework/Versions/A/ColorSync
0x00007ff81c605000 	/System/Library/Frameworks/CoreFoundation.framework/Versions/A/CoreFoundation
0x00007ff82585e000 	/System/Library/Frameworks/CoreImage.framework/Versions/A/CoreImage
0x00007ff81dcde000 	/System/Library/Frameworks/CoreText.framework/Versions/A/CoreText
0x00007ff825617000 	/System/Library/Frameworks/ImageIO.framework/Versions/A/ImageIO
0x00007ff82739d000 	/System/Library/PrivateFrameworks/SoftLinking.framework/Versions/A/SoftLinking
0x00007ff823d56000 	/usr/lib/libxml2.2.dylib
0x00007ff827621000 	/usr/lib/libcompression.dylib
0x00007ff8290d1000 	/System/Library/PrivateFrameworks/TextureIO.framework/Versions/A/TextureIO
0x00007ff827d0f000 	/usr/lib/libate.dylib
0x00007ff827aeb000 	/usr/lib/liblzma.5.dylib
0x00007ff81d18a000 	/System/Library/Frameworks/SystemConfiguration.framework/Versions/A/SystemConfiguration
0x00007ff827399000 	/usr/lib/libfakelink.dylib
0x00007ff82104a000 	/System/Library/Frameworks/CFNetwork.framework/Versions/A/CFNetwork
0x00007ff8274da000 	/usr/lib/libarchive.2.dylib
0x00007ff825c64000 	/System/Library/PrivateFrameworks/AppleSystemInfo.framework/Versions/A/AppleSystemInfo
0x00007ff8269d2000 	/usr/lib/libbsm.0.dylib
0x00007ff82065d000 	/usr/lib/libnetwork.dylib
0x00007ff827332000 	/usr/lib/system/libkxld.dylib
0x00007ff8265fe000 	/System/Library/PrivateFrameworks/IOMobileFramebuffer.framework/Versions/A/IOMobileFramebuffer
0x00007ffb33b62000 	/usr/lib/libCoreEntitlements.dylib
0x00007ff827047000 	/System/Library/PrivateFrameworks/AppleFSCompression.framework/Versions/A/AppleFSCompression
0x00007ff8269ba000 	/usr/lib/libcoretls.dylib
0x00007ff827b05000 	/usr/lib/libcoretls_cfhelpers.dylib
0x00007ff82761c000 	/usr/lib/libpam.2.dylib
0x00007ff8229a6000 	/usr/lib/libsqlite3.dylib
0x00007ff827b74000 	/usr/lib/libxar.1.dylib
0x00007ff827057000 	/usr/lib/libbz2.1.0.dylib
0x00007ff82739e000 	/usr/lib/libpcap.A.dylib
0x00007ff822d7e000 	/usr/lib/libdns_services.dylib
0x00007ff8275ec000 	/usr/lib/libapple_nghttp2.dylib
0x00007ff8273d8000 	/usr/lib/libiconv.2.dylib
0x00007ff82732b000 	/usr/lib/libcharset.1.dylib
0x00007ff823cd9000 	/System/Library/Frameworks/CoreServices.framework/Versions/A/Frameworks/FSEvents.framework/Versions/A/FSEvents
0x00007ff81ebf1000 	/System/Library/Frameworks/CoreServices.framework/Versions/A/Frameworks/CarbonCore.framework/Versions/A/CarbonCore
0x00007ff822fc7000 	/System/Library/Frameworks/CoreServices.framework/Versions/A/Frameworks/Metadata.framework/Versions/A/Metadata
0x00007ff82706a000 	/System/Library/Frameworks/CoreServices.framework/Versions/A/Frameworks/OSServices.framework/Versions/A/OSServices
0x00007ff827561000 	/System/Library/Frameworks/CoreServices.framework/Versions/A/Frameworks/SearchKit.framework/Versions/A/SearchKit
0x00007ff822d11000 	/System/Library/Frameworks/CoreServices.framework/Versions/A/Frameworks/AE.framework/Versions/A/AE
0x00007ff81cb07000 	/System/Library/Frameworks/CoreServices.framework/Versions/A/Frameworks/LaunchServices.framework/Versions/A/LaunchServices
0x00007ff827a9c000 	/System/Library/Frameworks/CoreServices.framework/Versions/A/Frameworks/DictionaryServices.framework/Versions/A/DictionaryServices
0x00007ff823ce6000 	/System/Library/Frameworks/CoreServices.framework/Versions/A/Frameworks/SharedFileList.framework/Versions/A/SharedFileList
0x00007ff8269ae000 	/usr/lib/libCheckFix.dylib
0x00007ff821555000 	/System/Library/PrivateFrameworks/TCC.framework/Versions/A/TCC
0x00007ff825c6a000 	/System/Library/PrivateFrameworks/CoreNLP.framework/Versions/A/CoreNLP
0x00007ff822f77000 	/System/Library/PrivateFrameworks/MetadataUtilities.framework/Versions/A/MetadataUtilities
0x00007ff81d23a000 	/usr/lib/libmecabra.dylib
0x00007ff8269e2000 	/usr/lib/libmecab.dylib
0x00007ff81d205000 	/usr/lib/libCRFSuite.dylib
0x00007ff826a3c000 	/usr/lib/libgermantok.dylib
0x00007ff8275c7000 	/usr/lib/libThaiTokenizer.dylib
0x00007ff82306a000 	/System/Library/Frameworks/Accelerate.framework/Versions/A/Frameworks/vImage.framework/Versions/A/vImage
0x00007ff82d6f7000 	/System/Library/Frameworks/Accelerate.framework/Versions/A/Frameworks/vecLib.framework/Versions/A/vecLib
0x00007ff827bb5000 	/System/Library/Frameworks/Accelerate.framework/Versions/A/Frameworks/vecLib.framework/Versions/A/libvMisc.dylib
0x00007ff826429000 	/System/Library/Frameworks/Accelerate.framework/Versions/A/Frameworks/vecLib.framework/Versions/A/libvDSP.dylib
0x00007ff81ce81000 	/System/Library/Frameworks/Accelerate.framework/Versions/A/Frameworks/vecLib.framework/Versions/A/libBLAS.dylib
0x00007ff8276fe000 	/System/Library/Frameworks/Accelerate.framework/Versions/A/Frameworks/vecLib.framework/Versions/A/libLAPACK.dylib
0x00007ff826a3f000 	/System/Library/Frameworks/Accelerate.framework/Versions/A/Frameworks/vecLib.framework/Versions/A/libLinearAlgebra.dylib
0x00007ff827604000 	/System/Library/Frameworks/Accelerate.framework/Versions/A/Frameworks/vecLib.framework/Versions/A/libSparseBLAS.dylib
0x00007ff8276f8000 	/System/Library/Frameworks/Accelerate.framework/Versions/A/Frameworks/vecLib.framework/Versions/A/libQuadrature.dylib
0x00007ff825d55000 	/System/Library/Frameworks/Accelerate.framework/Versions/A/Frameworks/vecLib.framework/Versions/A/libBNNS.dylib
0x00007ff81d11b000 	/System/Library/Frameworks/Accelerate.framework/Versions/A/Frameworks/vecLib.framework/Versions/A/libSparse.dylib
0x00007ff825d4e000 	/System/Library/PrivateFrameworks/LinguisticData.framework/Versions/A/LinguisticData
0x00007ff81d0d1000 	/System/Library/PrivateFrameworks/Lexicon.framework/Versions/A/Lexicon
0x00007ff827bae000 	/usr/lib/libChineseTokenizer.dylib
0x00007ff81d833000 	/System/Library/PrivateFrameworks/LanguageModeling.framework/Versions/A/LanguageModeling
0x00007ff8275c9000 	/System/Library/PrivateFrameworks/AppleSauce.framework/Versions/A/AppleSauce
0x00007ff8265ec000 	/System/Library/PrivateFrameworks/CoreEmoji.framework/Versions/A/CoreEmoji
0x00007ff8274c9000 	/usr/lib/libcmph.dylib
0x00007ff823cbd000 	/System/Library/Frameworks/OpenDirectory.framework/Versions/A/Frameworks/CFOpenDirectory.framework/Versions/A/CFOpenDirectory
0x00007ff823cb1000 	/System/Library/Frameworks/OpenDirectory.framework/Versions/A/OpenDirectory
0x00007ff827b07000 	/System/Library/PrivateFrameworks/APFS.framework/Versions/A/APFS
0x00007ff826909000 	/System/Library/Frameworks/SecurityFoundation.framework/Versions/A/SecurityFoundation
0x00007ff827b82000 	/usr/lib/libutil.dylib
0x00007ff81ef1b000 	/System/Library/PrivateFrameworks/CoreServicesStore.framework/Versions/A/CoreServicesStore
0x00007ff827b86000 	/usr/lib/libxslt.1.dylib
0x00007ff826996000 	/System/Library/PrivateFrameworks/BackgroundTaskManagement.framework/Versions/A/BackgroundTaskManagement
0x00007ff828ff1000 	/System/Library/Frameworks/ImageIO.framework/Versions/A/Resources/libRadiance.dylib
0x00007ff828ffa000 	/System/Library/Frameworks/ImageIO.framework/Versions/A/Resources/libJPEG.dylib
0x00007ff828f4b000 	/System/Library/Frameworks/ImageIO.framework/Versions/A/Resources/libPng.dylib
0x00007ff828f6c000 	/System/Library/Frameworks/ImageIO.framework/Versions/A/Resources/libTIFF.dylib
0x00007ff82905a000 	/System/Library/Frameworks/ImageIO.framework/Versions/A/Resources/libGIF.dylib
0x00007ff828886000 	/System/Library/Frameworks/ImageIO.framework/Versions/A/Resources/libJP2.dylib
0x00007ff827fc4000 	/usr/lib/libexpat.1.dylib
0x00007ff82883b000 	/System/Library/PrivateFrameworks/AppleJPEG.framework/Versions/A/AppleJPEG
0x00007ff82519e000 	/System/Library/PrivateFrameworks/FontServices.framework/libFontParser.dylib
0x00007ff822cbb000 	/System/Library/PrivateFrameworks/RunningBoardServices.framework/Versions/A/RunningBoardServices
0x00007ff8339a6000 	/System/Library/PrivateFrameworks/IOSurfaceAccelerator.framework/Versions/A/IOSurfaceAccelerator
0x00007ff828968000 	/System/Library/PrivateFrameworks/WatchdogClient.framework/Versions/A/WatchdogClient
0x00007ff81d921000 	/System/Library/Frameworks/CoreDisplay.framework/Versions/A/CoreDisplay
0x00007ff82509c000 	/System/Library/Frameworks/CoreMedia.framework/Versions/A/CoreMedia
0x00007ff824f33000 	/System/Library/PrivateFrameworks/IOAccelerator.framework/Versions/A/IOAccelerator
0x00007ff823e3a000 	/System/Library/Frameworks/CoreVideo.framework/Versions/A/CoreVideo
0x00007ff82761a000 	/System/Library/Frameworks/MetalPerformanceShaders.framework/Versions/A/MetalPerformanceShaders
0x00007ff8289a5000 	/System/Library/Frameworks/VideoToolbox.framework/Versions/A/VideoToolbox
0x00007ff822c05000 	/System/Library/PrivateFrameworks/BaseBoard.framework/Versions/A/BaseBoard
0x00007ff82298c000 	/System/Library/PrivateFrameworks/ProtocolBuffer.framework/Versions/A/ProtocolBuffer
0x00007ff828fea000 	/System/Library/PrivateFrameworks/GPUWrangler.framework/Versions/A/GPUWrangler
0x00007ff828fce000 	/System/Library/PrivateFrameworks/IOPresentment.framework/Versions/A/IOPresentment
0x00007ff828ff4000 	/System/Library/PrivateFrameworks/DSExternalDisplay.framework/Versions/A/DSExternalDisplay
0x00007ffa3464f000 	/System/Library/Frameworks/OpenGL.framework/Versions/A/Libraries/libCoreFSCache.dylib
0x00007ffb2130b000 	/System/Library/PrivateFrameworks/GPUCompiler.framework/Versions/31001/Libraries/libGPUCompilerUtils.dylib
0x00007ff82905f000 	/System/Library/PrivateFrameworks/CMCaptureCore.framework/Versions/A/CMCaptureCore
0x00007ff82856c000 	/System/Library/PrivateFrameworks/AppServerSupport.framework/Versions/A/AppServerSupport
0x00007ff82a82b000 	/System/Library/PrivateFrameworks/perfdata.framework/Versions/A/perfdata
0x00007ff81da4d000 	/System/Library/PrivateFrameworks/AudioToolboxCore.framework/Versions/A/AudioToolboxCore
0x00007ff82507a000 	/System/Library/PrivateFrameworks/caulk.framework/Versions/A/caulk
0x00007ff82a13d000 	/usr/lib/libAudioStatistics.dylib
0x00007ff9218e5000 	/System/Library/PrivateFrameworks/SystemPolicy.framework/Versions/A/SystemPolicy
0x00007ff82a398000 	/usr/lib/libSMC.dylib
0x00007ff8332a1000 	/System/Library/Frameworks/CoreMIDI.framework/Versions/A/CoreMIDI
0x00007ff828f1a000 	/usr/lib/libAudioToolboxUtility.dylib
0x00007ff91db88000 	/System/Library/PrivateFrameworks/OSAServicesClient.framework/Versions/A/OSAServicesClient
0x00007ff82a838000 	/usr/lib/libperfcheck.dylib
0x00007ff92238f000 	/usr/lib/libmis.dylib
0x00007ffa346aa000 	/System/Library/Frameworks/OpenGL.framework/Versions/A/Libraries/libGLU.dylib
0x00007ffa3466e000 	/System/Library/Frameworks/OpenGL.framework/Versions/A/Libraries/libGFXShared.dylib
0x00007ffa34877000 	/System/Library/Frameworks/OpenGL.framework/Versions/A/Libraries/libGL.dylib
0x00007ffa34677000 	/System/Library/Frameworks/OpenGL.framework/Versions/A/Libraries/libGLImage.dylib
0x00007ffa3466b000 	/System/Library/Frameworks/OpenGL.framework/Versions/A/Libraries/libCVMSPluginSupport.dylib
0x00007ffa34656000 	/System/Library/Frameworks/OpenGL.framework/Versions/A/Libraries/libCoreVMClient.dylib
0x00007ff825be6000 	/System/Library/Frameworks/MetalPerformanceShaders.framework/Versions/A/Frameworks/MPSCore.framework/Versions/A/MPSCore
0x00007ff826fb2000 	/System/Library/Frameworks/MetalPerformanceShaders.framework/Versions/A/Frameworks/MPSImage.framework/Versions/A/MPSImage
0x00007ff826a55000 	/System/Library/Frameworks/MetalPerformanceShaders.framework/Versions/A/Frameworks/MPSNeuralNetwork.framework/Versions/A/MPSNeuralNetwork
0x00007ff826ec9000 	/System/Library/Frameworks/MetalPerformanceShaders.framework/Versions/A/Frameworks/MPSMatrix.framework/Versions/A/MPSMatrix
0x00007ff826c84000 	/System/Library/Frameworks/MetalPerformanceShaders.framework/Versions/A/Frameworks/MPSRayIntersector.framework/Versions/A/MPSRayIntersector
0x00007ff826f01000 	/System/Library/Frameworks/MetalPerformanceShaders.framework/Versions/A/Frameworks/MPSNDArray.framework/Versions/A/MPSNDArray
0x00007ffa395d7000 	/System/Library/Frameworks/MetalPerformanceShaders.framework/Versions/A/Frameworks/MPSFunctions.framework/Versions/A/MPSFunctions
0x00007ff81cd5e000 	/System/Library/PrivateFrameworks/MetalTools.framework/Versions/A/MetalTools
0x00007ff825c62000 	/System/Library/PrivateFrameworks/AggregateDictionary.framework/Versions/A/AggregateDictionary
0x00007ff827da6000 	/usr/lib/libIOReport.dylib
0x00007ffa35c86000 	/System/Library/Frameworks/OpenCL.framework/Versions/A/OpenCL
0x00007ff82810a000 	/System/Library/PrivateFrameworks/FaceCore.framework/Versions/A/FaceCore
0x00007ff8280fb000 	/System/Library/PrivateFrameworks/GraphVisualizer.framework/Versions/A/GraphVisualizer
0x00007ffb21216000 	/System/Library/PrivateFrameworks/FontServices.framework/Versions/A/FontServices
0x00007ff828524000 	/System/Library/PrivateFrameworks/OTSVG.framework/Versions/A/OTSVG
0x00007ff823a21000 	/System/Library/Frameworks/ApplicationServices.framework/Versions/A/Frameworks/ATS.framework/Versions/A/Resources/libFontRegistry.dylib
0x00007ff828574000 	/System/Library/PrivateFrameworks/FontServices.framework/libhvf.dylib
0x00007ffb21217000 	/System/Library/PrivateFrameworks/FontServices.framework/libXTFontStaticRegistryData.dylib
0x00007ff827f74000 	/System/Library/PrivateFrameworks/AppleVA.framework/Versions/A/AppleVA
0x00007ff82a15d000 	/System/Library/Frameworks/ApplicationServices.framework/Versions/A/Frameworks/ATS.framework/Versions/A/ATS
0x00007ff8220d3000 	/System/Library/Frameworks/ApplicationServices.framework/Versions/A/Frameworks/HIServices.framework/Versions/A/HIServices
0x00007ff829069000 	/System/Library/Frameworks/ApplicationServices.framework/Versions/A/Frameworks/PrintCore.framework/Versions/A/PrintCore
0x00007ff82a4eb000 	/System/Library/Frameworks/ApplicationServices.framework/Versions/A/Frameworks/QD.framework/Versions/A/QD
0x00007ff82a4e3000 	/System/Library/Frameworks/ApplicationServices.framework/Versions/A/Frameworks/ColorSyncLegacy.framework/Versions/A/ColorSyncLegacy
0x00007ff82a14d000 	/System/Library/Frameworks/ApplicationServices.framework/Versions/A/Frameworks/SpeechSynthesis.framework/Versions/A/SpeechSynthesis
0x00007ff82902a000 	/System/Library/Frameworks/ApplicationServices.framework/Versions/A/Frameworks/ATSUI.framework/Versions/A/ATSUI
0x00007ff82a478000 	/usr/lib/libcups.2.dylib
0x00007ff82a847000 	/System/Library/Frameworks/Kerberos.framework/Versions/A/Kerberos
0x00007ff82a856000 	/System/Library/Frameworks/GSS.framework/Versions/A/GSS
0x00007ff82a1c9000 	/usr/lib/libresolv.9.dylib
0x00007ff828583000 	/System/Library/PrivateFrameworks/Heimdal.framework/Versions/A/Heimdal
0x00007ff831423000 	/System/Library/Frameworks/Kerberos.framework/Versions/A/Libraries/libHeimdalProxy.dylib
0x00007ff822d8e000 	/System/Library/Frameworks/Network.framework/Versions/A/Network
0x00007ff827fde000 	/usr/lib/libheimdal-asn1.dylib
0x00007ff82a8a1000 	/System/Library/PrivateFrameworks/CommonAuth.framework/Versions/A/CommonAuth
0x00007ff82a0cf000 	/System/Library/PrivateFrameworks/AudioSession.framework/Versions/A/AudioSession
0x00007ff82806e000 	/System/Library/PrivateFrameworks/MediaExperience.framework/Versions/A/MediaExperience
0x00007ff829f62000 	/System/Library/PrivateFrameworks/AudioSession.framework/libSessionUtility.dylib
0x00007ff82a4f7000 	/System/Library/PrivateFrameworks/AudioResourceArbitration.framework/Versions/A/AudioResourceArbitration
0x00007ff82e56a000 	/System/Library/PrivateFrameworks/PowerLog.framework/Versions/A/PowerLog
0x00007ff827fe7000 	/System/Library/PrivateFrameworks/IconFoundation.framework/Versions/A/IconFoundation
0x00007ff82d320000 	/System/Library/PrivateFrameworks/SpeechRecognitionCore.framework/Versions/A/SpeechRecognitionCore
0x000000010c6a1000 	/Library/Java/JavaVirtualMachines/jdk-15.0.2.jdk/Contents/Home/lib/server/libjvm.dylib
0x000000010b76f000 	/Library/Java/JavaVirtualMachines/jdk-15.0.2.jdk/Contents/Home/lib/libjimage.dylib
0x000000010b78b000 	/Library/Java/JavaVirtualMachines/jdk-15.0.2.jdk/Contents/Home/lib/libinstrument.dylib
0x000000010b7c6000 	/Library/Java/JavaVirtualMachines/jdk-15.0.2.jdk/Contents/Home/lib/libjava.dylib
0x000000010c64c000 	/Library/Java/JavaVirtualMachines/jdk-15.0.2.jdk/Contents/Home/lib/libnio.dylib
0x000000010c660000 	/Library/Java/JavaVirtualMachines/jdk-15.0.2.jdk/Contents/Home/lib/libnet.dylib
0x000000010c679000 	/Library/Java/JavaVirtualMachines/jdk-15.0.2.jdk/Contents/Home/lib/libzip.dylib
0x000000010c687000 	/Users/aghajari/.openjfx/cache/17.0.1/libprism_es2.dylib
0x00007ff81eedd000 	/System/Library/PrivateFrameworks/CoreServicesInternal.framework/Versions/A/CoreServicesInternal
0x00007ffa34882000 	/System/Library/Frameworks/OpenGL.framework/Versions/A/Resources/GLEngine.bundle/GLEngine
0x00007ffa346e8000 	/System/Library/Frameworks/OpenGL.framework/Versions/A/Libraries/libGLProgrammability.dylib
0x00007ffa29703000 	/System/Library/Extensions/AppleIntelKBLGraphicsGLDriver.bundle/Contents/MacOS/AppleIntelKBLGraphicsGLDriver
0x00007ff92c4c9000 	/System/Library/PrivateFrameworks/GPUSupport.framework/Versions/A/Libraries/libGPUSupportMercury.dylib
0x00007ffa34a0c000 	/System/Library/Frameworks/OpenGL.framework/Versions/A/Resources/GLRendererFloat.bundle/GLRendererFloat
0x000000012d7bb000 	/Users/aghajari/.openjfx/cache/17.0.1/libglass.dylib
0x00007ff82eb5b000 	/System/Library/Frameworks/FileProvider.framework/Versions/A/FileProvider
0x00007ff822b72000 	/System/Library/Frameworks/Accounts.framework/Versions/A/Accounts
0x00007ff82ecd4000 	/System/Library/PrivateFrameworks/GenerationalStorage.framework/Versions/A/GenerationalStorage
0x00007ff82f7e7000 	/System/Library/PrivateFrameworks/CoreSymbolication.framework/Versions/A/CoreSymbolication
0x00007ff82e55f000 	/System/Library/PrivateFrameworks/SymptomDiagnosticReporter.framework/Versions/A/SymptomDiagnosticReporter
0x00007ff82019b000 	/System/Library/PrivateFrameworks/DesktopServicesPriv.framework/Versions/A/DesktopServicesPriv
0x00007ff81f01c000 	/usr/lib/libsandbox.1.dylib
0x00007ff823eb9000 	/System/Library/PrivateFrameworks/UserManagement.framework/Versions/A/UserManagement
0x00007ff82f7ac000 	/System/Library/PrivateFrameworks/DebugSymbols.framework/Versions/A/DebugSymbols
0x00007ff82a4d8000 	/System/Library/PrivateFrameworks/NetAuth.framework/Versions/A/NetAuth
0x00007ff82b3e5000 	/System/Library/PrivateFrameworks/Sharing.framework/Versions/A/Sharing
0x00007ff823e8c000 	/System/Library/PrivateFrameworks/login.framework/Versions/A/Frameworks/loginsupport.framework/Versions/A/loginsupport
0x00007ff83094a000 	/System/Library/PrivateFrameworks/Apple80211.framework/Versions/A/Apple80211
0x00007ff827097000 	/System/Library/PrivateFrameworks/AuthKit.framework/Versions/A/AuthKit
0x00007ff8266e2000 	/System/Library/PrivateFrameworks/CoreUtils.framework/Versions/A/CoreUtils
0x00007ff826609000 	/System/Library/Frameworks/CoreWLAN.framework/Versions/A/CoreWLAN
0x00007ff82b544000 	/System/Library/Frameworks/IOBluetooth.framework/Versions/A/IOBluetooth
0x00007ff8309b2000 	/System/Library/PrivateFrameworks/CoreWiFi.framework/Versions/A/CoreWiFi
0x00007ff82f37e000 	/System/Library/PrivateFrameworks/FrontBoardServices.framework/Versions/A/FrontBoardServices
0x00007ff82f40f000 	/System/Library/PrivateFrameworks/BoardServices.framework/Versions/A/BoardServices
0x00007ff8268f8000 	/System/Library/PrivateFrameworks/AssertionServices.framework/Versions/A/AssertionServices
0x00007ff830b35000 	/System/Library/PrivateFrameworks/BackBoardServices.framework/Versions/A/BackBoardServices
0x00007ff82a932000 	/System/Library/PrivateFrameworks/CorePhoneNumbers.framework/Versions/A/CorePhoneNumbers
0x00007ff82e67c000 	/System/Library/PrivateFrameworks/DiskManagement.framework/Versions/A/DiskManagement
0x00007ff82e590000 	/System/Library/PrivateFrameworks/AppleIDAuthSupport.framework/Versions/A/AppleIDAuthSupport
0x00007ffa3bb98000 	/System/Library/PrivateFrameworks/AAAFoundation.framework/Versions/A/AAAFoundation
0x00007ff82a913000 	/System/Library/PrivateFrameworks/KeychainCircle.framework/Versions/A/KeychainCircle
0x00007ff82e648000 	/System/Library/PrivateFrameworks/MediaKit.framework/Versions/A/MediaKit
0x00007ff82e59c000 	/System/Library/Frameworks/DiscRecording.framework/Versions/A/DiscRecording
0x00007ff827eec000 	/usr/lib/libCoreStorage.dylib
0x00007ff830e23000 	/usr/lib/libcsfde.dylib
0x00007ff82b611000 	/System/Library/PrivateFrameworks/ProtectedCloudStorage.framework/Versions/A/ProtectedCloudStorage
0x00007ff830e1f000 	/System/Library/PrivateFrameworks/EFILogin.framework/Versions/A/EFILogin
0x00007ff82ecfa000 	/System/Library/PrivateFrameworks/OctagonTrust.framework/Versions/A/OctagonTrust
0x00007ffb20485000 	/System/Library/PrivateFrameworks/CoreUtilsExtras.framework/Versions/A/CoreUtilsExtras
0x00007ff82e4c3000 	/System/Library/Frameworks/CoreBluetooth.framework/Versions/A/CoreBluetooth
0x00007ff8314a8000 	/System/Library/Frameworks/AudioUnit.framework/Versions/A/AudioUnit
0x00007ff827ee4000 	/usr/lib/libMatch.1.dylib
0x00007ff926968000 	/System/Library/Frameworks/Accelerate.framework/Versions/A/Frameworks/vImage.framework/Versions/A/Libraries/libCGInterfaces.dylib
0x000000012ea57000 	/usr/lib/libobjc-trampolines.dylib
0x00007ff823bb1000 	/System/Library/PrivateFrameworks/ViewBridge.framework/Versions/A/ViewBridge
0x00000001315a0000 	/Users/aghajari/.openjfx/cache/17.0.1/libjavafx_font.dylib
0x0000000131618000 	/Library/Java/JavaVirtualMachines/jdk-15.0.2.jdk/Contents/Home/lib/libprefs.dylib
0x00007ff82863a000 	/System/Library/PrivateFrameworks/login.framework/Versions/A/login
0x00007ffb33c71000 	/usr/lib/libRosetta.dylib
0x0000000137792000 	/Users/aghajari/.openjfx/cache/17.0.1/libjavafx_iio.dylib


VM Arguments:
jvm_args: --add-modules=javafx.controls,javafx.fxml -javaagent:/Applications/IntelliJ IDEA.app/Contents/lib/idea_rt.jar=57172:/Applications/IntelliJ IDEA.app/Contents/bin -Dfile.encoding=UTF-8 --module-path=/Users/aghajari/IdeaProjects/Discord/target/classes:/Users/aghajari/.m2/repository/org/openjfx/javafx-controls/17.0.1/javafx-controls-17.0.1-mac.jar:/Users/aghajari/.m2/repository/org/openjfx/javafx-graphics/17.0.1/javafx-graphics-17.0.1.jar:/Users/aghajari/.m2/repository/org/openjfx/javafx-fxml/17.0.1/javafx-fxml-17.0.1-mac.jar:/Users/aghajari/.m2/repository/org/openjfx/javafx-controls/17.0.1/javafx-controls-17.0.1.jar:/Users/aghajari/.m2/repository/org/openjfx/javafx-graphics/17.0.1/javafx-graphics-17.0.1-mac.jar:/Users/aghajari/.m2/repository/org/openjfx/javafx-base/17.0.1/javafx-base-17.0.1.jar:/Users/aghajari/.m2/repository/org/openjfx/javafx-base/17.0.1/javafx-base-17.0.1-mac.jar:/Users/aghajari/.m2/repository/com/jfoenix/jfoenix/9.0.10/jfoenix-9.0.10.jar:/Users/aghajari/.m2/repository/com/squareup/retrofit2/retrofit/2.9.0/retrofit-2.9.0.jar:/Users/aghajari/.m2/repository/com/squareup/okhttp3/okhttp/3.14.9/okhttp-3.14.9.jar:/Users/aghajari/.m2/repository/com/squareup/okio/okio/1.17.2/okio-1.17.2.jar:/Users/aghajari/.m2/repository/com/squareup/retrofit2/converter-gson/2.9.0/converter-gson-2.9.0.jar:/Users/aghajari/.m2/repository/com/squareup/retrofit2/converter-scalars/2.9.0/converter-scalars-2.9.0.jar:/Users/aghajari/.m2/repository/com/google/code/gson/gson/2.9.0/gson-2.9.0.jar:/Users/aghajari/.m2/repository/io/github/palexdev/materialfx/11.13.5/materialfx-11.13.5.jar:/Users/aghajari/.m2/repository/io/github/palexdev/virtualizedfx/11.2.6/virtualizedfx-11.2.6.jar:/Users/aghajari/.m2/repository/com/github/jiconfont/jiconfont-javafx/1.0.0/jiconfont-javafx-1.0.0.jar:/Users/aghajari/.m2/repository/com/github/jiconfont/jiconfont/1.0.0/jiconfont-1.0.0.jar:/Users/aghajari/.m2/repository/com/github/jiconfont/jiconfont-google_material_design_icons/2.2.0.2/jiconfont-google_material_design_icons-2.2.0.2.jar -Djdk.module.main=Discord 
java_command: Discord/com.aghajari.Main
java_class_path (initial): <not set>
Launcher Type: SUN_STANDARD

[Global flags]
     intx CICompilerCount                          = 3                                         {product} {ergonomic}
     uint ConcGCThreads                            = 1                                         {product} {ergonomic}
     uint G1ConcRefinementThreads                  = 4                                         {product} {ergonomic}
   size_t G1HeapRegionSize                         = 1048576                                   {product} {ergonomic}
    uintx GCDrainStackTargetSize                   = 64                                        {product} {ergonomic}
   size_t InitialHeapSize                          = 134217728                                 {product} {ergonomic}
   size_t MarkStackSize                            = 4194304                                   {product} {ergonomic}
   size_t MaxHeapSize                              = 2147483648                                {product} {ergonomic}
   size_t MaxNewSize                               = 1287651328                                {product} {ergonomic}
   size_t MinHeapDeltaBytes                        = 1048576                                   {product} {ergonomic}
   size_t MinHeapSize                              = 8388608                                   {product} {ergonomic}
    uintx NonNMethodCodeHeapSize                   = 5832780                                {pd product} {ergonomic}
    uintx NonProfiledCodeHeapSize                  = 122912730                              {pd product} {ergonomic}
    uintx ProfiledCodeHeapSize                     = 122912730                              {pd product} {ergonomic}
    uintx ReservedCodeCacheSize                    = 251658240                              {pd product} {ergonomic}
     bool SegmentedCodeCache                       = true                                      {product} {ergonomic}
   size_t SoftMaxHeapSize                          = 2147483648                             {manageable} {ergonomic}
     bool UseCompressedClassPointers               = true                                 {lp64_product} {ergonomic}
     bool UseCompressedOops                        = true                                 {lp64_product} {ergonomic}
     bool UseG1GC                                  = true                                      {product} {ergonomic}
     bool UseNUMA                                  = false                                     {product} {ergonomic}
     bool UseNUMAInterleaving                      = false                                     {product} {ergonomic}

Logging:
Log output configuration:
 #0: stdout all=warning uptime,level,tags
 #1: stderr all=off uptime,level,tags

Environment Variables:
PATH=/usr/bin:/bin:/usr/sbin:/sbin
SHELL=/bin/zsh

Signal Handlers:
SIGSEGV: [libjvm.dylib+0x9ff2f0], sa_mask[0]=11111111011111110111111111111111, sa_flags=SA_ONSTACK|SA_RESTART|SA_SIGINFO
SIGBUS: [libjvm.dylib+0x9ff2f0], sa_mask[0]=11111111011111110111111111111111, sa_flags=SA_RESTART|SA_SIGINFO
SIGFPE: [libjvm.dylib+0x9ff2f0], sa_mask[0]=11111111011111110111111111111111, sa_flags=SA_RESTART|SA_SIGINFO
SIGPIPE: [libjvm.dylib+0x82ae30], sa_mask[0]=11111111011111110111111111111111, sa_flags=SA_RESTART|SA_SIGINFO
SIGXFSZ: [libjvm.dylib+0x82ae30], sa_mask[0]=11111111011111110111111111111111, sa_flags=SA_RESTART|SA_SIGINFO
SIGILL: [libjvm.dylib+0x9ff2f0], sa_mask[0]=11111111011111110111111111111111, sa_flags=SA_RESTART|SA_SIGINFO
SIGUSR2: [libjvm.dylib+0x82b940], sa_mask[0]=00100000000000000000000000000000, sa_flags=SA_RESTART|SA_SIGINFO
SIGHUP: [libjvm.dylib+0x82a040], sa_mask[0]=11111111011111110111111111111111, sa_flags=SA_RESTART|SA_SIGINFO
SIGINT: [libjvm.dylib+0x82a040], sa_mask[0]=11111111011111110111111111111111, sa_flags=SA_RESTART|SA_SIGINFO
SIGTERM: [libjvm.dylib+0x82a040], sa_mask[0]=11111111011111110111111111111111, sa_flags=SA_RESTART|SA_SIGINFO
SIGQUIT: [libjvm.dylib+0x82a040], sa_mask[0]=11111111011111110111111111111111, sa_flags=SA_RESTART|SA_SIGINFO


---------------  S Y S T E M  ---------------

OS:uname: Darwin 21.4.0 Darwin Kernel Version 21.4.0: Fri Mar 18 00:45:05 PDT 2022; root:xnu-8020.101.4~15/RELEASE_X86_64 x86_64
OS uptime: 4 days 11:45 hours
rlimit (soft/hard): STACK 8192k/65532k , CORE 0k/infinity , NPROC 1392/2088 , NOFILE 10240/infinity , AS infinity/infinity , CPU infinity/infinity , DATA infinity/infinity , FSIZE infinity/infinity , MEMLOCK infinity/infinity , RSS infinity/infinity
load average: 4.17 3.27 3.32

CPU: total 4 (initial active 4) (2 cores per cpu, 2 threads per core) family 6 model 142 stepping 9 microcode 0xec, cmov, cx8, fxsr, mmx, sse, sse2, sse3, ssse3, sse4.1, sse4.2, popcnt, vzeroupper, avx, avx2, aes, clmul, erms, rtm, 3dnowpref, lzcnt, ht, tsc, tscinvbit, bmi1, bmi2, adx, fma, clflush, clflushopt

Memory: 4k page, physical 8388608k(170788k free), swap 4194304k(570112k free)

vm_info: Java HotSpot(TM) 64-Bit Server VM (15.0.2+7-27) for bsd-amd64 JRE (15.0.2+7-27), built on Dec  7 2020 20:08:32 by "mach5one" with clang 4.2.1 Compatible Apple LLVM 10.0.0 (clang-1000.11.45.5)

END.
