#
# A fatal error has been detected by the Java Runtime Environment:
#
#  SIGSEGV (0xb) at pc=0x00000001078f9df0, pid=45740, tid=259
#
# JRE version: Java(TM) SE Runtime Environment (15.0.2+7) (build 15.0.2+7-27)
# Java VM: Java HotSpot(TM) 64-Bit Server VM (15.0.2+7-27, mixed mode, sharing, tiered, compressed oops, g1 gc, bsd-amd64)
# Problematic frame:
# V  [libjvm.dylib+0x28edf0]  ClassFileParser::ClassFileParser(ClassFileStream*, Symbol*, ClassLoaderData*, ClassLoadInfo const*, ClassFileParser::Publicity, Thread*)+0x200
#
# No core dump will be written. Core dumps have been disabled. To enable core dumping, try "ulimit -c unlimited" before starting Java again
#
# If you would like to submit a bug report, please visit:
#   https://bugreport.java.com/bugreport/crash.jsp
# The crash happened outside the Java Virtual Machine in native code.
# See problematic frame for where to report the bug.
#

---------------  S U M M A R Y ------------

Command Line: --add-modules=javafx.controls,javafx.fxml --add-opens=javafx.controls/com.sun.javafx.scene.control.skin=Discord -javaagent:/Applications/IntelliJ IDEA.app/Contents/lib/idea_rt.jar=51341:/Applications/IntelliJ IDEA.app/Contents/bin -Dfile.encoding=UTF-8 --module-path=/Users/aghajari/IdeaProjects/Discord/target/classes:/Users/aghajari/.m2/repository/org/openjfx/javafx-controls/17.0.1/javafx-controls-17.0.1-mac.jar:/Users/aghajari/.m2/repository/org/openjfx/javafx-graphics/17.0.1/javafx-graphics-17.0.1.jar:/Users/aghajari/.m2/repository/org/openjfx/javafx-fxml/17.0.1/javafx-fxml-17.0.1-mac.jar:/Users/aghajari/.m2/repository/org/openjfx/javafx-controls/17.0.1/javafx-controls-17.0.1.jar:/Users/aghajari/.m2/repository/org/openjfx/javafx-media/17.0.1/javafx-media-17.0.1-mac.jar:/Users/aghajari/.m2/repository/org/openjfx/javafx-graphics/17.0.1/javafx-graphics-17.0.1-mac.jar:/Users/aghajari/.m2/repository/org/openjfx/javafx-base/17.0.1/javafx-base-17.0.1.jar:/Users/aghajari/.m2/repository/org/openjfx/javafx-base/17.0.1/javafx-base-17.0.1-mac.jar:/Users/aghajari/.m2/repository/com/jfoenix/jfoenix/9.0.10/jfoenix-9.0.10.jar:/Users/aghajari/.m2/repository/com/squareup/retrofit2/retrofit/2.9.0/retrofit-2.9.0.jar:/Users/aghajari/.m2/repository/com/squareup/okhttp3/okhttp/3.14.9/okhttp-3.14.9.jar:/Users/aghajari/.m2/repository/com/squareup/okio/okio/1.17.2/okio-1.17.2.jar:/Users/aghajari/.m2/repository/com/squareup/retrofit2/converter-gson/2.9.0/converter-gson-2.9.0.jar:/Users/aghajari/.m2/repository/com/squareup/retrofit2/converter-scalars/2.9.0/converter-scalars-2.9.0.jar:/Users/aghajari/.m2/repository/com/google/code/gson/gson/2.9.0/gson-2.9.0.jar:/Users/aghajari/.m2/repository/io/github/palexdev/materialfx/11.13.5/materialfx-11.13.5.jar:/Users/aghajari/.m2/repository/io/github/palexdev/virtualizedfx/11.2.6/virtualizedfx-11.2.6.jar:/Users/aghajari/.m2/repository/com/github/jiconfont/jiconfont-javafx/1.0.0/jiconfont-javafx-1.0.0.jar:/Users/aghajari/.m2/repository/com/github/jiconfont/jiconfont/1.0.0/jiconfont-1.0.0.jar:/Users/aghajari/.m2/repository/com/github/jiconfont/jiconfont-google_material_design_icons/2.2.0.2/jiconfont-google_material_design_icons-2.2.0.2.jar -Djdk.module.main=Discord Discord/com.aghajari.Main --add-opens javafx.controls/com.sun.javafx.scene.control.skin=Discord

Host: MacBookPro14,1 x86_64 2300 MHz, 4 cores, 8G, Darwin 21.4.0
Time: Mon Jun 27 23:04:28 2022 +0430 elapsed time: 1.141344 seconds (0d 0h 0m 1s)

---------------  T H R E A D  ---------------

Current thread (0x00007fa7ec133000):  JavaThread "JavaFX Application Thread" [_thread_in_native, id=259, stack(0x00007ff7b910e000,0x00007ff7b990e000)]

Stack: [0x00007ff7b910e000,0x00007ff7b990e000],  sp=0x00007ff7b9907cb0,  free space=8167k
Native frames: (J=compiled Java code, A=aot compiled Java code, j=interpreted, Vv=VM code, C=native code)
V  [libjvm.dylib+0x28edf0]  ClassFileParser::ClassFileParser(ClassFileStream*, Symbol*, ClassLoaderData*, ClassLoadInfo const*, ClassFileParser::Publicity, Thread*)+0x200
V  [libjvm.dylib+0x69cb3b]  KlassFactory::create_from_stream(ClassFileStream*, Symbol*, ClassLoaderData*, ClassLoadInfo const&, Thread*)+0xcb
V  [libjvm.dylib+0x954674]  SystemDictionary::parse_stream(Symbol*, Handle, ClassFileStream*, ClassLoadInfo const&, Thread*)+0x114
V  [libjvm.dylib+0x549563]  JVM_LookupDefineClass+0x823
C  [libjava.dylib+0x1b52]  Java_java_lang_ClassLoader_defineClass0+0x192
j  java.lang.ClassLoader.defineClass0(Ljava/lang/ClassLoader;Ljava/lang/Class;Ljava/lang/String;[BIILjava/security/ProtectionDomain;ZILjava/lang/Object;)Ljava/lang/Class;+0 java.base@15.0.2
j  java.lang.System$2.defineClass(Ljava/lang/ClassLoader;Ljava/lang/Class;Ljava/lang/String;[BLjava/security/ProtectionDomain;ZILjava/lang/Object;)Ljava/lang/Class;+17 java.base@15.0.2
j  java.lang.invoke.MethodHandles$Lookup$ClassDefiner.defineClass(ZLjava/lang/Object;)Ljava/lang/Class;+54 java.base@15.0.2
j  java.lang.invoke.MethodHandles$Lookup$ClassDefiner.defineClassAsLookup(Z)Ljava/lang/invoke/MethodHandles$Lookup;+3 java.base@15.0.2
j  java.lang.invoke.MethodHandles$Lookup.defineHiddenClass([BZ[Ljava/lang/invoke/MethodHandles$Lookup$ClassOption;)Ljava/lang/invoke/MethodHandles$Lookup;+65 java.base@15.0.2
j  java.lang.invoke.InnerClassLambdaMetafactory.generateInnerClass()Ljava/lang/Class;+540 java.base@15.0.2
j  java.lang.invoke.InnerClassLambdaMetafactory.spinInnerClass()Ljava/lang/Class;+110 java.base@15.0.2
j  java.lang.invoke.InnerClassLambdaMetafactory.buildCallSite()Ljava/lang/invoke/CallSite;+1 java.base@15.0.2
j  java.lang.invoke.LambdaMetafactory.metafactory(Ljava/lang/invoke/MethodHandles$Lookup;Ljava/lang/String;Ljava/lang/invoke/MethodType;Ljava/lang/invoke/MethodType;Ljava/lang/invoke/MethodHandle;Ljava/lang/invoke/MethodType;)Ljava/lang/invoke/CallSite;+31 java.base@15.0.2
j  java.lang.invoke.DirectMethodHandle$Holder.invokeStatic(Ljava/lang/Object;Ljava/lang/Object;Ljava/lang/Object;Ljava/lang/Object;Ljava/lang/Object;Ljava/lang/Object;Ljava/lang/Object;)Ljava/lang/Object;+20 java.base@15.0.2
j  java.lang.invoke.Invokers$Holder.invokeExact_MT(Ljava/lang/Object;Ljava/lang/Object;Ljava/lang/Object;Ljava/lang/Object;Ljava/lang/Object;Ljava/lang/Object;Ljava/lang/Object;Ljava/lang/Object;)Ljava/lang/Object;+28 java.base@15.0.2
j  java.lang.invoke.BootstrapMethodInvoker.invoke(Ljava/lang/Class;Ljava/lang/invoke/MethodHandle;Ljava/lang/String;Ljava/lang/Object;Ljava/lang/Object;Ljava/lang/Class;)Ljava/lang/Object;+262 java.base@15.0.2
j  java.lang.invoke.CallSite.makeSite(Ljava/lang/invoke/MethodHandle;Ljava/lang/String;Ljava/lang/invoke/MethodType;Ljava/lang/Object;Ljava/lang/Class;)Ljava/lang/invoke/CallSite;+8 java.base@15.0.2
j  java.lang.invoke.MethodHandleNatives.linkCallSiteImpl(Ljava/lang/Class;Ljava/lang/invoke/MethodHandle;Ljava/lang/String;Ljava/lang/invoke/MethodType;Ljava/lang/Object;[Ljava/lang/Object;)Ljava/lang/invoke/MemberName;+6 java.base@15.0.2
j  java.lang.invoke.MethodHandleNatives.linkCallSite(Ljava/lang/Object;ILjava/lang/Object;Ljava/lang/Object;Ljava/lang/Object;Ljava/lang/Object;[Ljava/lang/Object;)Ljava/lang/invoke/MemberName;+46 java.base@15.0.2
v  ~StubRoutines::call_stub
V  [libjvm.dylib+0x4adf62]  JavaCalls::call_helper(JavaValue*, methodHandle const&, JavaCallArguments*, Thread*)+0x2e2
V  [libjvm.dylib+0x4ad5db]  JavaCalls::call_static(JavaValue*, Klass*, Symbol*, Symbol*, JavaCallArguments*, Thread*)+0x1ab
V  [libjvm.dylib+0x95969e]  SystemDictionary::invoke_bootstrap_method(BootstrapInfo&, Thread*)+0x2ce
V  [libjvm.dylib+0x6cbb2e]  LinkResolver::resolve_dynamic_call(CallInfo&, BootstrapInfo&, Thread*)+0x1e
V  [libjvm.dylib+0x6cb6a2]  LinkResolver::resolve_invokedynamic(CallInfo&, constantPoolHandle const&, int, Thread*)+0x82
V  [libjvm.dylib+0x4a7195]  InterpreterRuntime::resolve_invokedynamic(JavaThread*)+0x205
V  [libjvm.dylib+0x4a7312]  InterpreterRuntime::resolve_from_cache(JavaThread*, Bytecodes::Code)+0x112
j  com.sun.javafx.tk.quantum.QuantumRenderer.createResourceFactory()V+10 javafx.graphics
j  com.sun.javafx.tk.quantum.QuantumToolkit.runToolkit()V+40 javafx.graphics
j  com.sun.javafx.tk.quantum.QuantumToolkit.lambda$startup$10()V+1 javafx.graphics
j  com.sun.javafx.tk.quantum.QuantumToolkit$$Lambda$101+0x0000000800bc27c0.run()V+4 javafx.graphics
j  com.sun.glass.ui.Application.lambda$run$1(Ljava/lang/Runnable;)V+4 javafx.graphics
j  com.sun.glass.ui.Application$$Lambda$106+0x0000000800bc7548.run()V+4 javafx.graphics
j  com.sun.glass.ui.mac.MacApplication.lambda$runLoop$3(Ljava/lang/Runnable;)V+12 javafx.graphics
j  com.sun.glass.ui.mac.MacApplication$$Lambda$107+0x0000000800bc7770.run()V+8 javafx.graphics
v  ~StubRoutines::call_stub
V  [libjvm.dylib+0x4adf62]  JavaCalls::call_helper(JavaValue*, methodHandle const&, JavaCallArguments*, Thread*)+0x2e2
V  [libjvm.dylib+0x505d27]  jni_invoke_nonstatic(JNIEnv_*, JavaValue*, _jobject*, JNICallType, _jmethodID*, JNI_ArgumentPusher*, Thread*)+0x397
V  [libjvm.dylib+0x50a3db]  jni_CallVoidMethod+0x19b
C  [libglass.dylib+0x8582]  -[GlassApplication applicationWillFinishLaunching:]+0x192
C  [CoreFoundation+0x7503c]  __CFNOTIFICATIONCENTER_IS_CALLING_OUT_TO_AN_OBSERVER__+0xc
C  [CoreFoundation+0x112592]  ___CFXRegistrationPost_block_invoke+0x31
C  [CoreFoundation+0x112510]  _CFXRegistrationPost+0x1f0
C  [CoreFoundation+0x46ca8]  _CFXNotificationPost+0x2df
C  [Foundation+0x990e]  -[NSNotificationCenter postNotificationName:object:userInfo:]+0x52
C  [AppKit+0x2f54f]  -[NSApplication finishLaunching]+0x147
C  [AppKit+0x2f159]  -[NSApplication run]+0xfa
C  [libglass.dylib+0xa2a5]  -[GlassApplication runLoop:]+0x795
C  [Foundation+0x81857]  __NSThreadPerformPerform+0xb3
C  [CoreFoundation+0x7faeb]  __CFRUNLOOP_IS_CALLING_OUT_TO_A_SOURCE0_PERFORM_FUNCTION__+0x11
C  [CoreFoundation+0x7fa53]  __CFRunLoopDoSource0+0xb4
C  [CoreFoundation+0x7f7cd]  __CFRunLoopDoSources0+0xf2
C  [CoreFoundation+0x7e1e8]  __CFRunLoopRun+0x37c
C  [CoreFoundation+0x7d7ac]  CFRunLoopRunSpecific+0x232
C  [libjli.dylib+0x6e32]  CreateExecutionEnvironment+0x192
C  [libjli.dylib+0x2674]  JLI_Launch+0x614
C  [java+0xc16]  main+0x196
C  0x00000001162bb51e

Java frames: (J=compiled Java code, j=interpreted, Vv=VM code)
j  java.lang.ClassLoader.defineClass0(Ljava/lang/ClassLoader;Ljava/lang/Class;Ljava/lang/String;[BIILjava/security/ProtectionDomain;ZILjava/lang/Object;)Ljava/lang/Class;+0 java.base@15.0.2
j  java.lang.System$2.defineClass(Ljava/lang/ClassLoader;Ljava/lang/Class;Ljava/lang/String;[BLjava/security/ProtectionDomain;ZILjava/lang/Object;)Ljava/lang/Class;+17 java.base@15.0.2
j  java.lang.invoke.MethodHandles$Lookup$ClassDefiner.defineClass(ZLjava/lang/Object;)Ljava/lang/Class;+54 java.base@15.0.2
j  java.lang.invoke.MethodHandles$Lookup$ClassDefiner.defineClassAsLookup(Z)Ljava/lang/invoke/MethodHandles$Lookup;+3 java.base@15.0.2
j  java.lang.invoke.MethodHandles$Lookup.defineHiddenClass([BZ[Ljava/lang/invoke/MethodHandles$Lookup$ClassOption;)Ljava/lang/invoke/MethodHandles$Lookup;+65 java.base@15.0.2
j  java.lang.invoke.InnerClassLambdaMetafactory.generateInnerClass()Ljava/lang/Class;+540 java.base@15.0.2
j  java.lang.invoke.InnerClassLambdaMetafactory.spinInnerClass()Ljava/lang/Class;+110 java.base@15.0.2
j  java.lang.invoke.InnerClassLambdaMetafactory.buildCallSite()Ljava/lang/invoke/CallSite;+1 java.base@15.0.2
j  java.lang.invoke.LambdaMetafactory.metafactory(Ljava/lang/invoke/MethodHandles$Lookup;Ljava/lang/String;Ljava/lang/invoke/MethodType;Ljava/lang/invoke/MethodType;Ljava/lang/invoke/MethodHandle;Ljava/lang/invoke/MethodType;)Ljava/lang/invoke/CallSite;+31 java.base@15.0.2
j  java.lang.invoke.DirectMethodHandle$Holder.invokeStatic(Ljava/lang/Object;Ljava/lang/Object;Ljava/lang/Object;Ljava/lang/Object;Ljava/lang/Object;Ljava/lang/Object;Ljava/lang/Object;)Ljava/lang/Object;+20 java.base@15.0.2
j  java.lang.invoke.Invokers$Holder.invokeExact_MT(Ljava/lang/Object;Ljava/lang/Object;Ljava/lang/Object;Ljava/lang/Object;Ljava/lang/Object;Ljava/lang/Object;Ljava/lang/Object;Ljava/lang/Object;)Ljava/lang/Object;+28 java.base@15.0.2
j  java.lang.invoke.BootstrapMethodInvoker.invoke(Ljava/lang/Class;Ljava/lang/invoke/MethodHandle;Ljava/lang/String;Ljava/lang/Object;Ljava/lang/Object;Ljava/lang/Class;)Ljava/lang/Object;+262 java.base@15.0.2
j  java.lang.invoke.CallSite.makeSite(Ljava/lang/invoke/MethodHandle;Ljava/lang/String;Ljava/lang/invoke/MethodType;Ljava/lang/Object;Ljava/lang/Class;)Ljava/lang/invoke/CallSite;+8 java.base@15.0.2
j  java.lang.invoke.MethodHandleNatives.linkCallSiteImpl(Ljava/lang/Class;Ljava/lang/invoke/MethodHandle;Ljava/lang/String;Ljava/lang/invoke/MethodType;Ljava/lang/Object;[Ljava/lang/Object;)Ljava/lang/invoke/MemberName;+6 java.base@15.0.2
j  java.lang.invoke.MethodHandleNatives.linkCallSite(Ljava/lang/Object;ILjava/lang/Object;Ljava/lang/Object;Ljava/lang/Object;Ljava/lang/Object;[Ljava/lang/Object;)Ljava/lang/invoke/MemberName;+46 java.base@15.0.2
v  ~StubRoutines::call_stub
j  com.sun.javafx.tk.quantum.QuantumRenderer.createResourceFactory()V+10 javafx.graphics
j  com.sun.javafx.tk.quantum.QuantumToolkit.runToolkit()V+40 javafx.graphics
j  com.sun.javafx.tk.quantum.QuantumToolkit.lambda$startup$10()V+1 javafx.graphics
j  com.sun.javafx.tk.quantum.QuantumToolkit$$Lambda$101+0x0000000800bc27c0.run()V+4 javafx.graphics
j  com.sun.glass.ui.Application.lambda$run$1(Ljava/lang/Runnable;)V+4 javafx.graphics
j  com.sun.glass.ui.Application$$Lambda$106+0x0000000800bc7548.run()V+4 javafx.graphics
j  com.sun.glass.ui.mac.MacApplication.lambda$runLoop$3(Ljava/lang/Runnable;)V+12 javafx.graphics
j  com.sun.glass.ui.mac.MacApplication$$Lambda$107+0x0000000800bc7770.run()V+8 javafx.graphics
v  ~StubRoutines::call_stub

siginfo: si_signo: 11 (SIGSEGV), si_code: 0 (unknown), si_addr: 0x0000000000000000

Register to memory mapping:

RAX=0xf0e4087cf0e26c82 is an unknown value
RBX=0x00007fa7ec133000 is a thread
RCX=0x0000000000500001 is an unknown value
RDX=0x0000000000500002 is an unknown value
RSP=0x00007ff7b9907cb0 is pointing into the stack for thread: 0x00007fa7ec133000
RBP=0x00007ff7b9907ce0 is pointing into the stack for thread: 0x00007fa7ec133000
RSI=0x00007ff7b9908098 is pointing into the stack for thread: 0x00007fa7ec133000
RDI=0x0000600002befcc0 points into unknown readable memory: 0x6f63003500500002 | 02 00 50 00 35 00 63 6f
R8 =0x00007ff7b9908010 is pointing into the stack for thread: 0x00007fa7ec133000
R9 =0x0000000000000001 is an unknown value
R10=0x0 is NULL
R11=0x0000000000000001 is an unknown value
R12=0x00007ff7b9908098 is pointing into the stack for thread: 0x00007fa7ec133000
R13=0x00007ff7b9908098 is pointing into the stack for thread: 0x00007fa7ec133000
R14=0x00007ff7b9907d88 is pointing into the stack for thread: 0x00007fa7ec133000
R15=0x00007ff7b9908098 is pointing into the stack for thread: 0x00007fa7ec133000


Registers:
RAX=0xf0e4087cf0e26c82, RBX=0x00007fa7ec133000, RCX=0x0000000000500001, RDX=0x0000000000500002
RSP=0x00007ff7b9907cb0, RBP=0x00007ff7b9907ce0, RSI=0x00007ff7b9908098, RDI=0x0000600002befcc0
R8 =0x00007ff7b9908010, R9 =0x0000000000000001, R10=0x0000000000000000, R11=0x0000000000000001
R12=0x00007ff7b9908098, R13=0x00007ff7b9908098, R14=0x00007ff7b9907d88, R15=0x00007ff7b9908098
RIP=0x00000001078f9df0, EFLAGS=0x0000000000010246, ERR=0x0000000000000000
  TRAPNO=0x000000000000000d

Top of Stack: (sp=0x00007ff7b9907cb0)
0x00007ff7b9907cb0:   00007ff7b9908c40 00007ff7b9908010
0x00007ff7b9907cc0:   00007ff7b9908098 00007ff7b9908098
0x00007ff7b9907cd0:   0000600002befcc0 00007fa7ec133000
0x00007ff7b9907ce0:   00007ff7b9907f80 0000000107d07b3b
0x00007ff7b9907cf0:   00007fa7ec133000 00007fa7ec133000
0x00007ff7b9907d00:   0000600002bdb580 00007fa7ec128800
0x00007ff7b9907d10:   00007fa7ec128878 00007fa7ec1307e8
0x00007ff7b9907d20:   00000000000080b0 00007ff7b9908c40
0x00007ff7b9907d30:   00007fa7eb91be30 00007fa7eb91be70
0x00007ff7b9907d40:   0000000000000000 00006000030a7750
0x00007ff7b9907d50:   00007fa7eb91c218 00000000000003d8
0x00007ff7b9907d60:   00000010eb92be70 0000000000000000
0x00007ff7b9907d70:   f0e4087cf0e26c82 0000000000000000
0x00007ff7b9907d80:   0000000106724000 00007ff7b9908098
0x00007ff7b9907d90:   0000600002befcc0 f0e4087cf0e26c82
0x00007ff7b9907da0:   0000000000000000 0000000000000000
0x00007ff7b9907db0:   0000000000000001 0000000000000000
0x00007ff7b9907dc0:   0000000100000000 0000000000000000
0x00007ff7b9907dd0:   0000000000000000 0000000000000000
0x00007ff7b9907de0:   0000000000000000 0000000000000000
0x00007ff7b9907df0:   0000000000000000 00007ff814970000
0x00007ff7b9907e00:   0000000000000000 0000000000000000
0x00007ff7b9907e10:   0000000000000000 0000000000000000
0x00007ff7b9907e20:   0000000000000000 0000000000000000
0x00007ff7b9907e30:   0000000000000000 0000000000000000
0x00007ff7b9907e40:   0000000000000000 0000000000000000
0x00007ff7b9907e50:   0000000000000000 0000000000000000
0x00007ff7b9907e60:   0000000000000000 0000000000000000
0x00007ff7b9907e70:   0000000000000000 0000000000000000
0x00007ff7b9907e80:   0000000000000010 000000000000000a
0x00007ff7b9907e90:   00007ff7b9907ee0 000000010777a1e5
0x00007ff7b9907ea0:   0000000000000000 0000000000000000 

Instructions: (pc=0x00000001078f9df0)
0x00000001078f9cf0:   00 00 00 00 00 00 00 49 c7 86 98 00 00 00 00 00
0x00000001078f9d00:   00 00 49 c7 86 90 00 00 00 00 00 00 00 49 c7 86
0x00000001078f9d10:   88 00 00 00 00 00 00 00 49 c7 86 80 00 00 00 00
0x00000001078f9d20:   00 00 00 49 c7 46 78 00 00 00 00 49 c7 86 80 01
0x00000001078f9d30:   00 00 00 00 00 00 49 c7 86 78 01 00 00 00 00 00
0x00000001078f9d40:   00 49 8b 00 49 89 86 88 01 00 00 41 c7 86 90 01
0x00000001078f9d50:   00 00 00 00 00 00 45 89 8e 94 01 00 00 66 41 c7
0x00000001078f9d60:   86 98 01 00 00 00 00 41 c6 86 9a 01 00 00 00 49
0x00000001078f9d70:   c7 86 b9 01 00 00 00 00 00 00 49 c7 86 b4 01 00
0x00000001078f9d80:   00 00 00 00 00 49 c7 86 ac 01 00 00 00 00 00 00
0x00000001078f9d90:   49 c7 86 a4 01 00 00 00 00 00 00 49 c7 86 9c 01
0x00000001078f9da0:   00 00 00 00 00 00 41 c7 86 c4 01 00 00 ff ff ff
0x00000001078f9db0:   ff 48 85 d2 75 0e 48 8d 05 d3 81 9b 00 48 8b 90
0x00000001078f9dc0:   58 1d 00 00 49 89 56 08 48 89 d7 e8 d0 6d 6b 00
0x00000001078f9dd0:   48 8d 05 f7 a3 98 00 80 38 00 74 10 41 80 7f 28
0x00000001078f9de0:   00 74 28 48 8d 05 3e 82 92 00 eb 26 49 8b 46 10
0x00000001078f9df0:   48 8b 78 08 48 85 ff 0f 84 fe 00 00 00 ff 15 2d
0x00000001078f9e00:   69 92 00 48 89 c7 e9 f2 00 00 00 48 8d 05 5b a2
0x00000001078f9e10:   98 00 8a 00 24 01 41 88 86 b8 01 00 00 49 8b 4e
0x00000001078f9e20:   20 48 85 c9 0f 84 f1 00 00 00 44 8b 21 45 85 e4
0x00000001078f9e30:   0f 8e e5 00 00 00 48 89 5d d0 49 ff cc 31 db 48
0x00000001078f9e40:   85 c9 75 18 e9 87 00 00 00 0f 1f 80 00 00 00 00
0x00000001078f9e50:   48 ff c3 49 8b 4e 20 48 85 c9 74 74 48 63 01 48
0x00000001078f9e60:   39 c3 7d 6c 48 8b 41 18 4c 8b 2c d8 4d 85 ed 74
0x00000001078f9e70:   5f 49 8b 7d 00 e8 c6 fb 21 00 84 c0 74 0b 41 ff
0x00000001078f9e80:   46 30 49 39 dc 75 c9 eb 65 49 8b 45 00 48 85 c0
0x00000001078f9e90:   74 3e 48 8d 0d a0 a1 98 00 80 39 00 74 3d 8b 40
0x00000001078f9ea0:   08 48 8d 0d 80 61 92 00 48 89 ca 8a 4a 08 48 d3
0x00000001078f9eb0:   e0 48 03 02 48 8d 0d d5 e6 99 00 48 3b 41 18 74
0x00000001078f9ec0:   bd 66 66 66 66 66 66 2e 0f 1f 84 00 00 00 00 00
0x00000001078f9ed0:   49 39 dc 0f 85 77 ff ff ff eb 13 48 8b 40 08 48
0x00000001078f9ee0:   8d 0d aa e6 99 00 48 3b 41 18 75 e4 eb 90 41 8a 


Stack slot to memory mapping:
stack at sp + 0 slots: 0x00007ff7b9908c40 is pointing into the stack for thread: 0x00007fa7ec133000
stack at sp + 1 slots: 0x00007ff7b9908010 is pointing into the stack for thread: 0x00007fa7ec133000
stack at sp + 2 slots: 0x00007ff7b9908098 is pointing into the stack for thread: 0x00007fa7ec133000
stack at sp + 3 slots: 0x00007ff7b9908098 is pointing into the stack for thread: 0x00007fa7ec133000
stack at sp + 4 slots: 0x0000600002befcc0 points into unknown readable memory: 0x6f63003500500002 | 02 00 50 00 35 00 63 6f
stack at sp + 5 slots: 0x00007fa7ec133000 is a thread
stack at sp + 6 slots: 0x00007ff7b9907f80 is pointing into the stack for thread: 0x00007fa7ec133000
stack at sp + 7 slots: 0x0000000107d07b3b: _ZN12KlassFactory18create_from_streamEP15ClassFileStreamP6SymbolP15ClassLoaderDataRK13ClassLoadInfoP6Thread+0xcb in /Library/Java/JavaVirtualMachines/jdk-15.0.2.jdk/Contents/Home/lib/server/libjvm.dylib at 0x000000010766b000


---------------  P R O C E S S  ---------------

Threads class SMR info:
_java_thread_list=0x0000600003ed4bc0, length=16, elements={
0x00007fa7ec00d400, 0x00007fa7ec08a200, 0x00007fa7ed00a800, 0x00007fa7ec80b200,
0x00007fa7eb030a00, 0x00007fa7ec08b800, 0x00007fa7eb035000, 0x00007fa7eb035600,
0x00007fa7ec825400, 0x00007fa7ec134000, 0x00007fa7ec1fce00, 0x00007fa7eb032e00,
0x00007fa7ec82ae00, 0x00007fa7eb099000, 0x00007fa7ec133000, 0x00007fa7ec24c400
}

Java Threads: ( => current thread )
  0x00007fa7ec00d400 JavaThread "main" [_thread_blocked, id=9731, stack(0x000070000c56d000,0x000070000c66d000)]
  0x00007fa7ec08a200 JavaThread "Reference Handler" daemon [_thread_blocked, id=17155, stack(0x000070000cc82000,0x000070000cd82000)]
  0x00007fa7ed00a800 JavaThread "Finalizer" daemon [_thread_blocked, id=16643, stack(0x000070000cd85000,0x000070000ce85000)]
  0x00007fa7ec80b200 JavaThread "Signal Dispatcher" daemon [_thread_blocked, id=23043, stack(0x000070000cf8e000,0x000070000d08e000)]
  0x00007fa7eb030a00 JavaThread "Service Thread" daemon [_thread_blocked, id=41987, stack(0x000070000d091000,0x000070000d191000)]
  0x00007fa7ec08b800 JavaThread "C2 CompilerThread0" daemon [_thread_blocked, id=41475, stack(0x000070000d194000,0x000070000d294000)]
  0x00007fa7eb035000 JavaThread "C1 CompilerThread0" daemon [_thread_blocked, id=24835, stack(0x000070000d297000,0x000070000d397000)]
  0x00007fa7eb035600 JavaThread "Sweeper thread" daemon [_thread_blocked, id=25347, stack(0x000070000d39a000,0x000070000d49a000)]
  0x00007fa7ec825400 JavaThread "Common-Cleaner" daemon [_thread_blocked, id=26371, stack(0x000070000d49d000,0x000070000d59d000)]
  0x00007fa7ec134000 JavaThread "Monitor Ctrl-Break" daemon [_thread_in_native, id=40195, stack(0x000070000d6a3000,0x000070000d7a3000)]
  0x00007fa7ec1fce00 JavaThread "Notification Thread" daemon [_thread_blocked, id=39683, stack(0x000070000d7a6000,0x000070000d8a6000)]
  0x00007fa7eb032e00 JavaThread "JavaFX-Launcher" [_thread_blocked, id=38659, stack(0x000070000d9ac000,0x000070000daac000)]
  0x00007fa7ec82ae00 JavaThread "QuantumRenderer-0" daemon [_thread_blocked, id=38147, stack(0x000070000daaf000,0x000070000dbaf000)]
  0x00007fa7eb099000 JavaThread "InvokeLaterDispatcher" daemon [_thread_blocked, id=44035, stack(0x000070000debb000,0x000070000dfbb000)]
=>0x00007fa7ec133000 JavaThread "JavaFX Application Thread" [_thread_in_native, id=259, stack(0x00007ff7b910e000,0x00007ff7b990e000)]
  0x00007fa7ec24c400 JavaThread "Attach Listener" daemon [_thread_blocked, id=50951, stack(0x000070000e041000,0x000070000e141000)]

Other Threads:
  0x00007fa7eba05000 VMThread "VM Thread" [stack: 0x000070000cb7f000,0x000070000cc7f000] [id=18179]
  0x00007fa7eb91acd0 WatcherThread [stack: 0x000070000d8a9000,0x000070000d9a9000] [id=39171]
  0x00007fa7eb907200 GCTaskThread "GC Thread#0" [stack: 0x000070000c670000,0x000070000c770000] [id=12291]
  0x00007fa7eba25ad0 GCTaskThread "GC Thread#1" [stack: 0x000070000dbb2000,0x000070000dcb2000] [id=33027]
  0x00007fa7eb921fc0 GCTaskThread "GC Thread#2" [stack: 0x000070000dcb5000,0x000070000ddb5000] [id=33283]
  0x00007fa7eb9224b0 GCTaskThread "GC Thread#3" [stack: 0x000070000ddb8000,0x000070000deb8000] [id=33539]
  0x00007fa7eaf04b10 ConcurrentGCThread "G1 Main Marker" [stack: 0x000070000c773000,0x000070000c873000] [id=19459]
  0x00007fa7eaf055e0 ConcurrentGCThread "G1 Conc#0" [stack: 0x000070000c876000,0x000070000c976000] [id=13315]
  0x00007fa7eb911800 ConcurrentGCThread "G1 Refine#0" [stack: 0x000070000c979000,0x000070000ca79000] [id=13827]
  0x00007fa7eb9122e0 ConcurrentGCThread "G1 Young RemSet Sampling" [stack: 0x000070000ca7c000,0x000070000cb7c000] [id=14083]

Threads with active compile tasks:

VM state: not at safepoint (normal execution)

VM Mutex/Monitor currently owned by a thread: None

Heap address: 0x0000000780000000, size: 2048 MB, Compressed Oops mode: Zero based, Oop shift amount: 3
CDS archive(s) mapped at: [0x0000000800000000-0x0000000800b2d000-0x0000000800b2d000), size 11718656, SharedBaseAddress: 0x0000000800000000, ArchiveRelocationMode: 0.
Compressed class space mapped at: 0x0000000800b30000-0x0000000840b30000, size: 1073741824
Narrow klass base: 0x0000000800000000, Narrow klass shift: 3, Narrow klass range: 0x100000000

GC Precious Log:
 CPUs: 4 total, 4 available
 Memory: 8192M
 Large Page Support: Disabled
 NUMA Support: Disabled
 Compressed Oops: Enabled (Zero based)
 Heap Region Size: 1M
 Heap Min Capacity: 8M
 Heap Initial Capacity: 128M
 Heap Max Capacity: 2G
 Pre-touch: Disabled
 Parallel Workers: 4
 Concurrent Workers: 1
 Concurrent Refinement Workers: 4
 Periodic GC: Disabled

Heap:
 garbage-first heap   total 133120K, used 2421K [0x0000000780000000, 0x0000000800000000)
  region size 1024K, 3 young (3072K), 2 survivors (2048K)
 Metaspace       used 3861K, capacity 6252K, committed 6528K, reserved 1056768K
  class space    used 425K, capacity 631K, committed 640K, reserved 1048576K

Heap Regions: E=young(eden), S=young(survivor), O=old, HS=humongous(starts), HC=humongous(continues), CS=collection set, F=free, OA=open archive, CA=closed archive, TAMS=top-at-mark-start (previous, next)
|   0|0x0000000780000000, 0x0000000780000000, 0x0000000780100000|  0%| F|  |TAMS 0x0000000780000000, 0x0000000780000000| Untracked 
|   1|0x0000000780100000, 0x0000000780100000, 0x0000000780200000|  0%| F|  |TAMS 0x0000000780100000, 0x0000000780100000| Untracked 
|   2|0x0000000780200000, 0x0000000780200000, 0x0000000780300000|  0%| F|  |TAMS 0x0000000780200000, 0x0000000780200000| Untracked 
|   3|0x0000000780300000, 0x0000000780300000, 0x0000000780400000|  0%| F|  |TAMS 0x0000000780300000, 0x0000000780300000| Untracked 
|   4|0x0000000780400000, 0x0000000780400000, 0x0000000780500000|  0%| F|  |TAMS 0x0000000780400000, 0x0000000780400000| Untracked 
|   5|0x0000000780500000, 0x0000000780500000, 0x0000000780600000|  0%| F|  |TAMS 0x0000000780500000, 0x0000000780500000| Untracked 
|   6|0x0000000780600000, 0x0000000780600000, 0x0000000780700000|  0%| F|  |TAMS 0x0000000780600000, 0x0000000780600000| Untracked 
|   7|0x0000000780700000, 0x0000000780700000, 0x0000000780800000|  0%| F|  |TAMS 0x0000000780700000, 0x0000000780700000| Untracked 
|   8|0x0000000780800000, 0x0000000780800000, 0x0000000780900000|  0%| F|  |TAMS 0x0000000780800000, 0x0000000780800000| Untracked 
|   9|0x0000000780900000, 0x0000000780900000, 0x0000000780a00000|  0%| F|  |TAMS 0x0000000780900000, 0x0000000780900000| Untracked 
|  10|0x0000000780a00000, 0x0000000780a00000, 0x0000000780b00000|  0%| F|  |TAMS 0x0000000780a00000, 0x0000000780a00000| Untracked 
|  11|0x0000000780b00000, 0x0000000780b00000, 0x0000000780c00000|  0%| F|  |TAMS 0x0000000780b00000, 0x0000000780b00000| Untracked 
|  12|0x0000000780c00000, 0x0000000780c00000, 0x0000000780d00000|  0%| F|  |TAMS 0x0000000780c00000, 0x0000000780c00000| Untracked 
|  13|0x0000000780d00000, 0x0000000780d00000, 0x0000000780e00000|  0%| F|  |TAMS 0x0000000780d00000, 0x0000000780d00000| Untracked 
|  14|0x0000000780e00000, 0x0000000780e00000, 0x0000000780f00000|  0%| F|  |TAMS 0x0000000780e00000, 0x0000000780e00000| Untracked 
|  15|0x0000000780f00000, 0x0000000780f00000, 0x0000000781000000|  0%| F|  |TAMS 0x0000000780f00000, 0x0000000780f00000| Untracked 
|  16|0x0000000781000000, 0x0000000781000000, 0x0000000781100000|  0%| F|  |TAMS 0x0000000781000000, 0x0000000781000000| Untracked 
|  17|0x0000000781100000, 0x0000000781100000, 0x0000000781200000|  0%| F|  |TAMS 0x0000000781100000, 0x0000000781100000| Untracked 
|  18|0x0000000781200000, 0x0000000781200000, 0x0000000781300000|  0%| F|  |TAMS 0x0000000781200000, 0x0000000781200000| Untracked 
|  19|0x0000000781300000, 0x0000000781300000, 0x0000000781400000|  0%| F|  |TAMS 0x0000000781300000, 0x0000000781300000| Untracked 
|  20|0x0000000781400000, 0x0000000781400000, 0x0000000781500000|  0%| F|  |TAMS 0x0000000781400000, 0x0000000781400000| Untracked 
|  21|0x0000000781500000, 0x0000000781500000, 0x0000000781600000|  0%| F|  |TAMS 0x0000000781500000, 0x0000000781500000| Untracked 
|  22|0x0000000781600000, 0x0000000781600000, 0x0000000781700000|  0%| F|  |TAMS 0x0000000781600000, 0x0000000781600000| Untracked 
|  23|0x0000000781700000, 0x0000000781700000, 0x0000000781800000|  0%| F|  |TAMS 0x0000000781700000, 0x0000000781700000| Untracked 
|  24|0x0000000781800000, 0x0000000781800000, 0x0000000781900000|  0%| F|  |TAMS 0x0000000781800000, 0x0000000781800000| Untracked 
|  25|0x0000000781900000, 0x0000000781900000, 0x0000000781a00000|  0%| F|  |TAMS 0x0000000781900000, 0x0000000781900000| Untracked 
|  26|0x0000000781a00000, 0x0000000781a00000, 0x0000000781b00000|  0%| F|  |TAMS 0x0000000781a00000, 0x0000000781a00000| Untracked 
|  27|0x0000000781b00000, 0x0000000781b00000, 0x0000000781c00000|  0%| F|  |TAMS 0x0000000781b00000, 0x0000000781b00000| Untracked 
|  28|0x0000000781c00000, 0x0000000781c00000, 0x0000000781d00000|  0%| F|  |TAMS 0x0000000781c00000, 0x0000000781c00000| Untracked 
|  29|0x0000000781d00000, 0x0000000781d00000, 0x0000000781e00000|  0%| F|  |TAMS 0x0000000781d00000, 0x0000000781d00000| Untracked 
|  30|0x0000000781e00000, 0x0000000781e00000, 0x0000000781f00000|  0%| F|  |TAMS 0x0000000781e00000, 0x0000000781e00000| Untracked 
|  31|0x0000000781f00000, 0x0000000781f00000, 0x0000000782000000|  0%| F|  |TAMS 0x0000000781f00000, 0x0000000781f00000| Untracked 
|  32|0x0000000782000000, 0x0000000782000000, 0x0000000782100000|  0%| F|  |TAMS 0x0000000782000000, 0x0000000782000000| Untracked 
|  33|0x0000000782100000, 0x0000000782100000, 0x0000000782200000|  0%| F|  |TAMS 0x0000000782100000, 0x0000000782100000| Untracked 
|  34|0x0000000782200000, 0x0000000782200000, 0x0000000782300000|  0%| F|  |TAMS 0x0000000782200000, 0x0000000782200000| Untracked 
|  35|0x0000000782300000, 0x0000000782300000, 0x0000000782400000|  0%| F|  |TAMS 0x0000000782300000, 0x0000000782300000| Untracked 
|  36|0x0000000782400000, 0x0000000782400000, 0x0000000782500000|  0%| F|  |TAMS 0x0000000782400000, 0x0000000782400000| Untracked 
|  37|0x0000000782500000, 0x0000000782500000, 0x0000000782600000|  0%| F|  |TAMS 0x0000000782500000, 0x0000000782500000| Untracked 
|  38|0x0000000782600000, 0x0000000782600000, 0x0000000782700000|  0%| F|  |TAMS 0x0000000782600000, 0x0000000782600000| Untracked 
|  39|0x0000000782700000, 0x0000000782700000, 0x0000000782800000|  0%| F|  |TAMS 0x0000000782700000, 0x0000000782700000| Untracked 
|  40|0x0000000782800000, 0x0000000782800000, 0x0000000782900000|  0%| F|  |TAMS 0x0000000782800000, 0x0000000782800000| Untracked 
|  41|0x0000000782900000, 0x0000000782900000, 0x0000000782a00000|  0%| F|  |TAMS 0x0000000782900000, 0x0000000782900000| Untracked 
|  42|0x0000000782a00000, 0x0000000782a00000, 0x0000000782b00000|  0%| F|  |TAMS 0x0000000782a00000, 0x0000000782a00000| Untracked 
|  43|0x0000000782b00000, 0x0000000782b00000, 0x0000000782c00000|  0%| F|  |TAMS 0x0000000782b00000, 0x0000000782b00000| Untracked 
|  44|0x0000000782c00000, 0x0000000782c00000, 0x0000000782d00000|  0%| F|  |TAMS 0x0000000782c00000, 0x0000000782c00000| Untracked 
|  45|0x0000000782d00000, 0x0000000782d00000, 0x0000000782e00000|  0%| F|  |TAMS 0x0000000782d00000, 0x0000000782d00000| Untracked 
|  46|0x0000000782e00000, 0x0000000782e00000, 0x0000000782f00000|  0%| F|  |TAMS 0x0000000782e00000, 0x0000000782e00000| Untracked 
|  47|0x0000000782f00000, 0x0000000782f00000, 0x0000000783000000|  0%| F|  |TAMS 0x0000000782f00000, 0x0000000782f00000| Untracked 
|  48|0x0000000783000000, 0x0000000783000000, 0x0000000783100000|  0%| F|  |TAMS 0x0000000783000000, 0x0000000783000000| Untracked 
|  49|0x0000000783100000, 0x0000000783100000, 0x0000000783200000|  0%| F|  |TAMS 0x0000000783100000, 0x0000000783100000| Untracked 
|  50|0x0000000783200000, 0x0000000783200000, 0x0000000783300000|  0%| F|  |TAMS 0x0000000783200000, 0x0000000783200000| Untracked 
|  51|0x0000000783300000, 0x0000000783300000, 0x0000000783400000|  0%| F|  |TAMS 0x0000000783300000, 0x0000000783300000| Untracked 
|  52|0x0000000783400000, 0x0000000783400000, 0x0000000783500000|  0%| F|  |TAMS 0x0000000783400000, 0x0000000783400000| Untracked 
|  53|0x0000000783500000, 0x0000000783500000, 0x0000000783600000|  0%| F|  |TAMS 0x0000000783500000, 0x0000000783500000| Untracked 
|  54|0x0000000783600000, 0x0000000783600000, 0x0000000783700000|  0%| F|  |TAMS 0x0000000783600000, 0x0000000783600000| Untracked 
|  55|0x0000000783700000, 0x0000000783700000, 0x0000000783800000|  0%| F|  |TAMS 0x0000000783700000, 0x0000000783700000| Untracked 
|  56|0x0000000783800000, 0x0000000783800000, 0x0000000783900000|  0%| F|  |TAMS 0x0000000783800000, 0x0000000783800000| Untracked 
|  57|0x0000000783900000, 0x0000000783900000, 0x0000000783a00000|  0%| F|  |TAMS 0x0000000783900000, 0x0000000783900000| Untracked 
|  58|0x0000000783a00000, 0x0000000783a00000, 0x0000000783b00000|  0%| F|  |TAMS 0x0000000783a00000, 0x0000000783a00000| Untracked 
|  59|0x0000000783b00000, 0x0000000783b00000, 0x0000000783c00000|  0%| F|  |TAMS 0x0000000783b00000, 0x0000000783b00000| Untracked 
|  60|0x0000000783c00000, 0x0000000783c00000, 0x0000000783d00000|  0%| F|  |TAMS 0x0000000783c00000, 0x0000000783c00000| Untracked 
|  61|0x0000000783d00000, 0x0000000783d00000, 0x0000000783e00000|  0%| F|  |TAMS 0x0000000783d00000, 0x0000000783d00000| Untracked 
|  62|0x0000000783e00000, 0x0000000783e00000, 0x0000000783f00000|  0%| F|  |TAMS 0x0000000783e00000, 0x0000000783e00000| Untracked 
|  63|0x0000000783f00000, 0x0000000783f00000, 0x0000000784000000|  0%| F|  |TAMS 0x0000000783f00000, 0x0000000783f00000| Untracked 
|  64|0x0000000784000000, 0x0000000784000000, 0x0000000784100000|  0%| F|  |TAMS 0x0000000784000000, 0x0000000784000000| Untracked 
|  65|0x0000000784100000, 0x0000000784100000, 0x0000000784200000|  0%| F|  |TAMS 0x0000000784100000, 0x0000000784100000| Untracked 
|  66|0x0000000784200000, 0x0000000784200000, 0x0000000784300000|  0%| F|  |TAMS 0x0000000784200000, 0x0000000784200000| Untracked 
|  67|0x0000000784300000, 0x0000000784300000, 0x0000000784400000|  0%| F|  |TAMS 0x0000000784300000, 0x0000000784300000| Untracked 
|  68|0x0000000784400000, 0x0000000784400000, 0x0000000784500000|  0%| F|  |TAMS 0x0000000784400000, 0x0000000784400000| Untracked 
|  69|0x0000000784500000, 0x0000000784500000, 0x0000000784600000|  0%| F|  |TAMS 0x0000000784500000, 0x0000000784500000| Untracked 
|  70|0x0000000784600000, 0x0000000784600000, 0x0000000784700000|  0%| F|  |TAMS 0x0000000784600000, 0x0000000784600000| Untracked 
|  71|0x0000000784700000, 0x0000000784700000, 0x0000000784800000|  0%| F|  |TAMS 0x0000000784700000, 0x0000000784700000| Untracked 
|  72|0x0000000784800000, 0x0000000784800000, 0x0000000784900000|  0%| F|  |TAMS 0x0000000784800000, 0x0000000784800000| Untracked 
|  73|0x0000000784900000, 0x0000000784900000, 0x0000000784a00000|  0%| F|  |TAMS 0x0000000784900000, 0x0000000784900000| Untracked 
|  74|0x0000000784a00000, 0x0000000784a00000, 0x0000000784b00000|  0%| F|  |TAMS 0x0000000784a00000, 0x0000000784a00000| Untracked 
|  75|0x0000000784b00000, 0x0000000784b00000, 0x0000000784c00000|  0%| F|  |TAMS 0x0000000784b00000, 0x0000000784b00000| Untracked 
|  76|0x0000000784c00000, 0x0000000784c00000, 0x0000000784d00000|  0%| F|  |TAMS 0x0000000784c00000, 0x0000000784c00000| Untracked 
|  77|0x0000000784d00000, 0x0000000784d00000, 0x0000000784e00000|  0%| F|  |TAMS 0x0000000784d00000, 0x0000000784d00000| Untracked 
|  78|0x0000000784e00000, 0x0000000784e00000, 0x0000000784f00000|  0%| F|  |TAMS 0x0000000784e00000, 0x0000000784e00000| Untracked 
|  79|0x0000000784f00000, 0x0000000784f00000, 0x0000000785000000|  0%| F|  |TAMS 0x0000000784f00000, 0x0000000784f00000| Untracked 
|  80|0x0000000785000000, 0x0000000785000000, 0x0000000785100000|  0%| F|  |TAMS 0x0000000785000000, 0x0000000785000000| Untracked 
|  81|0x0000000785100000, 0x0000000785100000, 0x0000000785200000|  0%| F|  |TAMS 0x0000000785100000, 0x0000000785100000| Untracked 
|  82|0x0000000785200000, 0x0000000785200000, 0x0000000785300000|  0%| F|  |TAMS 0x0000000785200000, 0x0000000785200000| Untracked 
|  83|0x0000000785300000, 0x0000000785300000, 0x0000000785400000|  0%| F|  |TAMS 0x0000000785300000, 0x0000000785300000| Untracked 
|  84|0x0000000785400000, 0x0000000785400000, 0x0000000785500000|  0%| F|  |TAMS 0x0000000785400000, 0x0000000785400000| Untracked 
|  85|0x0000000785500000, 0x0000000785500000, 0x0000000785600000|  0%| F|  |TAMS 0x0000000785500000, 0x0000000785500000| Untracked 
|  86|0x0000000785600000, 0x0000000785600000, 0x0000000785700000|  0%| F|  |TAMS 0x0000000785600000, 0x0000000785600000| Untracked 
|  87|0x0000000785700000, 0x0000000785700000, 0x0000000785800000|  0%| F|  |TAMS 0x0000000785700000, 0x0000000785700000| Untracked 
|  88|0x0000000785800000, 0x0000000785800000, 0x0000000785900000|  0%| F|  |TAMS 0x0000000785800000, 0x0000000785800000| Untracked 
|  89|0x0000000785900000, 0x0000000785900000, 0x0000000785a00000|  0%| F|  |TAMS 0x0000000785900000, 0x0000000785900000| Untracked 
|  90|0x0000000785a00000, 0x0000000785a00000, 0x0000000785b00000|  0%| F|  |TAMS 0x0000000785a00000, 0x0000000785a00000| Untracked 
|  91|0x0000000785b00000, 0x0000000785b00000, 0x0000000785c00000|  0%| F|  |TAMS 0x0000000785b00000, 0x0000000785b00000| Untracked 
|  92|0x0000000785c00000, 0x0000000785c00000, 0x0000000785d00000|  0%| F|  |TAMS 0x0000000785c00000, 0x0000000785c00000| Untracked 
|  93|0x0000000785d00000, 0x0000000785d00000, 0x0000000785e00000|  0%| F|  |TAMS 0x0000000785d00000, 0x0000000785d00000| Untracked 
|  94|0x0000000785e00000, 0x0000000785e00000, 0x0000000785f00000|  0%| F|  |TAMS 0x0000000785e00000, 0x0000000785e00000| Untracked 
|  95|0x0000000785f00000, 0x0000000785f00000, 0x0000000786000000|  0%| F|  |TAMS 0x0000000785f00000, 0x0000000785f00000| Untracked 
|  96|0x0000000786000000, 0x0000000786000000, 0x0000000786100000|  0%| F|  |TAMS 0x0000000786000000, 0x0000000786000000| Untracked 
|  97|0x0000000786100000, 0x0000000786100000, 0x0000000786200000|  0%| F|  |TAMS 0x0000000786100000, 0x0000000786100000| Untracked 
|  98|0x0000000786200000, 0x0000000786200000, 0x0000000786300000|  0%| F|  |TAMS 0x0000000786200000, 0x0000000786200000| Untracked 
|  99|0x0000000786300000, 0x0000000786300000, 0x0000000786400000|  0%| F|  |TAMS 0x0000000786300000, 0x0000000786300000| Untracked 
| 100|0x0000000786400000, 0x0000000786400000, 0x0000000786500000|  0%| F|  |TAMS 0x0000000786400000, 0x0000000786400000| Untracked 
| 101|0x0000000786500000, 0x0000000786500000, 0x0000000786600000|  0%| F|  |TAMS 0x0000000786500000, 0x0000000786500000| Untracked 
| 102|0x0000000786600000, 0x0000000786600000, 0x0000000786700000|  0%| F|  |TAMS 0x0000000786600000, 0x0000000786600000| Untracked 
| 103|0x0000000786700000, 0x0000000786700000, 0x0000000786800000|  0%| F|  |TAMS 0x0000000786700000, 0x0000000786700000| Untracked 
| 104|0x0000000786800000, 0x0000000786800000, 0x0000000786900000|  0%| F|  |TAMS 0x0000000786800000, 0x0000000786800000| Untracked 
| 105|0x0000000786900000, 0x0000000786900000, 0x0000000786a00000|  0%| F|  |TAMS 0x0000000786900000, 0x0000000786900000| Untracked 
| 106|0x0000000786a00000, 0x0000000786a00000, 0x0000000786b00000|  0%| F|  |TAMS 0x0000000786a00000, 0x0000000786a00000| Untracked 
| 107|0x0000000786b00000, 0x0000000786b00000, 0x0000000786c00000|  0%| F|  |TAMS 0x0000000786b00000, 0x0000000786b00000| Untracked 
| 108|0x0000000786c00000, 0x0000000786c00000, 0x0000000786d00000|  0%| F|  |TAMS 0x0000000786c00000, 0x0000000786c00000| Untracked 
| 109|0x0000000786d00000, 0x0000000786d00000, 0x0000000786e00000|  0%| F|  |TAMS 0x0000000786d00000, 0x0000000786d00000| Untracked 
| 110|0x0000000786e00000, 0x0000000786e00000, 0x0000000786f00000|  0%| F|  |TAMS 0x0000000786e00000, 0x0000000786e00000| Untracked 
| 111|0x0000000786f00000, 0x0000000786f00000, 0x0000000787000000|  0%| F|  |TAMS 0x0000000786f00000, 0x0000000786f00000| Untracked 
| 112|0x0000000787000000, 0x0000000787000000, 0x0000000787100000|  0%| F|  |TAMS 0x0000000787000000, 0x0000000787000000| Untracked 
| 113|0x0000000787100000, 0x00000007871937e8, 0x0000000787200000| 57%| S|CS|TAMS 0x0000000787100000, 0x0000000787100000| Complete 
| 114|0x0000000787200000, 0x0000000787300000, 0x0000000787300000|100%| S|CS|TAMS 0x0000000787200000, 0x0000000787200000| Complete 
| 115|0x0000000787300000, 0x0000000787300000, 0x0000000787400000|  0%| F|  |TAMS 0x0000000787300000, 0x0000000787300000| Untracked 
| 116|0x0000000787400000, 0x0000000787400000, 0x0000000787500000|  0%| F|  |TAMS 0x0000000787400000, 0x0000000787400000| Untracked 
| 117|0x0000000787500000, 0x0000000787500000, 0x0000000787600000|  0%| F|  |TAMS 0x0000000787500000, 0x0000000787500000| Untracked 
| 118|0x0000000787600000, 0x0000000787600000, 0x0000000787700000|  0%| F|  |TAMS 0x0000000787600000, 0x0000000787600000| Untracked 
| 119|0x0000000787700000, 0x0000000787700000, 0x0000000787800000|  0%| F|  |TAMS 0x0000000787700000, 0x0000000787700000| Untracked 
| 120|0x0000000787800000, 0x0000000787800000, 0x0000000787900000|  0%| F|  |TAMS 0x0000000787800000, 0x0000000787800000| Untracked 
| 121|0x0000000787900000, 0x0000000787900000, 0x0000000787a00000|  0%| F|  |TAMS 0x0000000787900000, 0x0000000787900000| Untracked 
| 122|0x0000000787a00000, 0x0000000787a00000, 0x0000000787b00000|  0%| F|  |TAMS 0x0000000787a00000, 0x0000000787a00000| Untracked 
| 123|0x0000000787b00000, 0x0000000787b00000, 0x0000000787c00000|  0%| F|  |TAMS 0x0000000787b00000, 0x0000000787b00000| Untracked 
| 124|0x0000000787c00000, 0x0000000787c00000, 0x0000000787d00000|  0%| F|  |TAMS 0x0000000787c00000, 0x0000000787c00000| Untracked 
| 125|0x0000000787d00000, 0x0000000787d00000, 0x0000000787e00000|  0%| F|  |TAMS 0x0000000787d00000, 0x0000000787d00000| Untracked 
| 126|0x0000000787e00000, 0x0000000787e00000, 0x0000000787f00000|  0%| F|  |TAMS 0x0000000787e00000, 0x0000000787e00000| Untracked 
| 127|0x0000000787f00000, 0x0000000788000000, 0x0000000788000000|100%| E|  |TAMS 0x0000000787f00000, 0x0000000787f00000| Complete 
|1022|0x00000007bfe00000, 0x00000007bfe51000, 0x00000007bff00000| 31%|OA|  |TAMS 0x00000007bfe00000, 0x00000007bfe00000| Untracked 
|1023|0x00000007bff00000, 0x00000007bff79000, 0x00000007c0000000| 47%|CA|  |TAMS 0x00000007bff00000, 0x00000007bff00000| Untracked 

Card table byte_map: [0x0000000106dd1000,0x00000001071d1000] _byte_map_base: 0x00000001031d1000

Marking Bits (Prev, Next): (CMBitMap*) 0x00007fa7eb00a010, (CMBitMap*) 0x00007fa7eb00a050
 Prev Bits: [0x000000011072b000, 0x000000011272b000)
 Next Bits: [0x000000011272b000, 0x000000011472b000)

Polling page: 0x000000010672d000

Metaspace:

Usage:
  Non-class:      5.49 MB capacity,     3.36 MB ( 61%) used,     2.13 MB ( 39%) free+waste,     8.00 KB ( <1%) overhead. 
      Class:    631.00 KB capacity,   425.57 KB ( 67%) used,   201.80 KB ( 32%) free+waste,     3.62 KB ( <1%) overhead. 
       Both:      6.11 MB capacity,     3.77 MB ( 62%) used,     2.32 MB ( 38%) free+waste,    11.62 KB ( <1%) overhead. 

Virtual space:
  Non-class space:        8.00 MB reserved,       5.75 MB ( 72%) committed 
      Class space:        1.00 GB reserved,     640.00 KB ( <1%) committed 
             Both:        1.01 GB reserved,       6.38 MB ( <1%) committed 

Chunk freelists:
   Non-Class:  27.00 KB
       Class:  9.00 KB
        Both:  36.00 KB

MaxMetaspaceSize: 17179869184.00 GB
CompressedClassSpaceSize: 1.00 GB

CodeHeap 'non-profiled nmethods': size=120032Kb used=291Kb max_used=291Kb free=119740Kb
 bounds [0x000000011de36000, 0x000000011e0a6000, 0x000000012536e000]
CodeHeap 'profiled nmethods': size=120028Kb used=1138Kb max_used=1138Kb free=118889Kb
 bounds [0x00000001168ff000, 0x0000000116b6f000, 0x000000011de36000]
CodeHeap 'non-nmethods': size=5700Kb used=1189Kb max_used=1205Kb free=4510Kb
 bounds [0x000000011636e000, 0x00000001165de000, 0x00000001168ff000]
 total_blobs=1286 nmethods=828 adapters=372
 compilation: enabled
              stopped_count=0, restarted_count=0
 full_count=0

Compilation events (20 events):
Event: 0.888 Thread 0x00007fa7ec08b800 nmethod 812 0x000000011de7cc10 code [0x000000011de7cda0, 0x000000011de7d378]
Event: 0.888 Thread 0x00007fa7ec08b800  817       4       sun.security.provider.ByteArrayAccess::b2iLittle64 (614 bytes)
Event: 0.889 Thread 0x00007fa7eb035000  820       3       java.lang.invoke.MethodHandleNatives::isCallerSensitive (29 bytes)
Event: 0.891 Thread 0x00007fa7ec08b800 nmethod 817 0x000000011de7d690 code [0x000000011de7d800, 0x000000011de7da18]
Event: 0.892 Thread 0x00007fa7eb035000 nmethod 820 0x0000000116a15310 code [0x0000000116a154e0, 0x0000000116a15a40]
Event: 0.892 Thread 0x00007fa7eb035000  823       3       jdk.internal.org.objectweb.asm.MethodWriter::visitInsn (115 bytes)
Event: 0.892 Thread 0x00007fa7eb035000 nmethod 823 0x0000000116a15c10 code [0x0000000116a15de0, 0x0000000116a161e0]
Event: 0.892 Thread 0x00007fa7eb035000  821       3       java.lang.invoke.MethodHandleNatives::canBeCalledVirtual (94 bytes)
Event: 0.893 Thread 0x00007fa7eb035000 nmethod 821 0x0000000116a16390 code [0x0000000116a16580, 0x0000000116a16af0]
Event: 0.893 Thread 0x00007fa7eb035000  822       3       jdk.internal.org.objectweb.asm.MethodWriter::visitCode (1 bytes)
Event: 0.893 Thread 0x00007fa7eb035000 nmethod 822 0x0000000116a16c90 code [0x0000000116a16e20, 0x0000000116a16f10]
Event: 0.894 Thread 0x00007fa7eb035000  824   !   3       java.lang.invoke.MemberName$Factory::resolve (157 bytes)
Event: 0.894 Thread 0x00007fa7eb035000 nmethod 824 0x0000000116a16f90 code [0x0000000116a171a0, 0x0000000116a17860]
Event: 0.895 Thread 0x00007fa7eb035000  827       3       java.lang.invoke.MethodHandles$Lookup::<init> (84 bytes)
Event: 0.895 Thread 0x00007fa7eb035000 nmethod 827 0x0000000116a17b90 code [0x0000000116a17d20, 0x0000000116a17f70]
Event: 0.895 Thread 0x00007fa7eb035000  826       3       java.lang.invoke.MethodHandles$Lookup::in (280 bytes)
Event: 0.897 Thread 0x00007fa7ed008c00 nmethod 814 0x000000011de7e010 code [0x000000011de7e1a0, 0x000000011de7edc8]
Event: 0.899 Thread 0x00007fa7eb035000 nmethod 826 0x0000000116a18010 code [0x0000000116a184e0, 0x0000000116a1a7e0]
Event: 1.053 Thread 0x00007fa7eb035000  828       3       java.util.ArrayDeque::addLast (51 bytes)
Event: 1.089 Thread 0x00007fa7eb035000 nmethod 828 0x0000000116a1b310 code [0x0000000116a1b4e0, 0x0000000116a1b9b0]

GC Heap History (2 events):
Event: 0.865 GC heap before
{Heap before GC invocations=0 (full 0):
 garbage-first heap   total 133120K, used 14120K [0x0000000780000000, 0x0000000800000000)
  region size 1024K, 13 young (13312K), 0 survivors (0K)
 Metaspace       used 3755K, capacity 6156K, committed 6272K, reserved 1056768K
  class space    used 412K, capacity 599K, committed 640K, reserved 1048576K
}
Event: 0.868 GC heap after
{Heap after GC invocations=1 (full 0):
 garbage-first heap   total 133120K, used 2421K [0x0000000780000000, 0x0000000800000000)
  region size 1024K, 2 young (2048K), 2 survivors (2048K)
 Metaspace       used 3755K, capacity 6156K, committed 6272K, reserved 1056768K
  class space    used 412K, capacity 599K, committed 640K, reserved 1048576K
}

Deoptimization events (20 events):
Event: 0.532 Thread 0x00007fa7ec00d400 Uncommon trap: trap_request=0xffffff45 fr.pc=0x000000011de510f0 relative=0x0000000000000450
Event: 0.532 Thread 0x00007fa7ec00d400 Uncommon trap: reason=unstable_if action=reinterpret pc=0x000000011de510f0 method=java.lang.StringLatin1.newString([BII)Ljava/lang/String; @ 1 c2
Event: 0.532 Thread 0x00007fa7ec00d400 DEOPT PACKING pc=0x000000011de510f0 sp=0x000070000c66c380
Event: 0.532 Thread 0x00007fa7ec00d400 DEOPT UNPACKING pc=0x00000001163bc125 sp=0x000070000c66c2e0 mode 2
Event: 0.532 Thread 0x00007fa7ec00d400 Uncommon trap: trap_request=0xffffff45 fr.pc=0x000000011de4e22c relative=0x000000000000038c
Event: 0.532 Thread 0x00007fa7ec00d400 Uncommon trap: reason=unstable_if action=reinterpret pc=0x000000011de4e22c method=java.lang.StringLatin1.newString([BII)Ljava/lang/String; @ 1 c2
Event: 0.532 Thread 0x00007fa7ec00d400 DEOPT PACKING pc=0x000000011de4e22c sp=0x000070000c66c300
Event: 0.532 Thread 0x00007fa7ec00d400 DEOPT UNPACKING pc=0x00000001163bc125 sp=0x000070000c66c2e0 mode 2
Event: 0.536 Thread 0x00007fa7ec00d400 Uncommon trap: trap_request=0xffffff45 fr.pc=0x000000011de5c354 relative=0x0000000000000db4
Event: 0.536 Thread 0x00007fa7ec00d400 Uncommon trap: reason=unstable_if action=reinterpret pc=0x000000011de5c354 method=java.util.HashMap.putVal(ILjava/lang/Object;Ljava/lang/Object;ZZ)Ljava/lang/Object; @ 81 c2
Event: 0.536 Thread 0x00007fa7ec00d400 DEOPT PACKING pc=0x000000011de5c354 sp=0x000070000c66c620
Event: 0.536 Thread 0x00007fa7ec00d400 DEOPT UNPACKING pc=0x00000001163bc125 sp=0x000070000c66c4e8 mode 2
Event: 0.558 Thread 0x00007fa7ec00d400 Uncommon trap: trap_request=0xfffffff4 fr.pc=0x000000011de49aac relative=0x00000000000001ac
Event: 0.558 Thread 0x00007fa7ec00d400 Uncommon trap: reason=null_check action=make_not_entrant pc=0x000000011de49aac method=java.lang.String.equals(Ljava/lang/Object;)Z @ 8 c2
Event: 0.558 Thread 0x00007fa7ec00d400 DEOPT PACKING pc=0x000000011de49aac sp=0x000070000c66b640
Event: 0.558 Thread 0x00007fa7ec00d400 DEOPT UNPACKING pc=0x00000001163bc125 sp=0x000070000c66b608 mode 2
Event: 0.720 Thread 0x00007fa7ec82ae00 Uncommon trap: trap_request=0xffffff45 fr.pc=0x000000011de48cc0 relative=0x0000000000000780
Event: 0.720 Thread 0x00007fa7ec82ae00 Uncommon trap: reason=unstable_if action=reinterpret pc=0x000000011de48cc0 method=java.lang.String.isEmpty()Z @ 5 c2
Event: 0.720 Thread 0x00007fa7ec82ae00 DEOPT PACKING pc=0x000000011de48cc0 sp=0x000070000dbaddb0
Event: 0.720 Thread 0x00007fa7ec82ae00 DEOPT UNPACKING pc=0x00000001163bc125 sp=0x000070000dbadd10 mode 2

Classes unloaded (0 events):
No events

Classes redefined (0 events):
No events

Internal exceptions (16 events):
Event: 0.149 Thread 0x00007fa7ec00d400 Exception <a 'java/lang/NoSuchMethodError'{0x0000000787f70cf8}: 'void java.lang.invoke.DirectMethodHandle$Holder.invokeVirtual(java.lang.Object, java.lang.Object)'> (0x0000000787f70cf8) 
thrown [./open/src/hotspot/share/interpreter/linkResolver.cpp, line 782]
Event: 0.438 Thread 0x00007fa7ec00d400 Exception <a 'java/lang/NoSuchMethodError'{0x0000000787b838e8}: 'java.lang.Object java.lang.invoke.DirectMethodHandle$Holder.invokeVirtual(java.lang.Object, java.lang.Object, java.lang.Object)'> (0x0000000787b838e8) 
thrown [./open/src/hotspot/share/interpreter/linkResolver.cpp, line 782]
Event: 0.483 Thread 0x00007fa7ec00d400 Exception <a 'java/lang/NoSuchMethodError'{0x0000000787a8d748}: 'void java.lang.invoke.DirectMethodHandle$Holder.invokeSpecial(java.lang.Object, java.lang.Object, java.lang.Object, java.lang.Object, java.lang.Object)'> (0x0000000787a8d748) 
thrown [./open/src/hotspot/share/interpreter/linkResolver.cpp, line 782]
Event: 0.494 Thread 0x00007fa7ec00d400 Exception <a 'java/lang/NoSuchMethodError'{0x0000000787aa2fa0}: 'java.lang.Object java.lang.invoke.DirectMethodHandle$Holder.invokeInterface(java.lang.Object, java.lang.Object)'> (0x0000000787aa2fa0) 
thrown [./open/src/hotspot/share/interpreter/linkResolver.cpp, line 782]
Event: 0.495 Thread 0x00007fa7ec00d400 Exception <a 'java/lang/IncompatibleClassChangeError'{0x0000000787aa66f0}: Found class java.lang.Object, but interface was expected> (0x0000000787aa66f0) 
thrown [./open/src/hotspot/share/interpreter/linkResolver.cpp, line 848]
Event: 0.497 Thread 0x00007fa7ec00d400 Exception <a 'java/lang/NoSuchMethodError'{0x0000000787aa96e8}: 'void java.lang.invoke.DirectMethodHandle$Holder.invokeStatic(java.lang.Object, java.lang.Object, java.lang.Object, java.lang.Object)'> (0x0000000787aa96e8) 
thrown [./open/src/hotspot/share/interpreter/linkResolver.cpp, line 782]
Event: 0.558 Thread 0x00007fa7ec00d400 Implicit null exception at 0x000000011de49935 to 0x000000011de49a9c
Event: 0.567 Thread 0x00007fa7ec134000 Exception <a 'java/lang/NoSuchMethodError'{0x00000007879ce5e0}: 'java.lang.Object java.lang.invoke.DirectMethodHandle$Holder.invokeStatic(java.lang.Object)'> (0x00000007879ce5e0) 
thrown [./open/src/hotspot/share/interpreter/linkResolver.cpp, line 782]
Event: 0.568 Thread 0x00007fa7ec134000 Exception <a 'java/lang/NoSuchMethodError'{0x00000007879d1ce8}: 'java.lang.Object java.lang.invoke.DirectMethodHandle$Holder.invokeStaticInit(java.lang.Object)'> (0x00000007879d1ce8) 
thrown [./open/src/hotspot/share/interpreter/linkResolver.cpp, line 782]
Event: 0.572 Thread 0x00007fa7ec134000 Exception <a 'java/lang/ClassNotFoundException'{0x00000007879dcc20}: jdk/net/ExtendedSocketOptions> (0x00000007879dcc20) 
thrown [./open/src/hotspot/share/classfile/systemDictionary.cpp, line 295]
Event: 0.576 Thread 0x00007fa7ec134000 Exception <a 'java/lang/NoSuchMethodError'{0x00000007879de360}: 'void java.lang.invoke.DirectMethodHandle$Holder.invokeStatic(java.lang.Object, java.lang.Object)'> (0x00000007879de360) 
thrown [./open/src/hotspot/share/interpreter/linkResolver.cpp, line 782]
Event: 0.595 Thread 0x00007fa7ec00d400 Exception <a 'java/lang/NoSuchMethodError'{0x00000007877392d0}: 'java.lang.Object java.lang.invoke.DirectMethodHandle$Holder.newInvokeSpecial(java.lang.Object, java.lang.Object, java.lang.Object, java.lang.Object, java.lang.Object)'> (0x00000007877392d0) 
thrown [./open/src/hotspot/share/interpreter/linkResolver.cpp, line 782]
Event: 0.683 Thread 0x00007fa7eb032e00 Exception <a 'java/lang/NoSuchMethodError'{0x00000007875cf9d8}: 'void java.lang.invoke.DirectMethodHandle$Holder.invokeSpecial(java.lang.Object, java.lang.Object, java.lang.Object)'> (0x00000007875cf9d8) 
thrown [./open/src/hotspot/share/interpreter/linkResolver.cpp, line 782]
Event: 0.696 Thread 0x00007fa7eb032e00 Exception <a 'java/lang/NoSuchMethodError'{0x0000000787407298}: 'void java.lang.invoke.DirectMethodHandle$Holder.invokeStatic(java.lang.Object, java.lang.Object, java.lang.Object)'> (0x0000000787407298) 
thrown [./open/src/hotspot/share/interpreter/linkResolver.cpp, line 782]
Event: 0.732 Thread 0x00007fa7ec82ae00 Exception <a 'java/lang/NoSuchMethodError'{0x00000007874ed870}: 'void java.lang.invoke.DirectMethodHandle$Holder.invokeStaticInit(java.lang.Object, java.lang.Object)'> (0x00000007874ed870) 
thrown [./open/src/hotspot/share/interpreter/linkResolver.cpp, line 782]
Event: 0.849 Thread 0x00007fa7eb032e00 Exception <a 'java/lang/NoSuchMethodError'{0x0000000787423538}: 'int java.lang.invoke.DirectMethodHandle$Holder.invokeStaticInit(java.lang.Object, java.lang.Object, java.lang.Object)'> (0x0000000787423538) 
thrown [./open/src/hotspot/share/interpreter/linkResolver.cpp, line 782]

Events (20 events):
Event: 0.869 Executing VM operation: HandshakeAllThreads done
Event: 0.888 Loaded shared library /Users/aghajari/.openjfx/cache/17.0.1/libglass.dylib
Event: 0.891 loading class java/util/concurrent/BlockingDeque
Event: 0.891 loading class java/util/concurrent/BlockingDeque done
Event: 0.891 loading class java/util/concurrent/LinkedBlockingDeque
Event: 0.891 loading class java/util/concurrent/LinkedBlockingDeque done
Event: 0.892 Thread 0x00007fa7eb099000 Thread added: 0x00007fa7eb099000
Event: 0.892 Protecting memory [0x000070000debb000,0x000070000debf000] with protection modes 0
Event: 0.895 Protecting memory [0x00007ff7b910e000,0x00007ff7b9112000] with protection modes 0
Event: 0.895 Thread 0x00007fa7ec133000 Thread added: 0x00007fa7ec133000
Event: 1.008 Thread 0x00007fa7ec90be00 Thread added: 0x00007fa7ec90be00
Event: 1.009 Protecting memory [0x000070000e041000,0x000070000e045000] with protection modes 0
Event: 1.052 Protecting memory [0x000070000d5a0000,0x000070000d5a4000] with protection modes 3
Event: 1.052 Thread 0x00007fa7ed008c00 Thread exited: 0x00007fa7ed008c00
Event: 1.132 loading class java/util/concurrent/LinkedBlockingDeque$Node
Event: 1.132 loading class java/util/concurrent/LinkedBlockingDeque$Node done
Event: 1.132 Protecting memory [0x000070000e041000,0x000070000e045000] with protection modes 3
Event: 1.132 Thread 0x00007fa7ec90be00 Thread exited: 0x00007fa7ec90be00
Event: 1.136 loading class java/util/concurrent/FutureTask
Event: 1.136 loading class java/util/concurrent/FutureTask done


Dynamic libraries:
0x000000010670f000 	/Library/Java/JavaVirtualMachines/jdk-15.0.2.jdk/Contents/Home/lib/libjli.dylib
0x00007ff81f854000 	/usr/lib/libz.1.dylib
0x00007ff81f934000 	/usr/lib/libSystem.B.dylib
0x00007ff81f92f000 	/usr/lib/system/libcache.dylib
0x00007ff81f8eb000 	/usr/lib/system/libcommonCrypto.dylib
0x00007ff81f914000 	/usr/lib/system/libcompiler_rt.dylib
0x00007ff81f90a000 	/usr/lib/system/libcopyfile.dylib
0x00007ff8148df000 	/usr/lib/system/libcorecrypto.dylib
0x00007ff81499d000 	/usr/lib/system/libdispatch.dylib
0x00007ff814b61000 	/usr/lib/system/libdyld.dylib
0x00007ff81f926000 	/usr/lib/system/libkeymgr.dylib
0x00007ff81f8c9000 	/usr/lib/system/libmacho.dylib
0x00007ff81ef48000 	/usr/lib/system/libquarantine.dylib
0x00007ff81f924000 	/usr/lib/system/libremovefile.dylib
0x00007ff819adb000 	/usr/lib/system/libsystem_asl.dylib
0x00007ff814888000 	/usr/lib/system/libsystem_blocks.dylib
0x00007ff814a25000 	/usr/lib/system/libsystem_c.dylib
0x00007ff81f91c000 	/usr/lib/system/libsystem_collections.dylib
0x00007ff81e1f5000 	/usr/lib/system/libsystem_configuration.dylib
0x00007ff81d4a1000 	/usr/lib/system/libsystem_containermanager.dylib
0x00007ff81f602000 	/usr/lib/system/libsystem_coreservices.dylib
0x00007ff817184000 	/usr/lib/system/libsystem_darwin.dylib
0x00007ff81f927000 	/usr/lib/system/libsystem_dnssd.dylib
0x00007ff814a22000 	/usr/lib/system/libsystem_featureflags.dylib
0x00007ff814b77000 	/usr/lib/system/libsystem_info.dylib
0x00007ff81f867000 	/usr/lib/system/libsystem_m.dylib
0x00007ff814971000 	/usr/lib/system/libsystem_malloc.dylib
0x00007ff819a76000 	/usr/lib/system/libsystem_networkextension.dylib
0x00007ff8175aa000 	/usr/lib/system/libsystem_notify.dylib
0x00007ff825b92000 	/usr/lib/system/libsystem_product_info_filter.dylib
0x00007ff81e1f9000 	/usr/lib/system/libsystem_sandbox.dylib
0x00007ff81f921000 	/usr/lib/system/libsystem_secinit.dylib
0x00007ff814b1d000 	/usr/lib/system/libsystem_kernel.dylib
0x00007ff814b6d000 	/usr/lib/system/libsystem_platform.dylib
0x00007ff814b55000 	/usr/lib/system/libsystem_pthread.dylib
0x00007ff81b323000 	/usr/lib/system/libsystem_symptoms.dylib
0x00007ff8148c6000 	/usr/lib/system/libsystem_trace.dylib
0x00007ff81f8f7000 	/usr/lib/system/libunwind.dylib
0x00007ff81488a000 	/usr/lib/system/libxpc.dylib
0x00007ff814b07000 	/usr/lib/libc++abi.dylib
0x00007ff8149e4000 	/usr/lib/libobjc.A.dylib
0x00007ff81f902000 	/usr/lib/liboah.dylib
0x00007ff814aae000 	/usr/lib/libc++.1.dylib
0x00007ff82b98b000 	/System/Library/Frameworks/Cocoa.framework/Versions/A/Cocoa
0x00007ff817608000 	/System/Library/Frameworks/AppKit.framework/Versions/C/AppKit
0x00007ff81ab13000 	/System/Library/Frameworks/CoreData.framework/Versions/A/CoreData
0x00007ff815a14000 	/System/Library/Frameworks/Foundation.framework/Versions/C/Foundation
0x00007ff818496000 	/System/Library/PrivateFrameworks/UIFoundation.framework/Versions/A/UIFoundation
0x00007ff825895000 	/System/Library/PrivateFrameworks/RemoteViewServices.framework/Versions/A/RemoteViewServices
0x00007ff81db7f000 	/System/Library/PrivateFrameworks/XCTTargetBootstrap.framework/Versions/A/XCTTargetBootstrap
0x00007ff82173b000 	/System/Library/PrivateFrameworks/InternationalSupport.framework/Versions/A/InternationalSupport
0x00007ff8217c5000 	/System/Library/PrivateFrameworks/UserActivity.framework/Versions/A/UserActivity
0x00007ff820b1b000 	/usr/lib/libspindump.dylib
0x00007ff818724000 	/System/Library/Frameworks/UniformTypeIdentifiers.framework/Versions/A/UniformTypeIdentifiers
0x00007ff81c2a8000 	/usr/lib/libapp_launch_measurement.dylib
0x00007ff81b4e3000 	/System/Library/PrivateFrameworks/CoreAnalytics.framework/Versions/A/CoreAnalytics
0x00007ff81c2ab000 	/System/Library/PrivateFrameworks/CoreAutoLayout.framework/Versions/A/CoreAutoLayout
0x00007ff81d4d9000 	/System/Library/Frameworks/Metal.framework/Versions/A/Metal
0x00007ff81e205000 	/usr/lib/liblangid.dylib
0x00007ff81db84000 	/System/Library/PrivateFrameworks/CoreSVG.framework/Versions/A/CoreSVG
0x00007ff819b0b000 	/System/Library/PrivateFrameworks/SkyLight.framework/Versions/A/SkyLight
0x00007ff819ea9000 	/System/Library/Frameworks/CoreGraphics.framework/Versions/A/CoreGraphics
0x00007ff825f55000 	/System/Library/Frameworks/Accelerate.framework/Versions/A/Accelerate
0x00007ff82059a000 	/System/Library/PrivateFrameworks/IconServices.framework/Versions/A/IconServices
0x00007ff81d4be000 	/System/Library/Frameworks/IOSurface.framework/Versions/A/IOSurface
0x00007ff81b511000 	/usr/lib/libDiagnosticMessagesClient.dylib
0x00007ff829638000 	/System/Library/Frameworks/ApplicationServices.framework/Versions/A/ApplicationServices
0x00007ff81db6b000 	/System/Library/PrivateFrameworks/DFRFoundation.framework/Versions/A/DFRFoundation
0x00007ff816ef0000 	/usr/lib/libicucore.A.dylib
0x00007ff822530000 	/System/Library/Frameworks/AudioToolbox.framework/Versions/A/AudioToolbox
0x00007ff821747000 	/System/Library/PrivateFrameworks/DataDetectorsCore.framework/Versions/A/DataDetectorsCore
0x00007ff91d6d4000 	/System/Library/PrivateFrameworks/TextInput.framework/Versions/A/TextInput
0x00007ff819a8e000 	/usr/lib/libMobileGestalt.dylib
0x00007ff81d877000 	/System/Library/Frameworks/Carbon.framework/Versions/A/Frameworks/HIToolbox.framework/Versions/A/HIToolbox
0x00007ff81bcae000 	/System/Library/Frameworks/QuartzCore.framework/Versions/A/QuartzCore
0x00007ff816b97000 	/System/Library/Frameworks/Security.framework/Versions/A/Security
0x00007ff8258cd000 	/System/Library/Frameworks/Carbon.framework/Versions/A/Frameworks/SpeechRecognition.framework/Versions/A/SpeechRecognition
0x00007ff81c008000 	/System/Library/PrivateFrameworks/CoreUI.framework/Versions/A/CoreUI
0x00007ff816463000 	/System/Library/Frameworks/CoreAudio.framework/Versions/A/CoreAudio
0x00007ff81b600000 	/System/Library/Frameworks/DiskArbitration.framework/Versions/A/DiskArbitration
0x00007ff820f09000 	/System/Library/PrivateFrameworks/MultitouchSupport.framework/Versions/A/MultitouchSupport
0x00007ff819a8d000 	/usr/lib/libenergytrace.dylib
0x00007ff8174f4000 	/System/Library/Frameworks/IOKit.framework/Versions/A/IOKit
0x00007ff825cbd000 	/System/Library/Frameworks/CoreServices.framework/Versions/A/CoreServices
0x00007ff81c242000 	/System/Library/PrivateFrameworks/PerformanceAnalysis.framework/Versions/A/PerformanceAnalysis
0x00007ffa2cbf8000 	/System/Library/Frameworks/OpenGL.framework/Versions/A/OpenGL
0x00007ff81ee6e000 	/System/Library/PrivateFrameworks/MobileKeyBag.framework/Versions/A/MobileKeyBag
0x00007ff81a574000 	/System/Library/Frameworks/ColorSync.framework/Versions/A/ColorSync
0x00007ff814ba2000 	/System/Library/Frameworks/CoreFoundation.framework/Versions/A/CoreFoundation
0x00007ff81ddfb000 	/System/Library/Frameworks/CoreImage.framework/Versions/A/CoreImage
0x00007ff81627b000 	/System/Library/Frameworks/CoreText.framework/Versions/A/CoreText
0x00007ff81dbb4000 	/System/Library/Frameworks/ImageIO.framework/Versions/A/ImageIO
0x00007ff81f93a000 	/System/Library/PrivateFrameworks/SoftLinking.framework/Versions/A/SoftLinking
0x00007ff81c2f3000 	/usr/lib/libxml2.2.dylib
0x00007ff81fbbe000 	/usr/lib/libcompression.dylib
0x00007ff82166e000 	/System/Library/PrivateFrameworks/TextureIO.framework/Versions/A/TextureIO
0x00007ff8202ac000 	/usr/lib/libate.dylib
0x00007ff820088000 	/usr/lib/liblzma.5.dylib
0x00007ff815727000 	/System/Library/Frameworks/SystemConfiguration.framework/Versions/A/SystemConfiguration
0x00007ff81f936000 	/usr/lib/libfakelink.dylib
0x00007ff8195e7000 	/System/Library/Frameworks/CFNetwork.framework/Versions/A/CFNetwork
0x00007ff81fa77000 	/usr/lib/libarchive.2.dylib
0x00007ff81e201000 	/System/Library/PrivateFrameworks/AppleSystemInfo.framework/Versions/A/AppleSystemInfo
0x00007ff81ef6f000 	/usr/lib/libbsm.0.dylib
0x00007ff818bfa000 	/usr/lib/libnetwork.dylib
0x00007ff81f8cf000 	/usr/lib/system/libkxld.dylib
0x00007ff81eb9b000 	/System/Library/PrivateFrameworks/IOMobileFramebuffer.framework/Versions/A/IOMobileFramebuffer
0x00007ffb2c0ff000 	/usr/lib/libCoreEntitlements.dylib
0x00007ff81f5e4000 	/System/Library/PrivateFrameworks/AppleFSCompression.framework/Versions/A/AppleFSCompression
0x00007ff81ef57000 	/usr/lib/libcoretls.dylib
0x00007ff8200a2000 	/usr/lib/libcoretls_cfhelpers.dylib
0x00007ff81fbb9000 	/usr/lib/libpam.2.dylib
0x00007ff81af43000 	/usr/lib/libsqlite3.dylib
0x00007ff820111000 	/usr/lib/libxar.1.dylib
0x00007ff81f5f4000 	/usr/lib/libbz2.1.0.dylib
0x00007ff81f93b000 	/usr/lib/libpcap.A.dylib
0x00007ff81b31b000 	/usr/lib/libdns_services.dylib
0x00007ff81fb89000 	/usr/lib/libapple_nghttp2.dylib
0x00007ff81f975000 	/usr/lib/libiconv.2.dylib
0x00007ff81f8c8000 	/usr/lib/libcharset.1.dylib
0x00007ff81c276000 	/System/Library/Frameworks/CoreServices.framework/Versions/A/Frameworks/FSEvents.framework/Versions/A/FSEvents
0x00007ff81718e000 	/System/Library/Frameworks/CoreServices.framework/Versions/A/Frameworks/CarbonCore.framework/Versions/A/CarbonCore
0x00007ff81b564000 	/System/Library/Frameworks/CoreServices.framework/Versions/A/Frameworks/Metadata.framework/Versions/A/Metadata
0x00007ff81f607000 	/System/Library/Frameworks/CoreServices.framework/Versions/A/Frameworks/OSServices.framework/Versions/A/OSServices
0x00007ff81fafe000 	/System/Library/Frameworks/CoreServices.framework/Versions/A/Frameworks/SearchKit.framework/Versions/A/SearchKit
0x00007ff81b2ae000 	/System/Library/Frameworks/CoreServices.framework/Versions/A/Frameworks/AE.framework/Versions/A/AE
0x00007ff8150a4000 	/System/Library/Frameworks/CoreServices.framework/Versions/A/Frameworks/LaunchServices.framework/Versions/A/LaunchServices
0x00007ff820039000 	/System/Library/Frameworks/CoreServices.framework/Versions/A/Frameworks/DictionaryServices.framework/Versions/A/DictionaryServices
0x00007ff81c283000 	/System/Library/Frameworks/CoreServices.framework/Versions/A/Frameworks/SharedFileList.framework/Versions/A/SharedFileList
0x00007ff81ef4b000 	/usr/lib/libCheckFix.dylib
0x00007ff819af2000 	/System/Library/PrivateFrameworks/TCC.framework/Versions/A/TCC
0x00007ff81e207000 	/System/Library/PrivateFrameworks/CoreNLP.framework/Versions/A/CoreNLP
0x00007ff81b514000 	/System/Library/PrivateFrameworks/MetadataUtilities.framework/Versions/A/MetadataUtilities
0x00007ff8157d7000 	/usr/lib/libmecabra.dylib
0x00007ff81ef7f000 	/usr/lib/libmecab.dylib
0x00007ff8157a2000 	/usr/lib/libCRFSuite.dylib
0x00007ff81efd9000 	/usr/lib/libgermantok.dylib
0x00007ff81fb64000 	/usr/lib/libThaiTokenizer.dylib
0x00007ff81b607000 	/System/Library/Frameworks/Accelerate.framework/Versions/A/Frameworks/vImage.framework/Versions/A/vImage
0x00007ff825c94000 	/System/Library/Frameworks/Accelerate.framework/Versions/A/Frameworks/vecLib.framework/Versions/A/vecLib
0x00007ff820152000 	/System/Library/Frameworks/Accelerate.framework/Versions/A/Frameworks/vecLib.framework/Versions/A/libvMisc.dylib
0x00007ff81e9c6000 	/System/Library/Frameworks/Accelerate.framework/Versions/A/Frameworks/vecLib.framework/Versions/A/libvDSP.dylib
0x00007ff81541e000 	/System/Library/Frameworks/Accelerate.framework/Versions/A/Frameworks/vecLib.framework/Versions/A/libBLAS.dylib
0x00007ff81fc9b000 	/System/Library/Frameworks/Accelerate.framework/Versions/A/Frameworks/vecLib.framework/Versions/A/libLAPACK.dylib
0x00007ff81efdc000 	/System/Library/Frameworks/Accelerate.framework/Versions/A/Frameworks/vecLib.framework/Versions/A/libLinearAlgebra.dylib
0x00007ff81fba1000 	/System/Library/Frameworks/Accelerate.framework/Versions/A/Frameworks/vecLib.framework/Versions/A/libSparseBLAS.dylib
0x00007ff81fc95000 	/System/Library/Frameworks/Accelerate.framework/Versions/A/Frameworks/vecLib.framework/Versions/A/libQuadrature.dylib
0x00007ff81e2f2000 	/System/Library/Frameworks/Accelerate.framework/Versions/A/Frameworks/vecLib.framework/Versions/A/libBNNS.dylib
0x00007ff8156b8000 	/System/Library/Frameworks/Accelerate.framework/Versions/A/Frameworks/vecLib.framework/Versions/A/libSparse.dylib
0x00007ff81e2eb000 	/System/Library/PrivateFrameworks/LinguisticData.framework/Versions/A/LinguisticData
0x00007ff81566e000 	/System/Library/PrivateFrameworks/Lexicon.framework/Versions/A/Lexicon
0x00007ff82014b000 	/usr/lib/libChineseTokenizer.dylib
0x00007ff815dd0000 	/System/Library/PrivateFrameworks/LanguageModeling.framework/Versions/A/LanguageModeling
0x00007ff81fb66000 	/System/Library/PrivateFrameworks/AppleSauce.framework/Versions/A/AppleSauce
0x00007ff81eb89000 	/System/Library/PrivateFrameworks/CoreEmoji.framework/Versions/A/CoreEmoji
0x00007ff81fa66000 	/usr/lib/libcmph.dylib
0x00007ff81c25a000 	/System/Library/Frameworks/OpenDirectory.framework/Versions/A/Frameworks/CFOpenDirectory.framework/Versions/A/CFOpenDirectory
0x00007ff81c24e000 	/System/Library/Frameworks/OpenDirectory.framework/Versions/A/OpenDirectory
0x00007ff8200a4000 	/System/Library/PrivateFrameworks/APFS.framework/Versions/A/APFS
0x00007ff81eea6000 	/System/Library/Frameworks/SecurityFoundation.framework/Versions/A/SecurityFoundation
0x00007ff82011f000 	/usr/lib/libutil.dylib
0x00007ff8174b8000 	/System/Library/PrivateFrameworks/CoreServicesStore.framework/Versions/A/CoreServicesStore
0x00007ff820123000 	/usr/lib/libxslt.1.dylib
0x00007ff81ef33000 	/System/Library/PrivateFrameworks/BackgroundTaskManagement.framework/Versions/A/BackgroundTaskManagement
0x00007ff82158e000 	/System/Library/Frameworks/ImageIO.framework/Versions/A/Resources/libRadiance.dylib
0x00007ff821597000 	/System/Library/Frameworks/ImageIO.framework/Versions/A/Resources/libJPEG.dylib
0x00007ff8214e8000 	/System/Library/Frameworks/ImageIO.framework/Versions/A/Resources/libPng.dylib
0x00007ff821509000 	/System/Library/Frameworks/ImageIO.framework/Versions/A/Resources/libTIFF.dylib
0x00007ff8215f7000 	/System/Library/Frameworks/ImageIO.framework/Versions/A/Resources/libGIF.dylib
0x00007ff820e23000 	/System/Library/Frameworks/ImageIO.framework/Versions/A/Resources/libJP2.dylib
0x00007ff820561000 	/usr/lib/libexpat.1.dylib
0x00007ff820dd8000 	/System/Library/PrivateFrameworks/AppleJPEG.framework/Versions/A/AppleJPEG
0x00007ff81d73b000 	/System/Library/PrivateFrameworks/FontServices.framework/libFontParser.dylib
0x00007ff81b258000 	/System/Library/PrivateFrameworks/RunningBoardServices.framework/Versions/A/RunningBoardServices
0x00007ff82bf43000 	/System/Library/PrivateFrameworks/IOSurfaceAccelerator.framework/Versions/A/IOSurfaceAccelerator
0x00007ff820f05000 	/System/Library/PrivateFrameworks/WatchdogClient.framework/Versions/A/WatchdogClient
0x00007ff815ebe000 	/System/Library/Frameworks/CoreDisplay.framework/Versions/A/CoreDisplay
0x00007ff81d639000 	/System/Library/Frameworks/CoreMedia.framework/Versions/A/CoreMedia
0x00007ff81d4d0000 	/System/Library/PrivateFrameworks/IOAccelerator.framework/Versions/A/IOAccelerator
0x00007ff81c3d7000 	/System/Library/Frameworks/CoreVideo.framework/Versions/A/CoreVideo
0x00007ff81fbb7000 	/System/Library/Frameworks/MetalPerformanceShaders.framework/Versions/A/MetalPerformanceShaders
0x00007ff820f42000 	/System/Library/Frameworks/VideoToolbox.framework/Versions/A/VideoToolbox
0x00007ff81b1a2000 	/System/Library/PrivateFrameworks/BaseBoard.framework/Versions/A/BaseBoard
0x00007ff81af29000 	/System/Library/PrivateFrameworks/ProtocolBuffer.framework/Versions/A/ProtocolBuffer
0x00007ff821587000 	/System/Library/PrivateFrameworks/GPUWrangler.framework/Versions/A/GPUWrangler
0x00007ff82156b000 	/System/Library/PrivateFrameworks/IOPresentment.framework/Versions/A/IOPresentment
0x00007ff821591000 	/System/Library/PrivateFrameworks/DSExternalDisplay.framework/Versions/A/DSExternalDisplay
0x00007ffa2cbec000 	/System/Library/Frameworks/OpenGL.framework/Versions/A/Libraries/libCoreFSCache.dylib
0x00007ffb198a8000 	/System/Library/PrivateFrameworks/GPUCompiler.framework/Versions/31001/Libraries/libGPUCompilerUtils.dylib
0x00007ff8215fc000 	/System/Library/PrivateFrameworks/CMCaptureCore.framework/Versions/A/CMCaptureCore
0x00007ff820b09000 	/System/Library/PrivateFrameworks/AppServerSupport.framework/Versions/A/AppServerSupport
0x00007ff822dc8000 	/System/Library/PrivateFrameworks/perfdata.framework/Versions/A/perfdata
0x00007ff815fea000 	/System/Library/PrivateFrameworks/AudioToolboxCore.framework/Versions/A/AudioToolboxCore
0x00007ff81d617000 	/System/Library/PrivateFrameworks/caulk.framework/Versions/A/caulk
0x00007ff8226da000 	/usr/lib/libAudioStatistics.dylib
0x00007ff919e82000 	/System/Library/PrivateFrameworks/SystemPolicy.framework/Versions/A/SystemPolicy
0x00007ff822935000 	/usr/lib/libSMC.dylib
0x00007ff82b83e000 	/System/Library/Frameworks/CoreMIDI.framework/Versions/A/CoreMIDI
0x00007ff8214b7000 	/usr/lib/libAudioToolboxUtility.dylib
0x00007ff916125000 	/System/Library/PrivateFrameworks/OSAServicesClient.framework/Versions/A/OSAServicesClient
0x00007ff822dd5000 	/usr/lib/libperfcheck.dylib
0x00007ff91a92c000 	/usr/lib/libmis.dylib
0x00007ffa2cc47000 	/System/Library/Frameworks/OpenGL.framework/Versions/A/Libraries/libGLU.dylib
0x00007ffa2cc0b000 	/System/Library/Frameworks/OpenGL.framework/Versions/A/Libraries/libGFXShared.dylib
0x00007ffa2ce14000 	/System/Library/Frameworks/OpenGL.framework/Versions/A/Libraries/libGL.dylib
0x00007ffa2cc14000 	/System/Library/Frameworks/OpenGL.framework/Versions/A/Libraries/libGLImage.dylib
0x00007ffa2cc08000 	/System/Library/Frameworks/OpenGL.framework/Versions/A/Libraries/libCVMSPluginSupport.dylib
0x00007ffa2cbf3000 	/System/Library/Frameworks/OpenGL.framework/Versions/A/Libraries/libCoreVMClient.dylib
0x00007ff81e183000 	/System/Library/Frameworks/MetalPerformanceShaders.framework/Versions/A/Frameworks/MPSCore.framework/Versions/A/MPSCore
0x00007ff81f54f000 	/System/Library/Frameworks/MetalPerformanceShaders.framework/Versions/A/Frameworks/MPSImage.framework/Versions/A/MPSImage
0x00007ff81eff2000 	/System/Library/Frameworks/MetalPerformanceShaders.framework/Versions/A/Frameworks/MPSNeuralNetwork.framework/Versions/A/MPSNeuralNetwork
0x00007ff81f466000 	/System/Library/Frameworks/MetalPerformanceShaders.framework/Versions/A/Frameworks/MPSMatrix.framework/Versions/A/MPSMatrix
0x00007ff81f221000 	/System/Library/Frameworks/MetalPerformanceShaders.framework/Versions/A/Frameworks/MPSRayIntersector.framework/Versions/A/MPSRayIntersector
0x00007ff81f49e000 	/System/Library/Frameworks/MetalPerformanceShaders.framework/Versions/A/Frameworks/MPSNDArray.framework/Versions/A/MPSNDArray
0x00007ffa31b74000 	/System/Library/Frameworks/MetalPerformanceShaders.framework/Versions/A/Frameworks/MPSFunctions.framework/Versions/A/MPSFunctions
0x00007ff8152fb000 	/System/Library/PrivateFrameworks/MetalTools.framework/Versions/A/MetalTools
0x00007ff81e1ff000 	/System/Library/PrivateFrameworks/AggregateDictionary.framework/Versions/A/AggregateDictionary
0x00007ff820343000 	/usr/lib/libIOReport.dylib
0x00007ffa2e223000 	/System/Library/Frameworks/OpenCL.framework/Versions/A/OpenCL
0x00007ff8206a7000 	/System/Library/PrivateFrameworks/FaceCore.framework/Versions/A/FaceCore
0x00007ff820698000 	/System/Library/PrivateFrameworks/GraphVisualizer.framework/Versions/A/GraphVisualizer
0x00007ffb197b3000 	/System/Library/PrivateFrameworks/FontServices.framework/Versions/A/FontServices
0x00007ff820ac1000 	/System/Library/PrivateFrameworks/OTSVG.framework/Versions/A/OTSVG
0x00007ff81bfbe000 	/System/Library/Frameworks/ApplicationServices.framework/Versions/A/Frameworks/ATS.framework/Versions/A/Resources/libFontRegistry.dylib
0x00007ff820b11000 	/System/Library/PrivateFrameworks/FontServices.framework/libhvf.dylib
0x00007ffb197b4000 	/System/Library/PrivateFrameworks/FontServices.framework/libXTFontStaticRegistryData.dylib
0x00007ff820511000 	/System/Library/PrivateFrameworks/AppleVA.framework/Versions/A/AppleVA
0x00007ff8226fa000 	/System/Library/Frameworks/ApplicationServices.framework/Versions/A/Frameworks/ATS.framework/Versions/A/ATS
0x00007ff81a670000 	/System/Library/Frameworks/ApplicationServices.framework/Versions/A/Frameworks/HIServices.framework/Versions/A/HIServices
0x00007ff821606000 	/System/Library/Frameworks/ApplicationServices.framework/Versions/A/Frameworks/PrintCore.framework/Versions/A/PrintCore
0x00007ff822a88000 	/System/Library/Frameworks/ApplicationServices.framework/Versions/A/Frameworks/QD.framework/Versions/A/QD
0x00007ff822a80000 	/System/Library/Frameworks/ApplicationServices.framework/Versions/A/Frameworks/ColorSyncLegacy.framework/Versions/A/ColorSyncLegacy
0x00007ff8226ea000 	/System/Library/Frameworks/ApplicationServices.framework/Versions/A/Frameworks/SpeechSynthesis.framework/Versions/A/SpeechSynthesis
0x00007ff8215c7000 	/System/Library/Frameworks/ApplicationServices.framework/Versions/A/Frameworks/ATSUI.framework/Versions/A/ATSUI
0x00007ff822a15000 	/usr/lib/libcups.2.dylib
0x00007ff822de4000 	/System/Library/Frameworks/Kerberos.framework/Versions/A/Kerberos
0x00007ff822df3000 	/System/Library/Frameworks/GSS.framework/Versions/A/GSS
0x00007ff822766000 	/usr/lib/libresolv.9.dylib
0x00007ff820b20000 	/System/Library/PrivateFrameworks/Heimdal.framework/Versions/A/Heimdal
0x00007ff8299c0000 	/System/Library/Frameworks/Kerberos.framework/Versions/A/Libraries/libHeimdalProxy.dylib
0x00007ff81b32b000 	/System/Library/Frameworks/Network.framework/Versions/A/Network
0x00007ff82057b000 	/usr/lib/libheimdal-asn1.dylib
0x00007ff822e3e000 	/System/Library/PrivateFrameworks/CommonAuth.framework/Versions/A/CommonAuth
0x00007ff82266c000 	/System/Library/PrivateFrameworks/AudioSession.framework/Versions/A/AudioSession
0x00007ff82060b000 	/System/Library/PrivateFrameworks/MediaExperience.framework/Versions/A/MediaExperience
0x00007ff8224ff000 	/System/Library/PrivateFrameworks/AudioSession.framework/libSessionUtility.dylib
0x00007ff822a94000 	/System/Library/PrivateFrameworks/AudioResourceArbitration.framework/Versions/A/AudioResourceArbitration
0x00007ff826b07000 	/System/Library/PrivateFrameworks/PowerLog.framework/Versions/A/PowerLog
0x00007ff820584000 	/System/Library/PrivateFrameworks/IconFoundation.framework/Versions/A/IconFoundation
0x00007ff8258bd000 	/System/Library/PrivateFrameworks/SpeechRecognitionCore.framework/Versions/A/SpeechRecognitionCore
0x000000010766b000 	/Library/Java/JavaVirtualMachines/jdk-15.0.2.jdk/Contents/Home/lib/server/libjvm.dylib
0x0000000106739000 	/Library/Java/JavaVirtualMachines/jdk-15.0.2.jdk/Contents/Home/lib/libjimage.dylib
0x0000000106755000 	/Library/Java/JavaVirtualMachines/jdk-15.0.2.jdk/Contents/Home/lib/libinstrument.dylib
0x0000000106790000 	/Library/Java/JavaVirtualMachines/jdk-15.0.2.jdk/Contents/Home/lib/libjava.dylib
0x0000000107616000 	/Library/Java/JavaVirtualMachines/jdk-15.0.2.jdk/Contents/Home/lib/libnio.dylib
0x000000010762a000 	/Library/Java/JavaVirtualMachines/jdk-15.0.2.jdk/Contents/Home/lib/libnet.dylib
0x0000000107643000 	/Library/Java/JavaVirtualMachines/jdk-15.0.2.jdk/Contents/Home/lib/libzip.dylib
0x0000000107651000 	/Users/aghajari/.openjfx/cache/17.0.1/libprism_es2.dylib
0x00007ff81747a000 	/System/Library/PrivateFrameworks/CoreServicesInternal.framework/Versions/A/CoreServicesInternal
0x00007ffa2ce1f000 	/System/Library/Frameworks/OpenGL.framework/Versions/A/Resources/GLEngine.bundle/GLEngine
0x00007ffa2cc85000 	/System/Library/Frameworks/OpenGL.framework/Versions/A/Libraries/libGLProgrammability.dylib
0x00007ffa21ca0000 	/System/Library/Extensions/AppleIntelKBLGraphicsGLDriver.bundle/Contents/MacOS/AppleIntelKBLGraphicsGLDriver
0x00007ff924a66000 	/System/Library/PrivateFrameworks/GPUSupport.framework/Versions/A/Libraries/libGPUSupportMercury.dylib
0x00007ffa2cfa9000 	/System/Library/Frameworks/OpenGL.framework/Versions/A/Resources/GLRendererFloat.bundle/GLRendererFloat
0x0000000115992000 	/Users/aghajari/.openjfx/cache/17.0.1/libglass.dylib
0x00007ff8270f8000 	/System/Library/Frameworks/FileProvider.framework/Versions/A/FileProvider
0x00007ff81b10f000 	/System/Library/Frameworks/Accounts.framework/Versions/A/Accounts
0x00007ff827271000 	/System/Library/PrivateFrameworks/GenerationalStorage.framework/Versions/A/GenerationalStorage
0x00007ff827d84000 	/System/Library/PrivateFrameworks/CoreSymbolication.framework/Versions/A/CoreSymbolication
0x00007ff826afc000 	/System/Library/PrivateFrameworks/SymptomDiagnosticReporter.framework/Versions/A/SymptomDiagnosticReporter
0x00007ff818738000 	/System/Library/PrivateFrameworks/DesktopServicesPriv.framework/Versions/A/DesktopServicesPriv
0x00007ff8175b9000 	/usr/lib/libsandbox.1.dylib
0x00007ff81c456000 	/System/Library/PrivateFrameworks/UserManagement.framework/Versions/A/UserManagement
0x00007ff827d49000 	/System/Library/PrivateFrameworks/DebugSymbols.framework/Versions/A/DebugSymbols
0x00007ff822a75000 	/System/Library/PrivateFrameworks/NetAuth.framework/Versions/A/NetAuth
0x00007ff823982000 	/System/Library/PrivateFrameworks/Sharing.framework/Versions/A/Sharing
0x00007ff81c429000 	/System/Library/PrivateFrameworks/login.framework/Versions/A/Frameworks/loginsupport.framework/Versions/A/loginsupport
0x00007ff828ee7000 	/System/Library/PrivateFrameworks/Apple80211.framework/Versions/A/Apple80211
0x00007ff81f634000 	/System/Library/PrivateFrameworks/AuthKit.framework/Versions/A/AuthKit
0x00007ff81ec7f000 	/System/Library/PrivateFrameworks/CoreUtils.framework/Versions/A/CoreUtils
0x00007ff81eba6000 	/System/Library/Frameworks/CoreWLAN.framework/Versions/A/CoreWLAN
0x00007ff823ae1000 	/System/Library/Frameworks/IOBluetooth.framework/Versions/A/IOBluetooth
0x00007ff828f4f000 	/System/Library/PrivateFrameworks/CoreWiFi.framework/Versions/A/CoreWiFi
0x00007ff82791b000 	/System/Library/PrivateFrameworks/FrontBoardServices.framework/Versions/A/FrontBoardServices
0x00007ff8279ac000 	/System/Library/PrivateFrameworks/BoardServices.framework/Versions/A/BoardServices
0x00007ff81ee95000 	/System/Library/PrivateFrameworks/AssertionServices.framework/Versions/A/AssertionServices
0x00007ff8290d2000 	/System/Library/PrivateFrameworks/BackBoardServices.framework/Versions/A/BackBoardServices
0x00007ff822ecf000 	/System/Library/PrivateFrameworks/CorePhoneNumbers.framework/Versions/A/CorePhoneNumbers
0x00007ff826c19000 	/System/Library/PrivateFrameworks/DiskManagement.framework/Versions/A/DiskManagement
0x00007ff826b2d000 	/System/Library/PrivateFrameworks/AppleIDAuthSupport.framework/Versions/A/AppleIDAuthSupport
0x00007ffa34135000 	/System/Library/PrivateFrameworks/AAAFoundation.framework/Versions/A/AAAFoundation
0x00007ff822eb0000 	/System/Library/PrivateFrameworks/KeychainCircle.framework/Versions/A/KeychainCircle
0x00007ff826be5000 	/System/Library/PrivateFrameworks/MediaKit.framework/Versions/A/MediaKit
0x00007ff826b39000 	/System/Library/Frameworks/DiscRecording.framework/Versions/A/DiscRecording
0x00007ff820489000 	/usr/lib/libCoreStorage.dylib
0x00007ff8293c0000 	/usr/lib/libcsfde.dylib
0x00007ff823bae000 	/System/Library/PrivateFrameworks/ProtectedCloudStorage.framework/Versions/A/ProtectedCloudStorage
0x00007ff8293bc000 	/System/Library/PrivateFrameworks/EFILogin.framework/Versions/A/EFILogin
0x00007ff827297000 	/System/Library/PrivateFrameworks/OctagonTrust.framework/Versions/A/OctagonTrust
0x00007ffb18a22000 	/System/Library/PrivateFrameworks/CoreUtilsExtras.framework/Versions/A/CoreUtilsExtras
0x00007ff826a60000 	/System/Library/Frameworks/CoreBluetooth.framework/Versions/A/CoreBluetooth
0x00007ff829a45000 	/System/Library/Frameworks/AudioUnit.framework/Versions/A/AudioUnit
0x00007ff820481000 	/usr/lib/libMatch.1.dylib
0x00007ff91ef05000 	/System/Library/Frameworks/Accelerate.framework/Versions/A/Frameworks/vImage.framework/Versions/A/Libraries/libCGInterfaces.dylib
0x0000000129a37000 	/usr/lib/libobjc-trampolines.dylib
0x00007ff81c14e000 	/System/Library/PrivateFrameworks/ViewBridge.framework/Versions/A/ViewBridge


VM Arguments:
jvm_args: --add-modules=javafx.controls,javafx.fxml --add-opens=javafx.controls/com.sun.javafx.scene.control.skin=Discord -javaagent:/Applications/IntelliJ IDEA.app/Contents/lib/idea_rt.jar=51341:/Applications/IntelliJ IDEA.app/Contents/bin -Dfile.encoding=UTF-8 --module-path=/Users/aghajari/IdeaProjects/Discord/target/classes:/Users/aghajari/.m2/repository/org/openjfx/javafx-controls/17.0.1/javafx-controls-17.0.1-mac.jar:/Users/aghajari/.m2/repository/org/openjfx/javafx-graphics/17.0.1/javafx-graphics-17.0.1.jar:/Users/aghajari/.m2/repository/org/openjfx/javafx-fxml/17.0.1/javafx-fxml-17.0.1-mac.jar:/Users/aghajari/.m2/repository/org/openjfx/javafx-controls/17.0.1/javafx-controls-17.0.1.jar:/Users/aghajari/.m2/repository/org/openjfx/javafx-media/17.0.1/javafx-media-17.0.1-mac.jar:/Users/aghajari/.m2/repository/org/openjfx/javafx-graphics/17.0.1/javafx-graphics-17.0.1-mac.jar:/Users/aghajari/.m2/repository/org/openjfx/javafx-base/17.0.1/javafx-base-17.0.1.jar:/Users/aghajari/.m2/repository/org/openjfx/javafx-base/17.0.1/javafx-base-17.0.1-mac.jar:/Users/aghajari/.m2/repository/com/jfoenix/jfoenix/9.0.10/jfoenix-9.0.10.jar:/Users/aghajari/.m2/repository/com/squareup/retrofit2/retrofit/2.9.0/retrofit-2.9.0.jar:/Users/aghajari/.m2/repository/com/squareup/okhttp3/okhttp/3.14.9/okhttp-3.14.9.jar:/Users/aghajari/.m2/repository/com/squareup/okio/okio/1.17.2/okio-1.17.2.jar:/Users/aghajari/.m2/repository/com/squareup/retrofit2/converter-gson/2.9.0/converter-gson-2.9.0.jar:/Users/aghajari/.m2/repository/com/squareup/retrofit2/converter-scalars/2.9.0/converter-scalars-2.9.0.jar:/Users/aghajari/.m2/repository/com/google/code/gson/gson/2.9.0/gson-2.9.0.jar:/Users/aghajari/.m2/repository/io/github/palexdev/materialfx/11.13.5/materialfx-11.13.5.jar:/Users/aghajari/.m2/repository/io/github/palexdev/virtualizedfx/11.2.6/virtualizedfx-11.2.6.jar:/Users/aghajari/.m2/repository/com/github/jiconfont/jiconfont-javafx/1.0.0/jiconfont-javafx-1.0.0.jar:/Users/aghajari/.m2/repository/com/github/jiconfont/jiconfont/1.0.0/jiconfont-1.0.0.jar:/Users/aghajari/.m2/repository/com/github/jiconfont/jiconfont-google_material_design_icons/2.2.0.2/jiconfont-google_material_design_icons-2.2.0.2.jar -Djdk.module.main=Discord 
java_command: Discord/com.aghajari.Main --add-opens javafx.controls/com.sun.javafx.scene.control.skin=Discord
java_class_path (initial): <not set>
Launcher Type: SUN_STANDARD

[Global flags]
     intx CICompilerCount                          = 3                                         {product} {ergonomic}
     uint ConcGCThreads                            = 1                                         {product} {ergonomic}
     uint G1ConcRefinementThreads                  = 4                                         {product} {ergonomic}
   size_t G1HeapRegionSize                         = 1048576                                   {product} {ergonomic}
    uintx GCDrainStackTargetSize                   = 64                                        {product} {ergonomic}
   size_t InitialHeapSize                          = 134217728                                 {product} {ergonomic}
   size_t MarkStackSize                            = 4194304                                   {product} {ergonomic}
   size_t MaxHeapSize                              = 2147483648                                {product} {ergonomic}
   size_t MaxNewSize                               = 1287651328                                {product} {ergonomic}
   size_t MinHeapDeltaBytes                        = 1048576                                   {product} {ergonomic}
   size_t MinHeapSize                              = 8388608                                   {product} {ergonomic}
    uintx NonNMethodCodeHeapSize                   = 5832780                                {pd product} {ergonomic}
    uintx NonProfiledCodeHeapSize                  = 122912730                              {pd product} {ergonomic}
    uintx ProfiledCodeHeapSize                     = 122912730                              {pd product} {ergonomic}
    uintx ReservedCodeCacheSize                    = 251658240                              {pd product} {ergonomic}
     bool SegmentedCodeCache                       = true                                      {product} {ergonomic}
   size_t SoftMaxHeapSize                          = 2147483648                             {manageable} {ergonomic}
     bool UseCompressedClassPointers               = true                                 {lp64_product} {ergonomic}
     bool UseCompressedOops                        = true                                 {lp64_product} {ergonomic}
     bool UseG1GC                                  = true                                      {product} {ergonomic}
     bool UseNUMA                                  = false                                     {product} {ergonomic}
     bool UseNUMAInterleaving                      = false                                     {product} {ergonomic}

Logging:
Log output configuration:
 #0: stdout all=warning uptime,level,tags
 #1: stderr all=off uptime,level,tags

Environment Variables:
PATH=/usr/bin:/bin:/usr/sbin:/sbin
SHELL=/bin/zsh

Signal Handlers:
SIGSEGV: [libjvm.dylib+0x9ff2f0], sa_mask[0]=11111111011111110111111111111111, sa_flags=SA_ONSTACK|SA_RESTART|SA_SIGINFO
SIGBUS: [libjvm.dylib+0x9ff2f0], sa_mask[0]=11111111011111110111111111111111, sa_flags=SA_RESTART|SA_SIGINFO
SIGFPE: [libjvm.dylib+0x9ff2f0], sa_mask[0]=11111111011111110111111111111111, sa_flags=SA_RESTART|SA_SIGINFO
SIGPIPE: [libjvm.dylib+0x82ae30], sa_mask[0]=11111111011111110111111111111111, sa_flags=SA_RESTART|SA_SIGINFO
SIGXFSZ: [libjvm.dylib+0x82ae30], sa_mask[0]=11111111011111110111111111111111, sa_flags=SA_RESTART|SA_SIGINFO
SIGILL: [libjvm.dylib+0x9ff2f0], sa_mask[0]=11111111011111110111111111111111, sa_flags=SA_RESTART|SA_SIGINFO
SIGUSR2: [libjvm.dylib+0x82b940], sa_mask[0]=00100000000000000000000000000000, sa_flags=SA_RESTART|SA_SIGINFO
SIGHUP: [libjvm.dylib+0x82a040], sa_mask[0]=11111111011111110111111111111111, sa_flags=SA_RESTART|SA_SIGINFO
SIGINT: [libjvm.dylib+0x82a040], sa_mask[0]=11111111011111110111111111111111, sa_flags=SA_RESTART|SA_SIGINFO
SIGTERM: [libjvm.dylib+0x82a040], sa_mask[0]=11111111011111110111111111111111, sa_flags=SA_RESTART|SA_SIGINFO
SIGQUIT: [libjvm.dylib+0x82a040], sa_mask[0]=11111111011111110111111111111111, sa_flags=SA_RESTART|SA_SIGINFO


---------------  S Y S T E M  ---------------

OS:uname: Darwin 21.4.0 Darwin Kernel Version 21.4.0: Fri Mar 18 00:45:05 PDT 2022; root:xnu-8020.101.4~15/RELEASE_X86_64 x86_64
OS uptime: 24 days 13:27 hours
rlimit (soft/hard): STACK 8192k/65532k , CORE 0k/infinity , NPROC 1392/2088 , NOFILE 10240/infinity , AS infinity/infinity , CPU infinity/infinity , DATA infinity/infinity , FSIZE infinity/infinity , MEMLOCK infinity/infinity , RSS infinity/infinity
load average: 12.06 6.52 5.73

CPU: total 4 (initial active 4) (2 cores per cpu, 2 threads per core) family 6 model 142 stepping 9 microcode 0xec, cmov, cx8, fxsr, mmx, sse, sse2, sse3, ssse3, sse4.1, sse4.2, popcnt, vzeroupper, avx, avx2, aes, clmul, erms, rtm, 3dnowpref, lzcnt, ht, tsc, tscinvbit, bmi1, bmi2, adx, fma, clflush, clflushopt

Memory: 4k page, physical 8388608k(851340k free), swap 5242880k(1191936k free)

vm_info: Java HotSpot(TM) 64-Bit Server VM (15.0.2+7-27) for bsd-amd64 JRE (15.0.2+7-27), built on Dec  7 2020 20:08:32 by "mach5one" with clang 4.2.1 Compatible Apple LLVM 10.0.0 (clang-1000.11.45.5)

END.
