#
# A fatal error has been detected by the Java Runtime Environment:
#
#  SIGSEGV (0xb) at pc=0x0000000110dfa5e4, pid=1164, tid=259
#
# JRE version: Java(TM) SE Runtime Environment (15.0.2+7) (build 15.0.2+7-27)
# Java VM: Java HotSpot(TM) 64-Bit Server VM (15.0.2+7-27, mixed mode, sharing, tiered, compressed oops, g1 gc, bsd-amd64)
# Problematic frame:
# V  [libjvm.dylib+0x1805e4]  _ZN14AccessInternal19PostRuntimeDispatchIN12G1BarrierSet13AccessBarrierILy1335414ES1_EELNS_11BarrierTypeE3ELy1335414EE18oop_access_barrierEP7oopDescl+0x4
#
# No core dump will be written. Core dumps have been disabled. To enable core dumping, try "ulimit -c unlimited" before starting Java again
#
# If you would like to submit a bug report, please visit:
#   https://bugreport.java.com/bugreport/crash.jsp
#

---------------  S U M M A R Y ------------

Command Line: --add-modules=javafx.controls,javafx.fxml --add-opens=javafx.controls/com.sun.javafx.scene.control.skin=Discord -javaagent:/Applications/IntelliJ IDEA.app/Contents/lib/idea_rt.jar=49837:/Applications/IntelliJ IDEA.app/Contents/bin -Dfile.encoding=UTF-8 --module-path=/Users/aghajari/IdeaProjects/Discord/target/classes:/Users/aghajari/.m2/repository/org/openjfx/javafx-controls/17.0.1/javafx-controls-17.0.1-mac.jar:/Users/aghajari/.m2/repository/org/openjfx/javafx-graphics/17.0.1/javafx-graphics-17.0.1.jar:/Users/aghajari/.m2/repository/org/openjfx/javafx-fxml/17.0.1/javafx-fxml-17.0.1-mac.jar:/Users/aghajari/.m2/repository/org/openjfx/javafx-controls/17.0.1/javafx-controls-17.0.1.jar:/Users/aghajari/.m2/repository/org/openjfx/javafx-media/17.0.1/javafx-media-17.0.1-mac.jar:/Users/aghajari/.m2/repository/org/openjfx/javafx-graphics/17.0.1/javafx-graphics-17.0.1-mac.jar:/Users/aghajari/.m2/repository/org/openjfx/javafx-base/17.0.1/javafx-base-17.0.1.jar:/Users/aghajari/.m2/repository/org/openjfx/javafx-base/17.0.1/javafx-base-17.0.1-mac.jar:/Users/aghajari/.m2/repository/com/jfoenix/jfoenix/9.0.10/jfoenix-9.0.10.jar:/Users/aghajari/.m2/repository/com/squareup/retrofit2/retrofit/2.9.0/retrofit-2.9.0.jar:/Users/aghajari/.m2/repository/com/squareup/okhttp3/okhttp/3.14.9/okhttp-3.14.9.jar:/Users/aghajari/.m2/repository/com/squareup/okio/okio/1.17.2/okio-1.17.2.jar:/Users/aghajari/.m2/repository/com/squareup/retrofit2/converter-gson/2.9.0/converter-gson-2.9.0.jar:/Users/aghajari/.m2/repository/com/squareup/retrofit2/converter-scalars/2.9.0/converter-scalars-2.9.0.jar:/Users/aghajari/.m2/repository/com/google/code/gson/gson/2.9.0/gson-2.9.0.jar:/Users/aghajari/.m2/repository/io/github/palexdev/materialfx/11.13.5/materialfx-11.13.5.jar:/Users/aghajari/.m2/repository/io/github/palexdev/virtualizedfx/11.2.6/virtualizedfx-11.2.6.jar:/Users/aghajari/.m2/repository/com/github/jiconfont/jiconfont-javafx/1.0.0/jiconfont-javafx-1.0.0.jar:/Users/aghajari/.m2/repository/com/github/jiconfont/jiconfont/1.0.0/jiconfont-1.0.0.jar:/Users/aghajari/.m2/repository/com/github/jiconfont/jiconfont-google_material_design_icons/2.2.0.2/jiconfont-google_material_design_icons-2.2.0.2.jar:/Users/aghajari/.m2/repository/com/google/zxing/javase/3.5.0/-Djdk.module.main=Discord Discord/com.aghajari.Main --add-opens javafx.controls/com.sun.javafx.scene.control.skin=Discord

Host: MacBookPro14,1 x86_64 2300 MHz, 4 cores, 8G, Darwin 21.4.0
Time: Sat Jul  9 01:55:28 2022 +0430 elapsed time: 0.849229 seconds (0d 0h 0m 0s)

---------------  T H R E A D  ---------------

Current thread (0x00007f8474902200):  JavaThread "Thread-2" [_thread_in_vm, id=259, stack(0x00007ff7b0383000,0x00007ff7b0b83000)]

Stack: [0x00007ff7b0383000,0x00007ff7b0b83000],  sp=0x00007ff7b0b7d7d0,  free space=8169k
Native frames: (J=compiled Java code, A=aot compiled Java code, j=interpreted, Vv=VM code, C=native code)
V  [libjvm.dylib+0x1805e4]  _ZN14AccessInternal19PostRuntimeDispatchIN12G1BarrierSet13AccessBarrierILy1335414ES1_EELNS_11BarrierTypeE3ELy1335414EE18oop_access_barrierEP7oopDescl+0x4
V  [libjvm.dylib+0x958937]  _ZL26unpack_method_and_appendix6HandleP5Klass14objArrayHandlePS_P6Thread+0x57
V  [libjvm.dylib+0x95976b]  _ZN16SystemDictionary23invoke_bootstrap_methodER13BootstrapInfoP6Thread+0x39b
V  [libjvm.dylib+0x6cbb2e]  _ZN12LinkResolver20resolve_dynamic_callER8CallInfoR13BootstrapInfoP6Thread+0x1e
V  [libjvm.dylib+0x6cb6a2]  _ZN12LinkResolver21resolve_invokedynamicER8CallInfoRK18constantPoolHandleiP6Thread+0x82
V  [libjvm.dylib+0x4a7195]  _ZN18InterpreterRuntime21resolve_invokedynamicEP10JavaThread+0x205
V  [libjvm.dylib+0x4a7312]  _ZN18InterpreterRuntime18resolve_from_cacheEP10JavaThreadN9Bytecodes4CodeE+0x112
j  com.sun.glass.ui.Screen.<clinit>()V+4 javafx.graphics
v  ~StubRoutines::call_stub
V  [libjvm.dylib+0x4adf62]  _ZN9JavaCalls11call_helperEP9JavaValueRK12methodHandleP17JavaCallArgumentsP6Thread+0x2e2
V  [libjvm.dylib+0x48bdf8]  _ZN13InstanceKlass22call_class_initializerEP6Thread+0x298
V  [libjvm.dylib+0x48b542]  _ZN13InstanceKlass15initialize_implEP6Thread+0x3e2
V  [libjvm.dylib+0x6c88a8]  _ZN12LinkResolver19resolve_static_callER8CallInfoRK8LinkInfobP6Thread+0x68
V  [libjvm.dylib+0x6cb25a]  _ZN12LinkResolver14resolve_invokeER8CallInfo6HandleRK18constantPoolHandleiN9Bytecodes4CodeEP6Thread+0xea
V  [libjvm.dylib+0x4a695f]  _ZN18InterpreterRuntime14resolve_invokeEP10JavaThreadN9Bytecodes4CodeE+0x46f
V  [libjvm.dylib+0x4a7257]  _ZN18InterpreterRuntime18resolve_from_cacheEP10JavaThreadN9Bytecodes4CodeE+0x57
j  com.sun.glass.ui.Application.lambda$run$1(Ljava/lang/Runnable;)V+0 javafx.graphics
j  com.sun.glass.ui.Application$$Lambda$108+0x0000000800bc7548.run()V+4 javafx.graphics
j  com.sun.glass.ui.mac.MacApplication.lambda$runLoop$3(Ljava/lang/Runnable;)V+12 javafx.graphics
j  com.sun.glass.ui.mac.MacApplication$$Lambda$109+0x0000000800bc7770.run()V+8 javafx.graphics
v  ~StubRoutines::call_stub
V  [libjvm.dylib+0x4adf62]  _ZN9JavaCalls11call_helperEP9JavaValueRK12methodHandleP17JavaCallArgumentsP6Thread+0x2e2
V  [libjvm.dylib+0x505d27]  _ZL20jni_invoke_nonstaticP7JNIEnv_P9JavaValueP8_jobject11JNICallTypeP10_jmethodIDP18JNI_ArgumentPusherP6Thread+0x397
V  [libjvm.dylib+0x50a3db]  jni_CallVoidMethod+0x19b
C  [libglass.dylib+0x8582]  -[GlassApplication applicationWillFinishLaunching:]+0x192
C  [CoreFoundation+0x7503c]  __CFNOTIFICATIONCENTER_IS_CALLING_OUT_TO_AN_OBSERVER__+0xc
C  [CoreFoundation+0x112592]  ___CFXRegistrationPost_block_invoke+0x31
C  [CoreFoundation+0x112510]  _CFXRegistrationPost+0x1f0
C  [CoreFoundation+0x46ca8]  _CFXNotificationPost+0x2df
C  [Foundation+0x990e]  -[NSNotificationCenter postNotificationName:object:userInfo:]+0x52
C  [AppKit+0x2f54f]  -[NSApplication finishLaunching]+0x147
C  [AppKit+0x2f159]  -[NSApplication run]+0xfa
C  [libglass.dylib+0xa2a5]  -[GlassApplication runLoop:]+0x795
C  [Foundation+0x81857]  __NSThreadPerformPerform+0xb3
C  [CoreFoundation+0x7faeb]  __CFRUNLOOP_IS_CALLING_OUT_TO_A_SOURCE0_PERFORM_FUNCTION__+0x11
C  [CoreFoundation+0x7fa53]  __CFRunLoopDoSource0+0xb4
C  [CoreFoundation+0x7f7cd]  __CFRunLoopDoSources0+0xf2
C  [CoreFoundation+0x7e1e8]  __CFRunLoopRun+0x37c
C  [CoreFoundation+0x7d7ac]  CFRunLoopRunSpecific+0x232
C  [libjli.dylib+0x6e32]  CreateExecutionEnvironment+0x192
C  [libjli.dylib+0x2674]  JLI_Launch+0x614
C  [java+0xc16]  main+0x196
C  0x000000010fc8851e

Java frames: (J=compiled Java code, j=interpreted, Vv=VM code)
j  com.sun.glass.ui.Screen.<clinit>()V+4 javafx.graphics
v  ~StubRoutines::call_stub
j  com.sun.glass.ui.Application.lambda$run$1(Ljava/lang/Runnable;)V+0 javafx.graphics
j  com.sun.glass.ui.Application$$Lambda$108+0x0000000800bc7548.run()V+4 javafx.graphics
j  com.sun.glass.ui.mac.MacApplication.lambda$runLoop$3(Ljava/lang/Runnable;)V+12 javafx.graphics
j  com.sun.glass.ui.mac.MacApplication$$Lambda$109+0x0000000800bc7770.run()V+8 javafx.graphics
v  ~StubRoutines::call_stub

siginfo: si_signo: 11 (SIGSEGV), si_code: 1 (SEGV_MAPERR), si_addr: 0x0000000000000010

Register to memory mapping:

RAX=0x0000000111893039: UseCompressedClassPointers+0 in /Library/Java/JavaVirtualMachines/jdk-15.0.2.jdk/Contents/Home/lib/server/libjvm.dylib at 0x0000000110c7a000
RBX=0x00007f84750750e0 points into unknown readable memory: 0x00007f8473837860 | 60 78 83 73 84 7f 00 00
RCX=0x0 is NULL
RDX=0x000000011182f018: _ZN14CompressedOops11_narrow_oopE+0 in /Library/Java/JavaVirtualMachines/jdk-15.0.2.jdk/Contents/Home/lib/server/libjvm.dylib at 0x0000000110c7a000
RSP=0x00007ff7b0b7d7d0 is pointing into the stack for thread: 0x00007f8474902200
RBP=0x00007ff7b0b7d7d0 is pointing into the stack for thread: 0x00007f8474902200
RSI=0x0000000000000010 is an unknown value
RDI=0x0 is NULL
R8 =0x00007f8474902200 is a thread
R9 =0x00006000033994a0 points into unknown readable memory: 0x000000012f2ac0f0 | f0 c0 2a 2f 01 00 00 00
R10=0x00000001118b09c0: _ZN19TemplateInterpreter13_active_tableE+0x4000 in /Library/Java/JavaVirtualMachines/jdk-15.0.2.jdk/Contents/Home/lib/server/libjvm.dylib at 0x0000000110c7a000
R11=0x0000000800000000 is pointing into metadata
R12=0x00007ff7b0b7d860 is pointing into the stack for thread: 0x00007f8474902200
R13=0x00000007872ac540 is an oop: java.lang.invoke.MemberName 
{0x00000007872ac540} - klass: 'java/lang/invoke/MemberName'
R14=0x0000000800bc0ea8 is a pointer to class: 
com.sun.glass.ui.Screen {0x0000000800bc0ea8}
R15=0x00007f8474902200 is a thread


Registers:
RAX=0x0000000111893039, RBX=0x00007f84750750e0, RCX=0x0000000000000000, RDX=0x000000011182f018
RSP=0x00007ff7b0b7d7d0, RBP=0x00007ff7b0b7d7d0, RSI=0x0000000000000010, RDI=0x0000000000000000
R8 =0x00007f8474902200, R9 =0x00006000033994a0, R10=0x00000001118b09c0, R11=0x0000000800000000
R12=0x00007ff7b0b7d860, R13=0x00000007872ac540, R14=0x0000000800bc0ea8, R15=0x00007f8474902200
RIP=0x0000000110dfa5e4, EFLAGS=0x0000000000010202, ERR=0x0000000000000004
  TRAPNO=0x000000000000000e

Top of Stack: (sp=0x00007ff7b0b7d7d0)
0x00007ff7b0b7d7d0:   00007ff7b0b7d820 00000001115d2937
0x00007ff7b0b7d7e0:   00007f8474902200 00007ff7b0b7d870
0x00007ff7b0b7d7f0:   00000008002acd90 00007f8474902200
0x00007ff7b0b7d800:   00006000019f5280 00000007872ac540
0x00007ff7b0b7d810:   00007ff7b0b7da00 00000000ffffffb1
0x00007ff7b0b7d820:   00007ff7b0b7d920 00000001115d376b
0x00007ff7b0b7d830:   0000001800000000 0000000100000090
0x00007ff7b0b7d840:   000060000000000c 00000007872ac540
0x00007ff7b0b7d850:   0000000000000000 0000000800bc0ea8
0x00007ff7b0b7d860:   0000000000000000 00007f84750750e0
0x00007ff7b0b7d870:   00007ff7b0b7daf8 0000000787e3f1e8
0x00007ff7b0b7d880:   6a2bb32600000118 00000007872e0358
0x00007ff7b0b7d890:   0000000787d0b9f0 00000007872e7390
0x00007ff7b0b7d8a0:   0000000787d0ba58 0000000787d0bc08
0x00007ff7b0b7d8b0:   00007ff7b0b7da10 0101010101000160
0x00007ff7b0b7d8c0:   00006000033995e0 00007ff7b0b7d878
0x00007ff7b0b7d8d0:   00007ff7b0b7d8b9 0000000800000007
0x00007ff7b0b7d8e0:   0000600000ea6b00 0000000000000000
0x00007ff7b0b7d8f0:   6a2bb3266a8000a6 00007f8474902200
0x00007ff7b0b7d900:   000000012f26ea70 000000012f27194c
0x00007ff7b0b7d910:   00007ff7b0b7dae0 00007ff7b0b7da00
0x00007ff7b0b7d920:   00007ff7b0b7d950 0000000111345b2e
0x00007ff7b0b7d930:   0000000000000000 00007f8474902200
0x00007ff7b0b7d940:   00007ff7b0b7dae0 00007ff7b0b7da00
0x00007ff7b0b7d950:   00007ff7b0b7daa0 00000001113456a2
0x00007ff7b0b7d960:   00007ff7b0b7d998 00006000033994a0
0x00007ff7b0b7d970:   0000000000000010 00007f8474902200
0x00007ff7b0b7d980:   00007ff7b0b7d9d0 0000000110e92e9d
0x00007ff7b0b7d990:   00000008003e6100 000000012f26ea70
0x00007ff7b0b7d9a0:   00007f8474902200 00007ff7b0b7da20
0x00007ff7b0b7d9b0:   00007ff7b0b7da20 0000000000000005
0x00007ff7b0b7d9c0:   00007ff7b0b7dab0 00007ff7b0b7da80 

Instructions: (pc=0x0000000110dfa5e4)
0x0000000110dfa4e4:   ff 44 89 f2 e8 d3 3c 6b 00 e9 ef fd ff ff e8 43
0x0000000110dfa4f4:   c3 8e 00 66 0f 1f 84 00 00 00 00 00 55 48 89 e5
0x0000000110dfa504:   41 56 53 49 89 f6 48 89 fb 48 8d 0d 24 8b a9 00
0x0000000110dfa514:   48 8d 05 05 d2 a6 00 48 8b 00 8b 40 10 ff c8 80
0x0000000110dfa524:   39 00 74 10 83 f8 04 73 1f 48 98 48 8d 0d 7a f6
0x0000000110dfa534:   9e 00 eb 0e 83 f8 04 73 0f 48 98 48 8d 0d 8a f6
0x0000000110dfa544:   9e 00 48 8b 04 c1 eb 21 48 8d 3d f8 d2 8e 00 48
0x0000000110dfa554:   8d 15 21 d3 8e 00 be e8 00 00 00 31 c0 e8 ca ee
0x0000000110dfa564:   17 00 e8 65 7e 6a 00 31 c0 48 89 05 8c 83 a3 00
0x0000000110dfa574:   48 89 df 4c 89 f6 5b 41 5e 5d ff e0 55 48 89 e5
0x0000000110dfa584:   8b 04 37 48 85 c0 74 12 48 8d 15 85 4a a3 00 8a
0x0000000110dfa594:   4a 08 48 d3 e0 48 03 02 5d c3 31 c0 5d c3 66 66
0x0000000110dfa5a4:   66 66 66 2e 0f 1f 84 00 00 00 00 00 55 48 89 e5
0x0000000110dfa5b4:   8b 04 37 48 85 c0 74 12 48 8d 15 55 4a a3 00 8a
0x0000000110dfa5c4:   4a 08 48 d3 e0 48 03 02 5d c3 31 c0 5d c3 66 66
0x0000000110dfa5d4:   66 66 66 2e 0f 1f 84 00 00 00 00 00 55 48 89 e5
0x0000000110dfa5e4:   8b 04 37 48 85 c0 74 12 48 8d 15 25 4a a3 00 8a
0x0000000110dfa5f4:   4a 08 48 d3 e0 48 03 02 5d c3 31 c0 5d c3 66 66
0x0000000110dfa604:   66 66 66 2e 0f 1f 84 00 00 00 00 00 55 48 89 e5
0x0000000110dfa614:   41 57 41 56 53 50 49 89 fe 41 8b 1c 36 48 85 db
0x0000000110dfa624:   74 1e 48 8d 05 eb 49 a3 00 8a 48 08 48 d3 e3 48
0x0000000110dfa634:   03 18 4c 8d 3d fb a6 ac 00 49 85 1f 75 10 eb 54
0x0000000110dfa644:   31 db 4c 8d 3d eb a6 ac 00 49 85 1f 74 46 49 01
0x0000000110dfa654:   f6 48 89 df e8 43 70 8b 00 48 89 c1 4d 85 f6 74
0x0000000110dfa664:   30 48 85 c9 74 2b 48 89 d8 f0 49 0f b1 0e 48 89
0x0000000110dfa674:   c2 48 39 da 74 1b 66 0f 1f 44 00 00 49 85 17 74
0x0000000110dfa684:   10 48 89 d0 f0 49 0f b1 0e 48 39 d0 48 89 c2 75
0x0000000110dfa694:   eb 48 89 cb 48 89 d8 48 83 c4 08 5b 41 5e 41 5f
0x0000000110dfa6a4:   5d c3 66 2e 0f 1f 84 00 00 00 00 00 55 48 89 e5
0x0000000110dfa6b4:   48 8b 04 37 5d c3 66 0f 1f 44 00 00 55 48 89 e5
0x0000000110dfa6c4:   48 8b 04 37 5d c3 66 0f 1f 44 00 00 55 48 89 e5
0x0000000110dfa6d4:   48 8b 04 37 5d c3 66 0f 1f 44 00 00 55 48 89 e5 


Stack slot to memory mapping:
stack at sp + 0 slots: 0x00007ff7b0b7d820 is pointing into the stack for thread: 0x00007f8474902200
stack at sp + 1 slots: 0x00000001115d2937: _ZL26unpack_method_and_appendix6HandleP5Klass14objArrayHandlePS_P6Thread+0x57 in /Library/Java/JavaVirtualMachines/jdk-15.0.2.jdk/Contents/Home/lib/server/libjvm.dylib at 0x0000000110c7a000
stack at sp + 2 slots: 0x00007f8474902200 is a thread
stack at sp + 3 slots: 0x00007ff7b0b7d870 is pointing into the stack for thread: 0x00007f8474902200
stack at sp + 4 slots: {method} {0x00000008002acd90} 'linkToTargetMethod' '(Ljava/lang/Object;)Ljava/lang/Object;' in 'java/lang/invoke/Invokers$Holder'
stack at sp + 5 slots: 0x00007f8474902200 is a thread
stack at sp + 6 slots: 0x00006000019f5280 points into unknown readable memory: 0x0000000000000002 | 02 00 00 00 00 00 00 00
stack at sp + 7 slots: 0x00000007872ac540 is an oop: java.lang.invoke.MemberName 
{0x00000007872ac540} - klass: 'java/lang/invoke/MemberName'


---------------  P R O C E S S  ---------------

Threads class SMR info:
_java_thread_list=0x0000600000cd64c0, length=15, elements={
0x00007f847480e400, 0x00007f8475009400, 0x00007f8475009a00, 0x00007f8473817400,
0x00007f8475053400, 0x00007f8473829000, 0x00007f8475053a00, 0x00007f847486e000,
0x00007f8476008200, 0x00007f8475052400, 0x00007f8475052a00, 0x00007f8474870600,
0x00007f84738d2000, 0x00007f8473947800, 0x00007f8474902200
}

Java Threads: ( => current thread )
  0x00007f847480e400 JavaThread "main" [_thread_blocked, id=6659, stack(0x000070000ad0c000,0x000070000ae0c000)]
  0x00007f8475009400 JavaThread "Reference Handler" daemon [_thread_blocked, id=15363, stack(0x000070000b421000,0x000070000b521000)]
  0x00007f8475009a00 JavaThread "Finalizer" daemon [_thread_blocked, id=17155, stack(0x000070000b524000,0x000070000b624000)]
  0x00007f8473817400 JavaThread "Signal Dispatcher" daemon [_thread_blocked, id=23043, stack(0x000070000b72d000,0x000070000b82d000)]
  0x00007f8475053400 JavaThread "Service Thread" daemon [_thread_blocked, id=42499, stack(0x000070000b830000,0x000070000b930000)]
  0x00007f8473829000 JavaThread "C2 CompilerThread0" daemon [_thread_blocked, id=24323, stack(0x000070000b933000,0x000070000ba33000)]
  0x00007f8475053a00 JavaThread "C1 CompilerThread0" daemon [_thread_blocked, id=25347, stack(0x000070000ba36000,0x000070000bb36000)]
  0x00007f847486e000 JavaThread "Sweeper thread" daemon [_thread_blocked, id=41731, stack(0x000070000bb39000,0x000070000bc39000)]
  0x00007f8476008200 JavaThread "Common-Cleaner" daemon [_thread_blocked, id=41219, stack(0x000070000bc3c000,0x000070000bd3c000)]
  0x00007f8475052400 JavaThread "Monitor Ctrl-Break" daemon [_thread_in_native, id=39683, stack(0x000070000be42000,0x000070000bf42000)]
  0x00007f8475052a00 JavaThread "Notification Thread" daemon [_thread_blocked, id=38915, stack(0x000070000bf45000,0x000070000c045000)]
  0x00007f8474870600 JavaThread "JavaFX-Launcher" [_thread_blocked, id=37635, stack(0x000070000c14b000,0x000070000c24b000)]
  0x00007f84738d2000 JavaThread "QuantumRenderer-0" daemon [_thread_blocked, id=37123, stack(0x000070000c24e000,0x000070000c34e000)]
  0x00007f8473947800 JavaThread "InvokeLaterDispatcher" daemon [_thread_blocked, id=43779, stack(0x000070000c65a000,0x000070000c75a000)]
=>0x00007f8474902200 JavaThread "Thread-2" [_thread_in_vm, id=259, stack(0x00007ff7b0383000,0x00007ff7b0b83000)]

Other Threads:
  0x00007f847400b210 VMThread "VM Thread" [stack: 0x000070000b31e000,0x000070000b41e000] [id=18691]
  0x00007f8474224ef0 WatcherThread [stack: 0x000070000c048000,0x000070000c148000] [id=38403]
  0x00007f84740075e0 GCTaskThread "GC Thread#0" [stack: 0x000070000ae0f000,0x000070000af0f000] [id=19971]
  0x00007f8474014ab0 GCTaskThread "GC Thread#1" [stack: 0x000070000c351000,0x000070000c451000] [id=28419]
  0x00007f8474015170 GCTaskThread "GC Thread#2" [stack: 0x000070000c454000,0x000070000c554000] [id=36611]
  0x00007f847370bcc0 GCTaskThread "GC Thread#3" [stack: 0x000070000c557000,0x000070000c657000] [id=28931]
  0x00007f8474007ed0 ConcurrentGCThread "G1 Main Marker" [stack: 0x000070000af12000,0x000070000b012000] [id=19715]
  0x00007f8474204670 ConcurrentGCThread "G1 Conc#0" [stack: 0x000070000b015000,0x000070000b115000] [id=19203]
  0x00007f847410da30 ConcurrentGCThread "G1 Refine#0" [stack: 0x000070000b118000,0x000070000b218000] [id=18947]
  0x00007f847410e510 ConcurrentGCThread "G1 Young RemSet Sampling" [stack: 0x000070000b21b000,0x000070000b31b000] [id=14339]

Threads with active compile tasks:

VM state: not at safepoint (normal execution)

VM Mutex/Monitor currently owned by a thread: None

Heap address: 0x0000000780000000, size: 2048 MB, Compressed Oops mode: Zero based, Oop shift amount: 3
CDS archive(s) mapped at: [0x0000000800000000-0x0000000800b2d000-0x0000000800b2d000), size 11718656, SharedBaseAddress: 0x0000000800000000, ArchiveRelocationMode: 0.
Compressed class space mapped at: 0x0000000800b30000-0x0000000840b30000, size: 1073741824
Narrow klass base: 0x0000000800000000, Narrow klass shift: 3, Narrow klass range: 0x100000000

GC Precious Log:
 CPUs: 4 total, 4 available
 Memory: 8192M
 Large Page Support: Disabled
 NUMA Support: Disabled
 Compressed Oops: Enabled (Zero based)
 Heap Region Size: 1M
 Heap Min Capacity: 8M
 Heap Initial Capacity: 128M
 Heap Max Capacity: 2G
 Pre-touch: Disabled
 Parallel Workers: 4
 Concurrent Workers: 1
 Concurrent Refinement Workers: 4
 Periodic GC: Disabled

Heap:
 garbage-first heap   total 133120K, used 4272K [0x0000000780000000, 0x0000000800000000)
  region size 1024K, 5 young (5120K), 2 survivors (2048K)
 Metaspace       used 3892K, capacity 6252K, committed 6528K, reserved 1056768K
  class space    used 425K, capacity 631K, committed 640K, reserved 1048576K

Heap Regions: E=young(eden), S=young(survivor), O=old, HS=humongous(starts), HC=humongous(continues), CS=collection set, F=free, OA=open archive, CA=closed archive, TAMS=top-at-mark-start (previous, next)
|   0|0x0000000780000000, 0x0000000780000000, 0x0000000780100000|  0%| F|  |TAMS 0x0000000780000000, 0x0000000780000000| Untracked 
|   1|0x0000000780100000, 0x0000000780100000, 0x0000000780200000|  0%| F|  |TAMS 0x0000000780100000, 0x0000000780100000| Untracked 
|   2|0x0000000780200000, 0x0000000780200000, 0x0000000780300000|  0%| F|  |TAMS 0x0000000780200000, 0x0000000780200000| Untracked 
|   3|0x0000000780300000, 0x0000000780300000, 0x0000000780400000|  0%| F|  |TAMS 0x0000000780300000, 0x0000000780300000| Untracked 
|   4|0x0000000780400000, 0x0000000780400000, 0x0000000780500000|  0%| F|  |TAMS 0x0000000780400000, 0x0000000780400000| Untracked 
|   5|0x0000000780500000, 0x0000000780500000, 0x0000000780600000|  0%| F|  |TAMS 0x0000000780500000, 0x0000000780500000| Untracked 
|   6|0x0000000780600000, 0x0000000780600000, 0x0000000780700000|  0%| F|  |TAMS 0x0000000780600000, 0x0000000780600000| Untracked 
|   7|0x0000000780700000, 0x0000000780700000, 0x0000000780800000|  0%| F|  |TAMS 0x0000000780700000, 0x0000000780700000| Untracked 
|   8|0x0000000780800000, 0x0000000780800000, 0x0000000780900000|  0%| F|  |TAMS 0x0000000780800000, 0x0000000780800000| Untracked 
|   9|0x0000000780900000, 0x0000000780900000, 0x0000000780a00000|  0%| F|  |TAMS 0x0000000780900000, 0x0000000780900000| Untracked 
|  10|0x0000000780a00000, 0x0000000780a00000, 0x0000000780b00000|  0%| F|  |TAMS 0x0000000780a00000, 0x0000000780a00000| Untracked 
|  11|0x0000000780b00000, 0x0000000780b00000, 0x0000000780c00000|  0%| F|  |TAMS 0x0000000780b00000, 0x0000000780b00000| Untracked 
|  12|0x0000000780c00000, 0x0000000780c00000, 0x0000000780d00000|  0%| F|  |TAMS 0x0000000780c00000, 0x0000000780c00000| Untracked 
|  13|0x0000000780d00000, 0x0000000780d00000, 0x0000000780e00000|  0%| F|  |TAMS 0x0000000780d00000, 0x0000000780d00000| Untracked 
|  14|0x0000000780e00000, 0x0000000780e00000, 0x0000000780f00000|  0%| F|  |TAMS 0x0000000780e00000, 0x0000000780e00000| Untracked 
|  15|0x0000000780f00000, 0x0000000780f00000, 0x0000000781000000|  0%| F|  |TAMS 0x0000000780f00000, 0x0000000780f00000| Untracked 
|  16|0x0000000781000000, 0x0000000781000000, 0x0000000781100000|  0%| F|  |TAMS 0x0000000781000000, 0x0000000781000000| Untracked 
|  17|0x0000000781100000, 0x0000000781100000, 0x0000000781200000|  0%| F|  |TAMS 0x0000000781100000, 0x0000000781100000| Untracked 
|  18|0x0000000781200000, 0x0000000781200000, 0x0000000781300000|  0%| F|  |TAMS 0x0000000781200000, 0x0000000781200000| Untracked 
|  19|0x0000000781300000, 0x0000000781300000, 0x0000000781400000|  0%| F|  |TAMS 0x0000000781300000, 0x0000000781300000| Untracked 
|  20|0x0000000781400000, 0x0000000781400000, 0x0000000781500000|  0%| F|  |TAMS 0x0000000781400000, 0x0000000781400000| Untracked 
|  21|0x0000000781500000, 0x0000000781500000, 0x0000000781600000|  0%| F|  |TAMS 0x0000000781500000, 0x0000000781500000| Untracked 
|  22|0x0000000781600000, 0x0000000781600000, 0x0000000781700000|  0%| F|  |TAMS 0x0000000781600000, 0x0000000781600000| Untracked 
|  23|0x0000000781700000, 0x0000000781700000, 0x0000000781800000|  0%| F|  |TAMS 0x0000000781700000, 0x0000000781700000| Untracked 
|  24|0x0000000781800000, 0x0000000781800000, 0x0000000781900000|  0%| F|  |TAMS 0x0000000781800000, 0x0000000781800000| Untracked 
|  25|0x0000000781900000, 0x0000000781900000, 0x0000000781a00000|  0%| F|  |TAMS 0x0000000781900000, 0x0000000781900000| Untracked 
|  26|0x0000000781a00000, 0x0000000781a00000, 0x0000000781b00000|  0%| F|  |TAMS 0x0000000781a00000, 0x0000000781a00000| Untracked 
|  27|0x0000000781b00000, 0x0000000781b00000, 0x0000000781c00000|  0%| F|  |TAMS 0x0000000781b00000, 0x0000000781b00000| Untracked 
|  28|0x0000000781c00000, 0x0000000781c00000, 0x0000000781d00000|  0%| F|  |TAMS 0x0000000781c00000, 0x0000000781c00000| Untracked 
|  29|0x0000000781d00000, 0x0000000781d00000, 0x0000000781e00000|  0%| F|  |TAMS 0x0000000781d00000, 0x0000000781d00000| Untracked 
|  30|0x0000000781e00000, 0x0000000781e00000, 0x0000000781f00000|  0%| F|  |TAMS 0x0000000781e00000, 0x0000000781e00000| Untracked 
|  31|0x0000000781f00000, 0x0000000781f00000, 0x0000000782000000|  0%| F|  |TAMS 0x0000000781f00000, 0x0000000781f00000| Untracked 
|  32|0x0000000782000000, 0x0000000782000000, 0x0000000782100000|  0%| F|  |TAMS 0x0000000782000000, 0x0000000782000000| Untracked 
|  33|0x0000000782100000, 0x0000000782100000, 0x0000000782200000|  0%| F|  |TAMS 0x0000000782100000, 0x0000000782100000| Untracked 
|  34|0x0000000782200000, 0x0000000782200000, 0x0000000782300000|  0%| F|  |TAMS 0x0000000782200000, 0x0000000782200000| Untracked 
|  35|0x0000000782300000, 0x0000000782300000, 0x0000000782400000|  0%| F|  |TAMS 0x0000000782300000, 0x0000000782300000| Untracked 
|  36|0x0000000782400000, 0x0000000782400000, 0x0000000782500000|  0%| F|  |TAMS 0x0000000782400000, 0x0000000782400000| Untracked 
|  37|0x0000000782500000, 0x0000000782500000, 0x0000000782600000|  0%| F|  |TAMS 0x0000000782500000, 0x0000000782500000| Untracked 
|  38|0x0000000782600000, 0x0000000782600000, 0x0000000782700000|  0%| F|  |TAMS 0x0000000782600000, 0x0000000782600000| Untracked 
|  39|0x0000000782700000, 0x0000000782700000, 0x0000000782800000|  0%| F|  |TAMS 0x0000000782700000, 0x0000000782700000| Untracked 
|  40|0x0000000782800000, 0x0000000782800000, 0x0000000782900000|  0%| F|  |TAMS 0x0000000782800000, 0x0000000782800000| Untracked 
|  41|0x0000000782900000, 0x0000000782900000, 0x0000000782a00000|  0%| F|  |TAMS 0x0000000782900000, 0x0000000782900000| Untracked 
|  42|0x0000000782a00000, 0x0000000782a00000, 0x0000000782b00000|  0%| F|  |TAMS 0x0000000782a00000, 0x0000000782a00000| Untracked 
|  43|0x0000000782b00000, 0x0000000782b00000, 0x0000000782c00000|  0%| F|  |TAMS 0x0000000782b00000, 0x0000000782b00000| Untracked 
|  44|0x0000000782c00000, 0x0000000782c00000, 0x0000000782d00000|  0%| F|  |TAMS 0x0000000782c00000, 0x0000000782c00000| Untracked 
|  45|0x0000000782d00000, 0x0000000782d00000, 0x0000000782e00000|  0%| F|  |TAMS 0x0000000782d00000, 0x0000000782d00000| Untracked 
|  46|0x0000000782e00000, 0x0000000782e00000, 0x0000000782f00000|  0%| F|  |TAMS 0x0000000782e00000, 0x0000000782e00000| Untracked 
|  47|0x0000000782f00000, 0x0000000782f00000, 0x0000000783000000|  0%| F|  |TAMS 0x0000000782f00000, 0x0000000782f00000| Untracked 
|  48|0x0000000783000000, 0x0000000783000000, 0x0000000783100000|  0%| F|  |TAMS 0x0000000783000000, 0x0000000783000000| Untracked 
|  49|0x0000000783100000, 0x0000000783100000, 0x0000000783200000|  0%| F|  |TAMS 0x0000000783100000, 0x0000000783100000| Untracked 
|  50|0x0000000783200000, 0x0000000783200000, 0x0000000783300000|  0%| F|  |TAMS 0x0000000783200000, 0x0000000783200000| Untracked 
|  51|0x0000000783300000, 0x0000000783300000, 0x0000000783400000|  0%| F|  |TAMS 0x0000000783300000, 0x0000000783300000| Untracked 
|  52|0x0000000783400000, 0x0000000783400000, 0x0000000783500000|  0%| F|  |TAMS 0x0000000783400000, 0x0000000783400000| Untracked 
|  53|0x0000000783500000, 0x0000000783500000, 0x0000000783600000|  0%| F|  |TAMS 0x0000000783500000, 0x0000000783500000| Untracked 
|  54|0x0000000783600000, 0x0000000783600000, 0x0000000783700000|  0%| F|  |TAMS 0x0000000783600000, 0x0000000783600000| Untracked 
|  55|0x0000000783700000, 0x0000000783700000, 0x0000000783800000|  0%| F|  |TAMS 0x0000000783700000, 0x0000000783700000| Untracked 
|  56|0x0000000783800000, 0x0000000783800000, 0x0000000783900000|  0%| F|  |TAMS 0x0000000783800000, 0x0000000783800000| Untracked 
|  57|0x0000000783900000, 0x0000000783900000, 0x0000000783a00000|  0%| F|  |TAMS 0x0000000783900000, 0x0000000783900000| Untracked 
|  58|0x0000000783a00000, 0x0000000783a00000, 0x0000000783b00000|  0%| F|  |TAMS 0x0000000783a00000, 0x0000000783a00000| Untracked 
|  59|0x0000000783b00000, 0x0000000783b00000, 0x0000000783c00000|  0%| F|  |TAMS 0x0000000783b00000, 0x0000000783b00000| Untracked 
|  60|0x0000000783c00000, 0x0000000783c00000, 0x0000000783d00000|  0%| F|  |TAMS 0x0000000783c00000, 0x0000000783c00000| Untracked 
|  61|0x0000000783d00000, 0x0000000783d00000, 0x0000000783e00000|  0%| F|  |TAMS 0x0000000783d00000, 0x0000000783d00000| Untracked 
|  62|0x0000000783e00000, 0x0000000783e00000, 0x0000000783f00000|  0%| F|  |TAMS 0x0000000783e00000, 0x0000000783e00000| Untracked 
|  63|0x0000000783f00000, 0x0000000783f00000, 0x0000000784000000|  0%| F|  |TAMS 0x0000000783f00000, 0x0000000783f00000| Untracked 
|  64|0x0000000784000000, 0x0000000784000000, 0x0000000784100000|  0%| F|  |TAMS 0x0000000784000000, 0x0000000784000000| Untracked 
|  65|0x0000000784100000, 0x0000000784100000, 0x0000000784200000|  0%| F|  |TAMS 0x0000000784100000, 0x0000000784100000| Untracked 
|  66|0x0000000784200000, 0x0000000784200000, 0x0000000784300000|  0%| F|  |TAMS 0x0000000784200000, 0x0000000784200000| Untracked 
|  67|0x0000000784300000, 0x0000000784300000, 0x0000000784400000|  0%| F|  |TAMS 0x0000000784300000, 0x0000000784300000| Untracked 
|  68|0x0000000784400000, 0x0000000784400000, 0x0000000784500000|  0%| F|  |TAMS 0x0000000784400000, 0x0000000784400000| Untracked 
|  69|0x0000000784500000, 0x0000000784500000, 0x0000000784600000|  0%| F|  |TAMS 0x0000000784500000, 0x0000000784500000| Untracked 
|  70|0x0000000784600000, 0x0000000784600000, 0x0000000784700000|  0%| F|  |TAMS 0x0000000784600000, 0x0000000784600000| Untracked 
|  71|0x0000000784700000, 0x0000000784700000, 0x0000000784800000|  0%| F|  |TAMS 0x0000000784700000, 0x0000000784700000| Untracked 
|  72|0x0000000784800000, 0x0000000784800000, 0x0000000784900000|  0%| F|  |TAMS 0x0000000784800000, 0x0000000784800000| Untracked 
|  73|0x0000000784900000, 0x0000000784900000, 0x0000000784a00000|  0%| F|  |TAMS 0x0000000784900000, 0x0000000784900000| Untracked 
|  74|0x0000000784a00000, 0x0000000784a00000, 0x0000000784b00000|  0%| F|  |TAMS 0x0000000784a00000, 0x0000000784a00000| Untracked 
|  75|0x0000000784b00000, 0x0000000784b00000, 0x0000000784c00000|  0%| F|  |TAMS 0x0000000784b00000, 0x0000000784b00000| Untracked 
|  76|0x0000000784c00000, 0x0000000784c00000, 0x0000000784d00000|  0%| F|  |TAMS 0x0000000784c00000, 0x0000000784c00000| Untracked 
|  77|0x0000000784d00000, 0x0000000784d00000, 0x0000000784e00000|  0%| F|  |TAMS 0x0000000784d00000, 0x0000000784d00000| Untracked 
|  78|0x0000000784e00000, 0x0000000784e00000, 0x0000000784f00000|  0%| F|  |TAMS 0x0000000784e00000, 0x0000000784e00000| Untracked 
|  79|0x0000000784f00000, 0x0000000784f00000, 0x0000000785000000|  0%| F|  |TAMS 0x0000000784f00000, 0x0000000784f00000| Untracked 
|  80|0x0000000785000000, 0x0000000785000000, 0x0000000785100000|  0%| F|  |TAMS 0x0000000785000000, 0x0000000785000000| Untracked 
|  81|0x0000000785100000, 0x0000000785100000, 0x0000000785200000|  0%| F|  |TAMS 0x0000000785100000, 0x0000000785100000| Untracked 
|  82|0x0000000785200000, 0x0000000785200000, 0x0000000785300000|  0%| F|  |TAMS 0x0000000785200000, 0x0000000785200000| Untracked 
|  83|0x0000000785300000, 0x0000000785300000, 0x0000000785400000|  0%| F|  |TAMS 0x0000000785300000, 0x0000000785300000| Untracked 
|  84|0x0000000785400000, 0x0000000785400000, 0x0000000785500000|  0%| F|  |TAMS 0x0000000785400000, 0x0000000785400000| Untracked 
|  85|0x0000000785500000, 0x0000000785500000, 0x0000000785600000|  0%| F|  |TAMS 0x0000000785500000, 0x0000000785500000| Untracked 
|  86|0x0000000785600000, 0x0000000785600000, 0x0000000785700000|  0%| F|  |TAMS 0x0000000785600000, 0x0000000785600000| Untracked 
|  87|0x0000000785700000, 0x0000000785700000, 0x0000000785800000|  0%| F|  |TAMS 0x0000000785700000, 0x0000000785700000| Untracked 
|  88|0x0000000785800000, 0x0000000785800000, 0x0000000785900000|  0%| F|  |TAMS 0x0000000785800000, 0x0000000785800000| Untracked 
|  89|0x0000000785900000, 0x0000000785900000, 0x0000000785a00000|  0%| F|  |TAMS 0x0000000785900000, 0x0000000785900000| Untracked 
|  90|0x0000000785a00000, 0x0000000785a00000, 0x0000000785b00000|  0%| F|  |TAMS 0x0000000785a00000, 0x0000000785a00000| Untracked 
|  91|0x0000000785b00000, 0x0000000785b00000, 0x0000000785c00000|  0%| F|  |TAMS 0x0000000785b00000, 0x0000000785b00000| Untracked 
|  92|0x0000000785c00000, 0x0000000785c00000, 0x0000000785d00000|  0%| F|  |TAMS 0x0000000785c00000, 0x0000000785c00000| Untracked 
|  93|0x0000000785d00000, 0x0000000785d00000, 0x0000000785e00000|  0%| F|  |TAMS 0x0000000785d00000, 0x0000000785d00000| Untracked 
|  94|0x0000000785e00000, 0x0000000785e00000, 0x0000000785f00000|  0%| F|  |TAMS 0x0000000785e00000, 0x0000000785e00000| Untracked 
|  95|0x0000000785f00000, 0x0000000785f00000, 0x0000000786000000|  0%| F|  |TAMS 0x0000000785f00000, 0x0000000785f00000| Untracked 
|  96|0x0000000786000000, 0x0000000786000000, 0x0000000786100000|  0%| F|  |TAMS 0x0000000786000000, 0x0000000786000000| Untracked 
|  97|0x0000000786100000, 0x0000000786100000, 0x0000000786200000|  0%| F|  |TAMS 0x0000000786100000, 0x0000000786100000| Untracked 
|  98|0x0000000786200000, 0x0000000786200000, 0x0000000786300000|  0%| F|  |TAMS 0x0000000786200000, 0x0000000786200000| Untracked 
|  99|0x0000000786300000, 0x0000000786300000, 0x0000000786400000|  0%| F|  |TAMS 0x0000000786300000, 0x0000000786300000| Untracked 
| 100|0x0000000786400000, 0x0000000786400000, 0x0000000786500000|  0%| F|  |TAMS 0x0000000786400000, 0x0000000786400000| Untracked 
| 101|0x0000000786500000, 0x0000000786500000, 0x0000000786600000|  0%| F|  |TAMS 0x0000000786500000, 0x0000000786500000| Untracked 
| 102|0x0000000786600000, 0x0000000786600000, 0x0000000786700000|  0%| F|  |TAMS 0x0000000786600000, 0x0000000786600000| Untracked 
| 103|0x0000000786700000, 0x0000000786700000, 0x0000000786800000|  0%| F|  |TAMS 0x0000000786700000, 0x0000000786700000| Untracked 
| 104|0x0000000786800000, 0x0000000786800000, 0x0000000786900000|  0%| F|  |TAMS 0x0000000786800000, 0x0000000786800000| Untracked 
| 105|0x0000000786900000, 0x0000000786900000, 0x0000000786a00000|  0%| F|  |TAMS 0x0000000786900000, 0x0000000786900000| Untracked 
| 106|0x0000000786a00000, 0x0000000786a00000, 0x0000000786b00000|  0%| F|  |TAMS 0x0000000786a00000, 0x0000000786a00000| Untracked 
| 107|0x0000000786b00000, 0x0000000786b00000, 0x0000000786c00000|  0%| F|  |TAMS 0x0000000786b00000, 0x0000000786b00000| Untracked 
| 108|0x0000000786c00000, 0x0000000786c00000, 0x0000000786d00000|  0%| F|  |TAMS 0x0000000786c00000, 0x0000000786c00000| Untracked 
| 109|0x0000000786d00000, 0x0000000786d00000, 0x0000000786e00000|  0%| F|  |TAMS 0x0000000786d00000, 0x0000000786d00000| Untracked 
| 110|0x0000000786e00000, 0x0000000786e00000, 0x0000000786f00000|  0%| F|  |TAMS 0x0000000786e00000, 0x0000000786e00000| Untracked 
| 111|0x0000000786f00000, 0x0000000786f00000, 0x0000000787000000|  0%| F|  |TAMS 0x0000000786f00000, 0x0000000786f00000| Untracked 
| 112|0x0000000787000000, 0x0000000787000000, 0x0000000787100000|  0%| F|  |TAMS 0x0000000787000000, 0x0000000787000000| Untracked 
| 113|0x0000000787100000, 0x0000000787162070, 0x0000000787200000| 38%| S|CS|TAMS 0x0000000787100000, 0x0000000787100000| Complete 
| 114|0x0000000787200000, 0x0000000787300000, 0x0000000787300000|100%| S|CS|TAMS 0x0000000787200000, 0x0000000787200000| Complete 
| 115|0x0000000787300000, 0x0000000787300000, 0x0000000787400000|  0%| F|  |TAMS 0x0000000787300000, 0x0000000787300000| Untracked 
| 116|0x0000000787400000, 0x0000000787400000, 0x0000000787500000|  0%| F|  |TAMS 0x0000000787400000, 0x0000000787400000| Untracked 
| 117|0x0000000787500000, 0x0000000787500000, 0x0000000787600000|  0%| F|  |TAMS 0x0000000787500000, 0x0000000787500000| Untracked 
| 118|0x0000000787600000, 0x0000000787600000, 0x0000000787700000|  0%| F|  |TAMS 0x0000000787600000, 0x0000000787600000| Untracked 
| 119|0x0000000787700000, 0x0000000787700000, 0x0000000787800000|  0%| F|  |TAMS 0x0000000787700000, 0x0000000787700000| Untracked 
| 120|0x0000000787800000, 0x0000000787800000, 0x0000000787900000|  0%| F|  |TAMS 0x0000000787800000, 0x0000000787800000| Untracked 
| 121|0x0000000787900000, 0x0000000787900000, 0x0000000787a00000|  0%| F|  |TAMS 0x0000000787900000, 0x0000000787900000| Untracked 
| 122|0x0000000787a00000, 0x0000000787a00000, 0x0000000787b00000|  0%| F|  |TAMS 0x0000000787a00000, 0x0000000787a00000| Untracked 
| 123|0x0000000787b00000, 0x0000000787b00000, 0x0000000787c00000|  0%| F|  |TAMS 0x0000000787b00000, 0x0000000787b00000| Untracked 
| 124|0x0000000787c00000, 0x0000000787c00000, 0x0000000787d00000|  0%| F|  |TAMS 0x0000000787c00000, 0x0000000787c00000| Untracked 
| 125|0x0000000787d00000, 0x0000000787d769e0, 0x0000000787e00000| 46%| E|  |TAMS 0x0000000787d00000, 0x0000000787d00000| Complete 
| 126|0x0000000787e00000, 0x0000000787f00000, 0x0000000787f00000|100%| E|CS|TAMS 0x0000000787e00000, 0x0000000787e00000| Complete 
| 127|0x0000000787f00000, 0x0000000788000000, 0x0000000788000000|100%| E|CS|TAMS 0x0000000787f00000, 0x0000000787f00000| Complete 
|1022|0x00000007bfe00000, 0x00000007bfe51000, 0x00000007bff00000| 31%|OA|  |TAMS 0x00000007bfe00000, 0x00000007bfe00000| Untracked 
|1023|0x00000007bff00000, 0x00000007bff79000, 0x00000007c0000000| 47%|CA|  |TAMS 0x00000007bff00000, 0x00000007bff00000| Untracked 

Card table byte_map: [0x000000010fd3b000,0x000000011013b000] _byte_map_base: 0x000000010c13b000

Marking Bits (Prev, Next): (CMBitMap*) 0x00007f8474830a10, (CMBitMap*) 0x00007f8474830a50
 Prev Bits: [0x0000000128d3a000, 0x000000012ad3a000)
 Next Bits: [0x000000012ad3a000, 0x000000012cd3a000)

Polling page: 0x000000010f4b8000

Metaspace:

Usage:
  Non-class:      5.49 MB capacity,     3.39 MB ( 62%) used,     2.10 MB ( 38%) free+waste,     8.00 KB ( <1%) overhead. 
      Class:    631.00 KB capacity,   425.32 KB ( 67%) used,   202.05 KB ( 32%) free+waste,     3.62 KB ( <1%) overhead. 
       Both:      6.11 MB capacity,     3.80 MB ( 62%) used,     2.29 MB ( 38%) free+waste,    11.62 KB ( <1%) overhead. 

Virtual space:
  Non-class space:        8.00 MB reserved,       5.75 MB ( 72%) committed 
      Class space:        1.00 GB reserved,     640.00 KB ( <1%) committed 
             Both:        1.01 GB reserved,       6.38 MB ( <1%) committed 

Chunk freelists:
   Non-Class:  27.00 KB
       Class:  9.00 KB
        Both:  36.00 KB

MaxMetaspaceSize: 17179869184.00 GB
CompressedClassSpaceSize: 1.00 GB

CodeHeap 'non-profiled nmethods': size=120032Kb used=309Kb max_used=309Kb free=119722Kb
 bounds [0x0000000121802000, 0x0000000121a72000, 0x0000000128d3a000]
CodeHeap 'profiled nmethods': size=120028Kb used=1207Kb max_used=1207Kb free=118820Kb
 bounds [0x000000011a2cb000, 0x000000011a53b000, 0x0000000121802000]
CodeHeap 'non-nmethods': size=5700Kb used=1189Kb max_used=1204Kb free=4510Kb
 bounds [0x0000000119d3a000, 0x0000000119faa000, 0x000000011a2cb000]
 total_blobs=1330 nmethods=872 adapters=372
 compilation: enabled
              stopped_count=0, restarted_count=0
 full_count=0

Compilation events (20 events):
Event: 0.699 Thread 0x00007f8475051800 nmethod 859 0x000000012184db10 code [0x000000012184dc80, 0x000000012184dd18]
Event: 0.699 Thread 0x00007f8475053a00  861       3       sun.security.provider.DigestBase::implCompressMultiBlock0 (23 bytes)
Event: 0.700 Thread 0x00007f8475053a00 nmethod 861 0x000000011a3f0290 code [0x000000011a3f0440, 0x000000011a3f06e0]
Event: 0.700 Thread 0x00007f8475051800  862       4       sun.security.provider.ByteArrayAccess::b2iLittle64 (614 bytes)
Event: 0.702 Thread 0x00007f8475051800 nmethod 862 0x000000012184de10 code [0x000000012184df80, 0x000000012184e198]
Event: 0.702 Thread 0x00007f8475053a00  863   !   3       java.util.zip.Inflater::needsInput (55 bytes)
Event: 0.702 Thread 0x00007f8475053a00 nmethod 863 0x000000011a3f0810 code [0x000000011a3f09c0, 0x000000011a3f0d70]
Event: 0.705 Thread 0x00007f8475053a00  864       3       java.io.FilterInputStream::read (9 bytes)
Event: 0.705 Thread 0x00007f8475053a00 nmethod 864 0x000000011a3f0e90 code [0x000000011a3f1020, 0x000000011a3f11e0]
Event: 0.707 Thread 0x00007f8475053a00  865       3       java.lang.invoke.DirectMethodHandle::internalMemberName (8 bytes)
Event: 0.707 Thread 0x00007f8475053a00 nmethod 865 0x000000011a3f1290 code [0x000000011a3f1420, 0x000000011a3f1610]
Event: 0.707 Thread 0x00007f8475053a00  867       3       java.lang.invoke.MethodHandles$Lookup::in (280 bytes)
Event: 0.709 Thread 0x00007f8475053a00 nmethod 867 0x000000011a3f1710 code [0x000000011a3f1be0, 0x000000011a3f3ee0]
Event: 0.709 Thread 0x00007f8475053a00  868       3       java.lang.invoke.MethodType::toMethodDescriptorString (28 bytes)
Event: 0.710 Thread 0x00007f8475053a00 nmethod 868 0x000000011a3f4a10 code [0x000000011a3f4ba0, 0x000000011a3f4d80]
Event: 0.716 Thread 0x00007f8473829000 nmethod 860 0x000000012184e790 code [0x000000012184e920, 0x000000012184f548]
Event: 0.773 Thread 0x00007f8475053a00  869   !   3       java.util.zip.ZipFile::getInputStream (275 bytes)
Event: 0.775 Thread 0x00007f8475053a00 nmethod 869 0x000000011a3f4e10 code [0x000000011a3f50e0, 0x000000011a3f6220]
Event: 0.775 Thread 0x00007f8475053a00  870       3       java.util.zip.ZipFile$ZipFileInputStream::<init> (96 bytes)
Event: 0.775 Thread 0x00007f8475053a00 nmethod 870 0x000000011a3f6d10 code [0x000000011a3f6f40, 0x000000011a3f79a0]

GC Heap History (2 events):
Event: 0.550 GC heap before
{Heap before GC invocations=0 (full 0):
 garbage-first heap   total 133120K, used 14120K [0x0000000780000000, 0x0000000800000000)
  region size 1024K, 13 young (13312K), 0 survivors (0K)
 Metaspace       used 2909K, capacity 5700K, committed 6016K, reserved 1056768K
  class space    used 311K, capacity 555K, committed 640K, reserved 1048576K
}
Event: 0.553 GC heap after
{Heap after GC invocations=1 (full 0):
 garbage-first heap   total 133120K, used 2224K [0x0000000780000000, 0x0000000800000000)
  region size 1024K, 2 young (2048K), 2 survivors (2048K)
 Metaspace       used 2909K, capacity 5700K, committed 6016K, reserved 1056768K
  class space    used 311K, capacity 555K, committed 640K, reserved 1048576K
}

Deoptimization events (20 events):
Event: 0.347 Thread 0x00007f847480e400 DEOPT PACKING pc=0x0000000121820ccc sp=0x000070000ae0ae10
Event: 0.347 Thread 0x00007f847480e400 DEOPT UNPACKING pc=0x0000000119d88125 sp=0x000070000ae0ade8 mode 2
Event: 0.355 Thread 0x00007f847480e400 Uncommon trap: trap_request=0xffffff45 fr.pc=0x0000000121823b90 relative=0x0000000000000e70
Event: 0.355 Thread 0x00007f847480e400 Uncommon trap: reason=unstable_if action=reinterpret pc=0x0000000121823b90 method=java.util.HashMap.putVal(ILjava/lang/Object;Ljava/lang/Object;ZZ)Ljava/lang/Object; @ 81 c2
Event: 0.355 Thread 0x00007f847480e400 DEOPT PACKING pc=0x0000000121823b90 sp=0x000070000ae0b520
Event: 0.355 Thread 0x00007f847480e400 DEOPT UNPACKING pc=0x0000000119d88125 sp=0x000070000ae0b450 mode 2
Event: 0.412 Thread 0x00007f847480e400 Uncommon trap: trap_request=0xfffffff4 fr.pc=0x0000000121813eac relative=0x00000000000001ac
Event: 0.412 Thread 0x00007f847480e400 Uncommon trap: reason=null_check action=make_not_entrant pc=0x0000000121813eac method=java.lang.String.equals(Ljava/lang/Object;)Z @ 8 c2
Event: 0.412 Thread 0x00007f847480e400 DEOPT PACKING pc=0x0000000121813eac sp=0x000070000ae0a640
Event: 0.412 Thread 0x00007f847480e400 DEOPT UNPACKING pc=0x0000000119d88125 sp=0x000070000ae0a608 mode 2
Event: 0.587 Thread 0x00007f84738d2000 Uncommon trap: trap_request=0xffffff45 fr.pc=0x0000000121818c54 relative=0x0000000000000714
Event: 0.587 Thread 0x00007f84738d2000 Uncommon trap: reason=unstable_if action=reinterpret pc=0x0000000121818c54 method=java.lang.String.isEmpty()Z @ 5 c2
Event: 0.587 Thread 0x00007f84738d2000 DEOPT PACKING pc=0x0000000121818c54 sp=0x000070000c34cde0
Event: 0.587 Thread 0x00007f84738d2000 DEOPT UNPACKING pc=0x0000000119d88125 sp=0x000070000c34cd40 mode 2
Event: 0.593 Thread 0x00007f84738d2000 Uncommon trap: trap_request=0xffffff45 fr.pc=0x0000000121825034 relative=0x0000000000000134
Event: 0.593 Thread 0x00007f84738d2000 Uncommon trap: reason=unstable_if action=reinterpret pc=0x0000000121825034 method=java.lang.String.startsWith(Ljava/lang/String;I)Z @ 1 c2
Event: 0.593 Thread 0x00007f84738d2000 DEOPT PACKING pc=0x0000000121825034 sp=0x000070000c34c330
Event: 0.593 Thread 0x00007f84738d2000 DEOPT UNPACKING pc=0x0000000119d88125 sp=0x000070000c34c2b8 mode 2
Event: 0.684 Thread 0x00007f84738d2000 DEOPT PACKING pc=0x000000011a302d57 sp=0x000070000c34d940
Event: 0.684 Thread 0x00007f84738d2000 DEOPT UNPACKING pc=0x0000000119d87f2b sp=0x000070000c34cdf8 mode 3

Classes unloaded (0 events):
No events

Classes redefined (0 events):
No events

Internal exceptions (16 events):
Event: 0.129 Thread 0x00007f847480e400 Exception <a 'java/lang/NoSuchMethodError'{0x0000000787f71ff8}: 'void java.lang.invoke.DirectMethodHandle$Holder.invokeVirtual(java.lang.Object, java.lang.Object)'> (0x0000000787f71ff8) 
thrown [./open/src/hotspot/share/interpreter/linkResolver.cpp, line 782]
Event: 0.304 Thread 0x00007f847480e400 Exception <a 'java/lang/NoSuchMethodError'{0x0000000787b93b88}: 'java.lang.Object java.lang.invoke.DirectMethodHandle$Holder.invokeVirtual(java.lang.Object, java.lang.Object, java.lang.Object)'> (0x0000000787b93b88) 
thrown [./open/src/hotspot/share/interpreter/linkResolver.cpp, line 782]
Event: 0.339 Thread 0x00007f847480e400 Exception <a 'java/lang/NoSuchMethodError'{0x000000078796c7b8}: 'void java.lang.invoke.DirectMethodHandle$Holder.invokeSpecial(java.lang.Object, java.lang.Object, java.lang.Object)'> (0x000000078796c7b8) 
thrown [./open/src/hotspot/share/interpreter/linkResolver.cpp, line 782]
Event: 0.348 Thread 0x00007f847480e400 Exception <a 'java/lang/NoSuchMethodError'{0x00000007879a3ef0}: 'void java.lang.invoke.DirectMethodHandle$Holder.invokeSpecial(java.lang.Object, java.lang.Object, java.lang.Object, java.lang.Object, java.lang.Object)'> (0x00000007879a3ef0) 
thrown [./open/src/hotspot/share/interpreter/linkResolver.cpp, line 782]
Event: 0.355 Thread 0x00007f847480e400 Exception <a 'java/lang/NoSuchMethodError'{0x00000007879ba368}: 'java.lang.Object java.lang.invoke.DirectMethodHandle$Holder.invokeInterface(java.lang.Object, java.lang.Object)'> (0x00000007879ba368) 
thrown [./open/src/hotspot/share/interpreter/linkResolver.cpp, line 782]
Event: 0.356 Thread 0x00007f847480e400 Exception <a 'java/lang/IncompatibleClassChangeError'{0x00000007879bdab8}: Found class java.lang.Object, but interface was expected> (0x00000007879bdab8) 
thrown [./open/src/hotspot/share/interpreter/linkResolver.cpp, line 848]
Event: 0.356 Thread 0x00007f847480e400 Exception <a 'java/lang/NoSuchMethodError'{0x00000007879c0ab0}: 'void java.lang.invoke.DirectMethodHandle$Holder.invokeStatic(java.lang.Object, java.lang.Object, java.lang.Object, java.lang.Object)'> (0x00000007879c0ab0) 
thrown [./open/src/hotspot/share/interpreter/linkResolver.cpp, line 782]
Event: 0.412 Thread 0x00007f847480e400 Implicit null exception at 0x0000000121813d35 to 0x0000000121813e9c
Event: 0.419 Thread 0x00007f8475052400 Exception <a 'java/lang/NoSuchMethodError'{0x0000000787748bd8}: 'java.lang.Object java.lang.invoke.DirectMethodHandle$Holder.invokeStatic(java.lang.Object)'> (0x0000000787748bd8) 
thrown [./open/src/hotspot/share/interpreter/linkResolver.cpp, line 782]
Event: 0.420 Thread 0x00007f8475052400 Exception <a 'java/lang/NoSuchMethodError'{0x000000078774c2e0}: 'java.lang.Object java.lang.invoke.DirectMethodHandle$Holder.invokeStaticInit(java.lang.Object)'> (0x000000078774c2e0) 
thrown [./open/src/hotspot/share/interpreter/linkResolver.cpp, line 782]
Event: 0.423 Thread 0x00007f8475052400 Exception <a 'java/lang/ClassNotFoundException'{0x0000000787757218}: jdk/net/ExtendedSocketOptions> (0x0000000787757218) 
thrown [./open/src/hotspot/share/classfile/systemDictionary.cpp, line 295]
Event: 0.426 Thread 0x00007f8475052400 Exception <a 'java/lang/NoSuchMethodError'{0x0000000787758958}: 'void java.lang.invoke.DirectMethodHandle$Holder.invokeStatic(java.lang.Object, java.lang.Object)'> (0x0000000787758958) 
thrown [./open/src/hotspot/share/interpreter/linkResolver.cpp, line 782]
Event: 0.443 Thread 0x00007f847480e400 Exception <a 'java/lang/NoSuchMethodError'{0x0000000787699418}: 'java.lang.Object java.lang.invoke.DirectMethodHandle$Holder.newInvokeSpecial(java.lang.Object, java.lang.Object, java.lang.Object, java.lang.Object, java.lang.Object)'> (0x0000000787699418) 
thrown [./open/src/hotspot/share/interpreter/linkResolver.cpp, line 782]
Event: 0.536 Thread 0x00007f8474870600 Exception <a 'java/lang/NoSuchMethodError'{0x00000007873873e8}: 'void java.lang.invoke.DirectMethodHandle$Holder.invokeStatic(java.lang.Object, java.lang.Object, java.lang.Object)'> (0x00000007873873e8) 
thrown [./open/src/hotspot/share/interpreter/linkResolver.cpp, line 782]
Event: 0.600 Thread 0x00007f84738d2000 Exception <a 'java/lang/NoSuchMethodError'{0x0000000787fbc4a8}: 'void java.lang.invoke.DirectMethodHandle$Holder.invokeStaticInit(java.lang.Object, java.lang.Object)'> (0x0000000787fbc4a8) 
thrown [./open/src/hotspot/share/interpreter/linkResolver.cpp, line 782]
Event: 0.686 Thread 0x00007f8474870600 Exception <a 'java/lang/NoSuchMethodError'{0x0000000787f187c0}: 'int java.lang.invoke.DirectMethodHandle$Holder.invokeStaticInit(java.lang.Object, java.lang.Object, java.lang.Object)'> (0x0000000787f187c0) 
thrown [./open/src/hotspot/share/interpreter/linkResolver.cpp, line 782]

Events (20 events):
Event: 0.626 Loaded shared library /Users/aghajari/.openjfx/cache/17.0.1/libprism_es2.dylib
Event: 0.684 loading class java/util/concurrent/locks/AbstractQueuedSynchronizer$ConditionNode
Event: 0.685 loading class java/util/concurrent/ForkJoinPool$ManagedBlocker
Event: 0.685 loading class java/util/concurrent/ForkJoinPool$ManagedBlocker done
Event: 0.685 loading class java/util/concurrent/locks/AbstractQueuedSynchronizer$ConditionNode done
Event: 0.706 Loaded shared library /Users/aghajari/.openjfx/cache/17.0.1/libglass.dylib
Event: 0.707 loading class java/util/concurrent/BlockingDeque
Event: 0.707 loading class java/util/concurrent/BlockingDeque done
Event: 0.707 loading class java/util/concurrent/LinkedBlockingDeque
Event: 0.708 loading class java/util/concurrent/LinkedBlockingDeque done
Event: 0.708 Thread 0x00007f8473947800 Thread added: 0x00007f8473947800
Event: 0.708 Protecting memory [0x000070000c65a000,0x000070000c65e000] with protection modes 0
Event: 0.710 Protecting memory [0x00007ff7b0383000,0x00007ff7b0387000] with protection modes 0
Event: 0.710 Thread 0x00007f8474902200 Thread added: 0x00007f8474902200
Event: 0.773 Thread 0x00007f8476105600 Thread added: 0x00007f8476105600
Event: 0.774 Protecting memory [0x000070000c75d000,0x000070000c761000] with protection modes 0
Event: 0.844 loading class java/util/concurrent/LinkedBlockingDeque$Node
Event: 0.844 loading class java/util/concurrent/LinkedBlockingDeque$Node done
Event: 0.844 Protecting memory [0x000070000c75d000,0x000070000c761000] with protection modes 3
Event: 0.844 Thread 0x00007f8476105600 Thread exited: 0x00007f8476105600


Dynamic libraries:
0x000000010f49a000 	/Library/Java/JavaVirtualMachines/jdk-15.0.2.jdk/Contents/Home/lib/libjli.dylib
0x00007ff80cb60000 	/usr/lib/libz.1.dylib
0x00007ff80cc40000 	/usr/lib/libSystem.B.dylib
0x00007ff80cc3b000 	/usr/lib/system/libcache.dylib
0x00007ff80cbf7000 	/usr/lib/system/libcommonCrypto.dylib
0x00007ff80cc20000 	/usr/lib/system/libcompiler_rt.dylib
0x00007ff80cc16000 	/usr/lib/system/libcopyfile.dylib
0x00007ff801beb000 	/usr/lib/system/libcorecrypto.dylib
0x00007ff801ca9000 	/usr/lib/system/libdispatch.dylib
0x00007ff801e6d000 	/usr/lib/system/libdyld.dylib
0x00007ff80cc32000 	/usr/lib/system/libkeymgr.dylib
0x00007ff80cbd5000 	/usr/lib/system/libmacho.dylib
0x00007ff80c254000 	/usr/lib/system/libquarantine.dylib
0x00007ff80cc30000 	/usr/lib/system/libremovefile.dylib
0x00007ff806de7000 	/usr/lib/system/libsystem_asl.dylib
0x00007ff801b94000 	/usr/lib/system/libsystem_blocks.dylib
0x00007ff801d31000 	/usr/lib/system/libsystem_c.dylib
0x00007ff80cc28000 	/usr/lib/system/libsystem_collections.dylib
0x00007ff80b501000 	/usr/lib/system/libsystem_configuration.dylib
0x00007ff80a7ad000 	/usr/lib/system/libsystem_containermanager.dylib
0x00007ff80c90e000 	/usr/lib/system/libsystem_coreservices.dylib
0x00007ff804490000 	/usr/lib/system/libsystem_darwin.dylib
0x00007ff80cc33000 	/usr/lib/system/libsystem_dnssd.dylib
0x00007ff801d2e000 	/usr/lib/system/libsystem_featureflags.dylib
0x00007ff801e83000 	/usr/lib/system/libsystem_info.dylib
0x00007ff80cb73000 	/usr/lib/system/libsystem_m.dylib
0x00007ff801c7d000 	/usr/lib/system/libsystem_malloc.dylib
0x00007ff806d82000 	/usr/lib/system/libsystem_networkextension.dylib
0x00007ff8048b6000 	/usr/lib/system/libsystem_notify.dylib
0x00007ff812e9e000 	/usr/lib/system/libsystem_product_info_filter.dylib
0x00007ff80b505000 	/usr/lib/system/libsystem_sandbox.dylib
0x00007ff80cc2d000 	/usr/lib/system/libsystem_secinit.dylib
0x00007ff801e29000 	/usr/lib/system/libsystem_kernel.dylib
0x00007ff801e79000 	/usr/lib/system/libsystem_platform.dylib
0x00007ff801e61000 	/usr/lib/system/libsystem_pthread.dylib
0x00007ff80862f000 	/usr/lib/system/libsystem_symptoms.dylib
0x00007ff801bd2000 	/usr/lib/system/libsystem_trace.dylib
0x00007ff80cc03000 	/usr/lib/system/libunwind.dylib
0x00007ff801b96000 	/usr/lib/system/libxpc.dylib
0x00007ff801e13000 	/usr/lib/libc++abi.dylib
0x00007ff801cf0000 	/usr/lib/libobjc.A.dylib
0x00007ff80cc0e000 	/usr/lib/liboah.dylib
0x00007ff801dba000 	/usr/lib/libc++.1.dylib
0x00007ff818c97000 	/System/Library/Frameworks/Cocoa.framework/Versions/A/Cocoa
0x00007ff804914000 	/System/Library/Frameworks/AppKit.framework/Versions/C/AppKit
0x00007ff807e1f000 	/System/Library/Frameworks/CoreData.framework/Versions/A/CoreData
0x00007ff802d20000 	/System/Library/Frameworks/Foundation.framework/Versions/C/Foundation
0x00007ff8057a2000 	/System/Library/PrivateFrameworks/UIFoundation.framework/Versions/A/UIFoundation
0x00007ff812ba1000 	/System/Library/PrivateFrameworks/RemoteViewServices.framework/Versions/A/RemoteViewServices
0x00007ff80ae8b000 	/System/Library/PrivateFrameworks/XCTTargetBootstrap.framework/Versions/A/XCTTargetBootstrap
0x00007ff80ea47000 	/System/Library/PrivateFrameworks/InternationalSupport.framework/Versions/A/InternationalSupport
0x00007ff80ead1000 	/System/Library/PrivateFrameworks/UserActivity.framework/Versions/A/UserActivity
0x00007ff80de27000 	/usr/lib/libspindump.dylib
0x00007ff805a30000 	/System/Library/Frameworks/UniformTypeIdentifiers.framework/Versions/A/UniformTypeIdentifiers
0x00007ff8095b4000 	/usr/lib/libapp_launch_measurement.dylib
0x00007ff8087ef000 	/System/Library/PrivateFrameworks/CoreAnalytics.framework/Versions/A/CoreAnalytics
0x00007ff8095b7000 	/System/Library/PrivateFrameworks/CoreAutoLayout.framework/Versions/A/CoreAutoLayout
0x00007ff80a7e5000 	/System/Library/Frameworks/Metal.framework/Versions/A/Metal
0x00007ff80b511000 	/usr/lib/liblangid.dylib
0x00007ff80ae90000 	/System/Library/PrivateFrameworks/CoreSVG.framework/Versions/A/CoreSVG
0x00007ff806e17000 	/System/Library/PrivateFrameworks/SkyLight.framework/Versions/A/SkyLight
0x00007ff8071b5000 	/System/Library/Frameworks/CoreGraphics.framework/Versions/A/CoreGraphics
0x00007ff813261000 	/System/Library/Frameworks/Accelerate.framework/Versions/A/Accelerate
0x00007ff80d8a6000 	/System/Library/PrivateFrameworks/IconServices.framework/Versions/A/IconServices
0x00007ff80a7ca000 	/System/Library/Frameworks/IOSurface.framework/Versions/A/IOSurface
0x00007ff80881d000 	/usr/lib/libDiagnosticMessagesClient.dylib
0x00007ff816944000 	/System/Library/Frameworks/ApplicationServices.framework/Versions/A/ApplicationServices
0x00007ff80ae77000 	/System/Library/PrivateFrameworks/DFRFoundation.framework/Versions/A/DFRFoundation
0x00007ff8041fc000 	/usr/lib/libicucore.A.dylib
0x00007ff80f83c000 	/System/Library/Frameworks/AudioToolbox.framework/Versions/A/AudioToolbox
0x00007ff80ea53000 	/System/Library/PrivateFrameworks/DataDetectorsCore.framework/Versions/A/DataDetectorsCore
0x00007ff90a9e0000 	/System/Library/PrivateFrameworks/TextInput.framework/Versions/A/TextInput
0x00007ff806d9a000 	/usr/lib/libMobileGestalt.dylib
0x00007ff80ab83000 	/System/Library/Frameworks/Carbon.framework/Versions/A/Frameworks/HIToolbox.framework/Versions/A/HIToolbox
0x00007ff808fba000 	/System/Library/Frameworks/QuartzCore.framework/Versions/A/QuartzCore
0x00007ff803ea3000 	/System/Library/Frameworks/Security.framework/Versions/A/Security
0x00007ff812bd9000 	/System/Library/Frameworks/Carbon.framework/Versions/A/Frameworks/SpeechRecognition.framework/Versions/A/SpeechRecognition
0x00007ff809314000 	/System/Library/PrivateFrameworks/CoreUI.framework/Versions/A/CoreUI
0x00007ff80376f000 	/System/Library/Frameworks/CoreAudio.framework/Versions/A/CoreAudio
0x00007ff80890c000 	/System/Library/Frameworks/DiskArbitration.framework/Versions/A/DiskArbitration
0x00007ff80e215000 	/System/Library/PrivateFrameworks/MultitouchSupport.framework/Versions/A/MultitouchSupport
0x00007ff806d99000 	/usr/lib/libenergytrace.dylib
0x00007ff804800000 	/System/Library/Frameworks/IOKit.framework/Versions/A/IOKit
0x00007ff812fc9000 	/System/Library/Frameworks/CoreServices.framework/Versions/A/CoreServices
0x00007ff80954e000 	/System/Library/PrivateFrameworks/PerformanceAnalysis.framework/Versions/A/PerformanceAnalysis
0x00007ffa19f04000 	/System/Library/Frameworks/OpenGL.framework/Versions/A/OpenGL
0x00007ff80c17a000 	/System/Library/PrivateFrameworks/MobileKeyBag.framework/Versions/A/MobileKeyBag
0x00007ff807880000 	/System/Library/Frameworks/ColorSync.framework/Versions/A/ColorSync
0x00007ff801eae000 	/System/Library/Frameworks/CoreFoundation.framework/Versions/A/CoreFoundation
0x00007ff80b107000 	/System/Library/Frameworks/CoreImage.framework/Versions/A/CoreImage
0x00007ff803587000 	/System/Library/Frameworks/CoreText.framework/Versions/A/CoreText
0x00007ff80aec0000 	/System/Library/Frameworks/ImageIO.framework/Versions/A/ImageIO
0x00007ff80cc46000 	/System/Library/PrivateFrameworks/SoftLinking.framework/Versions/A/SoftLinking
0x00007ff8095ff000 	/usr/lib/libxml2.2.dylib
0x00007ff80ceca000 	/usr/lib/libcompression.dylib
0x00007ff80e97a000 	/System/Library/PrivateFrameworks/TextureIO.framework/Versions/A/TextureIO
0x00007ff80d5b8000 	/usr/lib/libate.dylib
0x00007ff80d394000 	/usr/lib/liblzma.5.dylib
0x00007ff802a33000 	/System/Library/Frameworks/SystemConfiguration.framework/Versions/A/SystemConfiguration
0x00007ff80cc42000 	/usr/lib/libfakelink.dylib
0x00007ff8068f3000 	/System/Library/Frameworks/CFNetwork.framework/Versions/A/CFNetwork
0x00007ff80cd83000 	/usr/lib/libarchive.2.dylib
0x00007ff80b50d000 	/System/Library/PrivateFrameworks/AppleSystemInfo.framework/Versions/A/AppleSystemInfo
0x00007ff80c27b000 	/usr/lib/libbsm.0.dylib
0x00007ff805f06000 	/usr/lib/libnetwork.dylib
0x00007ff80cbdb000 	/usr/lib/system/libkxld.dylib
0x00007ff80bea7000 	/System/Library/PrivateFrameworks/IOMobileFramebuffer.framework/Versions/A/IOMobileFramebuffer
0x00007ffb1940b000 	/usr/lib/libCoreEntitlements.dylib
0x00007ff80c8f0000 	/System/Library/PrivateFrameworks/AppleFSCompression.framework/Versions/A/AppleFSCompression
0x00007ff80c263000 	/usr/lib/libcoretls.dylib
0x00007ff80d3ae000 	/usr/lib/libcoretls_cfhelpers.dylib
0x00007ff80cec5000 	/usr/lib/libpam.2.dylib
0x00007ff80824f000 	/usr/lib/libsqlite3.dylib
0x00007ff80d41d000 	/usr/lib/libxar.1.dylib
0x00007ff80c900000 	/usr/lib/libbz2.1.0.dylib
0x00007ff80cc47000 	/usr/lib/libpcap.A.dylib
0x00007ff808627000 	/usr/lib/libdns_services.dylib
0x00007ff80ce95000 	/usr/lib/libapple_nghttp2.dylib
0x00007ff80cc81000 	/usr/lib/libiconv.2.dylib
0x00007ff80cbd4000 	/usr/lib/libcharset.1.dylib
0x00007ff809582000 	/System/Library/Frameworks/CoreServices.framework/Versions/A/Frameworks/FSEvents.framework/Versions/A/FSEvents
0x00007ff80449a000 	/System/Library/Frameworks/CoreServices.framework/Versions/A/Frameworks/CarbonCore.framework/Versions/A/CarbonCore
0x00007ff808870000 	/System/Library/Frameworks/CoreServices.framework/Versions/A/Frameworks/Metadata.framework/Versions/A/Metadata
0x00007ff80c913000 	/System/Library/Frameworks/CoreServices.framework/Versions/A/Frameworks/OSServices.framework/Versions/A/OSServices
0x00007ff80ce0a000 	/System/Library/Frameworks/CoreServices.framework/Versions/A/Frameworks/SearchKit.framework/Versions/A/SearchKit
0x00007ff8085ba000 	/System/Library/Frameworks/CoreServices.framework/Versions/A/Frameworks/AE.framework/Versions/A/AE
0x00007ff8023b0000 	/System/Library/Frameworks/CoreServices.framework/Versions/A/Frameworks/LaunchServices.framework/Versions/A/LaunchServices
0x00007ff80d345000 	/System/Library/Frameworks/CoreServices.framework/Versions/A/Frameworks/DictionaryServices.framework/Versions/A/DictionaryServices
0x00007ff80958f000 	/System/Library/Frameworks/CoreServices.framework/Versions/A/Frameworks/SharedFileList.framework/Versions/A/SharedFileList
0x00007ff80c257000 	/usr/lib/libCheckFix.dylib
0x00007ff806dfe000 	/System/Library/PrivateFrameworks/TCC.framework/Versions/A/TCC
0x00007ff80b513000 	/System/Library/PrivateFrameworks/CoreNLP.framework/Versions/A/CoreNLP
0x00007ff808820000 	/System/Library/PrivateFrameworks/MetadataUtilities.framework/Versions/A/MetadataUtilities
0x00007ff802ae3000 	/usr/lib/libmecabra.dylib
0x00007ff80c28b000 	/usr/lib/libmecab.dylib
0x00007ff802aae000 	/usr/lib/libCRFSuite.dylib
0x00007ff80c2e5000 	/usr/lib/libgermantok.dylib
0x00007ff80ce70000 	/usr/lib/libThaiTokenizer.dylib
0x00007ff808913000 	/System/Library/Frameworks/Accelerate.framework/Versions/A/Frameworks/vImage.framework/Versions/A/vImage
0x00007ff812fa0000 	/System/Library/Frameworks/Accelerate.framework/Versions/A/Frameworks/vecLib.framework/Versions/A/vecLib
0x00007ff80d45e000 	/System/Library/Frameworks/Accelerate.framework/Versions/A/Frameworks/vecLib.framework/Versions/A/libvMisc.dylib
0x00007ff80bcd2000 	/System/Library/Frameworks/Accelerate.framework/Versions/A/Frameworks/vecLib.framework/Versions/A/libvDSP.dylib
0x00007ff80272a000 	/System/Library/Frameworks/Accelerate.framework/Versions/A/Frameworks/vecLib.framework/Versions/A/libBLAS.dylib
0x00007ff80cfa7000 	/System/Library/Frameworks/Accelerate.framework/Versions/A/Frameworks/vecLib.framework/Versions/A/libLAPACK.dylib
0x00007ff80c2e8000 	/System/Library/Frameworks/Accelerate.framework/Versions/A/Frameworks/vecLib.framework/Versions/A/libLinearAlgebra.dylib
0x00007ff80cead000 	/System/Library/Frameworks/Accelerate.framework/Versions/A/Frameworks/vecLib.framework/Versions/A/libSparseBLAS.dylib
0x00007ff80cfa1000 	/System/Library/Frameworks/Accelerate.framework/Versions/A/Frameworks/vecLib.framework/Versions/A/libQuadrature.dylib
0x00007ff80b5fe000 	/System/Library/Frameworks/Accelerate.framework/Versions/A/Frameworks/vecLib.framework/Versions/A/libBNNS.dylib
0x00007ff8029c4000 	/System/Library/Frameworks/Accelerate.framework/Versions/A/Frameworks/vecLib.framework/Versions/A/libSparse.dylib
0x00007ff80b5f7000 	/System/Library/PrivateFrameworks/LinguisticData.framework/Versions/A/LinguisticData
0x00007ff80297a000 	/System/Library/PrivateFrameworks/Lexicon.framework/Versions/A/Lexicon
0x00007ff80d457000 	/usr/lib/libChineseTokenizer.dylib
0x00007ff8030dc000 	/System/Library/PrivateFrameworks/LanguageModeling.framework/Versions/A/LanguageModeling
0x00007ff80ce72000 	/System/Library/PrivateFrameworks/AppleSauce.framework/Versions/A/AppleSauce
0x00007ff80be95000 	/System/Library/PrivateFrameworks/CoreEmoji.framework/Versions/A/CoreEmoji
0x00007ff80cd72000 	/usr/lib/libcmph.dylib
0x00007ff809566000 	/System/Library/Frameworks/OpenDirectory.framework/Versions/A/Frameworks/CFOpenDirectory.framework/Versions/A/CFOpenDirectory
0x00007ff80955a000 	/System/Library/Frameworks/OpenDirectory.framework/Versions/A/OpenDirectory
0x00007ff80d3b0000 	/System/Library/PrivateFrameworks/APFS.framework/Versions/A/APFS
0x00007ff80c1b2000 	/System/Library/Frameworks/SecurityFoundation.framework/Versions/A/SecurityFoundation
0x00007ff80d42b000 	/usr/lib/libutil.dylib
0x00007ff8047c4000 	/System/Library/PrivateFrameworks/CoreServicesStore.framework/Versions/A/CoreServicesStore
0x00007ff80d42f000 	/usr/lib/libxslt.1.dylib
0x00007ff80c23f000 	/System/Library/PrivateFrameworks/BackgroundTaskManagement.framework/Versions/A/BackgroundTaskManagement
0x00007ff80e89a000 	/System/Library/Frameworks/ImageIO.framework/Versions/A/Resources/libRadiance.dylib
0x00007ff80e8a3000 	/System/Library/Frameworks/ImageIO.framework/Versions/A/Resources/libJPEG.dylib
0x00007ff80e7f4000 	/System/Library/Frameworks/ImageIO.framework/Versions/A/Resources/libPng.dylib
0x00007ff80e815000 	/System/Library/Frameworks/ImageIO.framework/Versions/A/Resources/libTIFF.dylib
0x00007ff80e903000 	/System/Library/Frameworks/ImageIO.framework/Versions/A/Resources/libGIF.dylib
0x00007ff80e12f000 	/System/Library/Frameworks/ImageIO.framework/Versions/A/Resources/libJP2.dylib
0x00007ff80d86d000 	/usr/lib/libexpat.1.dylib
0x00007ff80e0e4000 	/System/Library/PrivateFrameworks/AppleJPEG.framework/Versions/A/AppleJPEG
0x00007ff80aa47000 	/System/Library/PrivateFrameworks/FontServices.framework/libFontParser.dylib
0x00007ff808564000 	/System/Library/PrivateFrameworks/RunningBoardServices.framework/Versions/A/RunningBoardServices
0x00007ff81924f000 	/System/Library/PrivateFrameworks/IOSurfaceAccelerator.framework/Versions/A/IOSurfaceAccelerator
0x00007ff80e211000 	/System/Library/PrivateFrameworks/WatchdogClient.framework/Versions/A/WatchdogClient
0x00007ff8031ca000 	/System/Library/Frameworks/CoreDisplay.framework/Versions/A/CoreDisplay
0x00007ff80a945000 	/System/Library/Frameworks/CoreMedia.framework/Versions/A/CoreMedia
0x00007ff80a7dc000 	/System/Library/PrivateFrameworks/IOAccelerator.framework/Versions/A/IOAccelerator
0x00007ff8096e3000 	/System/Library/Frameworks/CoreVideo.framework/Versions/A/CoreVideo
0x00007ff80cec3000 	/System/Library/Frameworks/MetalPerformanceShaders.framework/Versions/A/MetalPerformanceShaders
0x00007ff80e24e000 	/System/Library/Frameworks/VideoToolbox.framework/Versions/A/VideoToolbox
0x00007ff8084ae000 	/System/Library/PrivateFrameworks/BaseBoard.framework/Versions/A/BaseBoard
0x00007ff808235000 	/System/Library/PrivateFrameworks/ProtocolBuffer.framework/Versions/A/ProtocolBuffer
0x00007ff80e893000 	/System/Library/PrivateFrameworks/GPUWrangler.framework/Versions/A/GPUWrangler
0x00007ff80e877000 	/System/Library/PrivateFrameworks/IOPresentment.framework/Versions/A/IOPresentment
0x00007ff80e89d000 	/System/Library/PrivateFrameworks/DSExternalDisplay.framework/Versions/A/DSExternalDisplay
0x00007ffa19ef8000 	/System/Library/Frameworks/OpenGL.framework/Versions/A/Libraries/libCoreFSCache.dylib
0x00007ffb06bb4000 	/System/Library/PrivateFrameworks/GPUCompiler.framework/Versions/31001/Libraries/libGPUCompilerUtils.dylib
0x00007ff80e908000 	/System/Library/PrivateFrameworks/CMCaptureCore.framework/Versions/A/CMCaptureCore
0x00007ff80de15000 	/System/Library/PrivateFrameworks/AppServerSupport.framework/Versions/A/AppServerSupport
0x00007ff8100d4000 	/System/Library/PrivateFrameworks/perfdata.framework/Versions/A/perfdata
0x00007ff8032f6000 	/System/Library/PrivateFrameworks/AudioToolboxCore.framework/Versions/A/AudioToolboxCore
0x00007ff80a923000 	/System/Library/PrivateFrameworks/caulk.framework/Versions/A/caulk
0x00007ff80f9e6000 	/usr/lib/libAudioStatistics.dylib
0x00007ff90718e000 	/System/Library/PrivateFrameworks/SystemPolicy.framework/Versions/A/SystemPolicy
0x00007ff80fc41000 	/usr/lib/libSMC.dylib
0x00007ff818b4a000 	/System/Library/Frameworks/CoreMIDI.framework/Versions/A/CoreMIDI
0x00007ff80e7c3000 	/usr/lib/libAudioToolboxUtility.dylib
0x00007ff903431000 	/System/Library/PrivateFrameworks/OSAServicesClient.framework/Versions/A/OSAServicesClient
0x00007ff8100e1000 	/usr/lib/libperfcheck.dylib
0x00007ff907c38000 	/usr/lib/libmis.dylib
0x00007ffa19f53000 	/System/Library/Frameworks/OpenGL.framework/Versions/A/Libraries/libGLU.dylib
0x00007ffa19f17000 	/System/Library/Frameworks/OpenGL.framework/Versions/A/Libraries/libGFXShared.dylib
0x00007ffa1a120000 	/System/Library/Frameworks/OpenGL.framework/Versions/A/Libraries/libGL.dylib
0x00007ffa19f20000 	/System/Library/Frameworks/OpenGL.framework/Versions/A/Libraries/libGLImage.dylib
0x00007ffa19f14000 	/System/Library/Frameworks/OpenGL.framework/Versions/A/Libraries/libCVMSPluginSupport.dylib
0x00007ffa19eff000 	/System/Library/Frameworks/OpenGL.framework/Versions/A/Libraries/libCoreVMClient.dylib
0x00007ff80b48f000 	/System/Library/Frameworks/MetalPerformanceShaders.framework/Versions/A/Frameworks/MPSCore.framework/Versions/A/MPSCore
0x00007ff80c85b000 	/System/Library/Frameworks/MetalPerformanceShaders.framework/Versions/A/Frameworks/MPSImage.framework/Versions/A/MPSImage
0x00007ff80c2fe000 	/System/Library/Frameworks/MetalPerformanceShaders.framework/Versions/A/Frameworks/MPSNeuralNetwork.framework/Versions/A/MPSNeuralNetwork
0x00007ff80c772000 	/System/Library/Frameworks/MetalPerformanceShaders.framework/Versions/A/Frameworks/MPSMatrix.framework/Versions/A/MPSMatrix
0x00007ff80c52d000 	/System/Library/Frameworks/MetalPerformanceShaders.framework/Versions/A/Frameworks/MPSRayIntersector.framework/Versions/A/MPSRayIntersector
0x00007ff80c7aa000 	/System/Library/Frameworks/MetalPerformanceShaders.framework/Versions/A/Frameworks/MPSNDArray.framework/Versions/A/MPSNDArray
0x00007ffa1ee80000 	/System/Library/Frameworks/MetalPerformanceShaders.framework/Versions/A/Frameworks/MPSFunctions.framework/Versions/A/MPSFunctions
0x00007ff802607000 	/System/Library/PrivateFrameworks/MetalTools.framework/Versions/A/MetalTools
0x00007ff80b50b000 	/System/Library/PrivateFrameworks/AggregateDictionary.framework/Versions/A/AggregateDictionary
0x00007ff80d64f000 	/usr/lib/libIOReport.dylib
0x00007ffa1b52f000 	/System/Library/Frameworks/OpenCL.framework/Versions/A/OpenCL
0x00007ff80d9b3000 	/System/Library/PrivateFrameworks/FaceCore.framework/Versions/A/FaceCore
0x00007ff80d9a4000 	/System/Library/PrivateFrameworks/GraphVisualizer.framework/Versions/A/GraphVisualizer
0x00007ffb06abf000 	/System/Library/PrivateFrameworks/FontServices.framework/Versions/A/FontServices
0x00007ff80ddcd000 	/System/Library/PrivateFrameworks/OTSVG.framework/Versions/A/OTSVG
0x00007ff8092ca000 	/System/Library/Frameworks/ApplicationServices.framework/Versions/A/Frameworks/ATS.framework/Versions/A/Resources/libFontRegistry.dylib
0x00007ff80de1d000 	/System/Library/PrivateFrameworks/FontServices.framework/libhvf.dylib
0x00007ffb06ac0000 	/System/Library/PrivateFrameworks/FontServices.framework/libXTFontStaticRegistryData.dylib
0x00007ff80d81d000 	/System/Library/PrivateFrameworks/AppleVA.framework/Versions/A/AppleVA
0x00007ff80fa06000 	/System/Library/Frameworks/ApplicationServices.framework/Versions/A/Frameworks/ATS.framework/Versions/A/ATS
0x00007ff80797c000 	/System/Library/Frameworks/ApplicationServices.framework/Versions/A/Frameworks/HIServices.framework/Versions/A/HIServices
0x00007ff80e912000 	/System/Library/Frameworks/ApplicationServices.framework/Versions/A/Frameworks/PrintCore.framework/Versions/A/PrintCore
0x00007ff80fd94000 	/System/Library/Frameworks/ApplicationServices.framework/Versions/A/Frameworks/QD.framework/Versions/A/QD
0x00007ff80fd8c000 	/System/Library/Frameworks/ApplicationServices.framework/Versions/A/Frameworks/ColorSyncLegacy.framework/Versions/A/ColorSyncLegacy
0x00007ff80f9f6000 	/System/Library/Frameworks/ApplicationServices.framework/Versions/A/Frameworks/SpeechSynthesis.framework/Versions/A/SpeechSynthesis
0x00007ff80e8d3000 	/System/Library/Frameworks/ApplicationServices.framework/Versions/A/Frameworks/ATSUI.framework/Versions/A/ATSUI
0x00007ff80fd21000 	/usr/lib/libcups.2.dylib
0x00007ff8100f0000 	/System/Library/Frameworks/Kerberos.framework/Versions/A/Kerberos
0x00007ff8100ff000 	/System/Library/Frameworks/GSS.framework/Versions/A/GSS
0x00007ff80fa72000 	/usr/lib/libresolv.9.dylib
0x00007ff80de2c000 	/System/Library/PrivateFrameworks/Heimdal.framework/Versions/A/Heimdal
0x00007ff816ccc000 	/System/Library/Frameworks/Kerberos.framework/Versions/A/Libraries/libHeimdalProxy.dylib
0x00007ff808637000 	/System/Library/Frameworks/Network.framework/Versions/A/Network
0x00007ff80d887000 	/usr/lib/libheimdal-asn1.dylib
0x00007ff81014a000 	/System/Library/PrivateFrameworks/CommonAuth.framework/Versions/A/CommonAuth
0x00007ff80f978000 	/System/Library/PrivateFrameworks/AudioSession.framework/Versions/A/AudioSession
0x00007ff80d917000 	/System/Library/PrivateFrameworks/MediaExperience.framework/Versions/A/MediaExperience
0x00007ff80f80b000 	/System/Library/PrivateFrameworks/AudioSession.framework/libSessionUtility.dylib
0x00007ff80fda0000 	/System/Library/PrivateFrameworks/AudioResourceArbitration.framework/Versions/A/AudioResourceArbitration
0x00007ff813e13000 	/System/Library/PrivateFrameworks/PowerLog.framework/Versions/A/PowerLog
0x00007ff80d890000 	/System/Library/PrivateFrameworks/IconFoundation.framework/Versions/A/IconFoundation
0x00007ff812bc9000 	/System/Library/PrivateFrameworks/SpeechRecognitionCore.framework/Versions/A/SpeechRecognitionCore
0x0000000110c7a000 	/Library/Java/JavaVirtualMachines/jdk-15.0.2.jdk/Contents/Home/lib/server/libjvm.dylib
0x000000010f4c4000 	/Library/Java/JavaVirtualMachines/jdk-15.0.2.jdk/Contents/Home/lib/libjimage.dylib
0x000000010f4e0000 	/Library/Java/JavaVirtualMachines/jdk-15.0.2.jdk/Contents/Home/lib/libinstrument.dylib
0x000000010f51b000 	/Library/Java/JavaVirtualMachines/jdk-15.0.2.jdk/Contents/Home/lib/libjava.dylib
0x000000010fba1000 	/Library/Java/JavaVirtualMachines/jdk-15.0.2.jdk/Contents/Home/lib/libnio.dylib
0x000000010fbb5000 	/Library/Java/JavaVirtualMachines/jdk-15.0.2.jdk/Contents/Home/lib/libnet.dylib
0x000000010fbce000 	/Library/Java/JavaVirtualMachines/jdk-15.0.2.jdk/Contents/Home/lib/libzip.dylib
0x000000010fbdc000 	/Users/aghajari/.openjfx/cache/17.0.1/libprism_es2.dylib
0x00007ff804786000 	/System/Library/PrivateFrameworks/CoreServicesInternal.framework/Versions/A/CoreServicesInternal
0x00007ffa1a12b000 	/System/Library/Frameworks/OpenGL.framework/Versions/A/Resources/GLEngine.bundle/GLEngine
0x00007ffa19f91000 	/System/Library/Frameworks/OpenGL.framework/Versions/A/Libraries/libGLProgrammability.dylib
0x00007ffa0efac000 	/System/Library/Extensions/AppleIntelKBLGraphicsGLDriver.bundle/Contents/MacOS/AppleIntelKBLGraphicsGLDriver
0x00007ff911d72000 	/System/Library/PrivateFrameworks/GPUSupport.framework/Versions/A/Libraries/libGPUSupportMercury.dylib
0x00007ffa1a2b5000 	/System/Library/Frameworks/OpenGL.framework/Versions/A/Resources/GLRendererFloat.bundle/GLRendererFloat
0x000000013155b000 	/Users/aghajari/.openjfx/cache/17.0.1/libglass.dylib
0x00007ff814404000 	/System/Library/Frameworks/FileProvider.framework/Versions/A/FileProvider
0x00007ff80841b000 	/System/Library/Frameworks/Accounts.framework/Versions/A/Accounts
0x00007ff81457d000 	/System/Library/PrivateFrameworks/GenerationalStorage.framework/Versions/A/GenerationalStorage
0x00007ff815090000 	/System/Library/PrivateFrameworks/CoreSymbolication.framework/Versions/A/CoreSymbolication
0x00007ff813e08000 	/System/Library/PrivateFrameworks/SymptomDiagnosticReporter.framework/Versions/A/SymptomDiagnosticReporter
0x00007ff805a44000 	/System/Library/PrivateFrameworks/DesktopServicesPriv.framework/Versions/A/DesktopServicesPriv
0x00007ff8048c5000 	/usr/lib/libsandbox.1.dylib
0x00007ff809762000 	/System/Library/PrivateFrameworks/UserManagement.framework/Versions/A/UserManagement
0x00007ff815055000 	/System/Library/PrivateFrameworks/DebugSymbols.framework/Versions/A/DebugSymbols
0x00007ff80fd81000 	/System/Library/PrivateFrameworks/NetAuth.framework/Versions/A/NetAuth
0x00007ff810c8e000 	/System/Library/PrivateFrameworks/Sharing.framework/Versions/A/Sharing
0x00007ff809735000 	/System/Library/PrivateFrameworks/login.framework/Versions/A/Frameworks/loginsupport.framework/Versions/A/loginsupport
0x00007ff8161f3000 	/System/Library/PrivateFrameworks/Apple80211.framework/Versions/A/Apple80211
0x00007ff80c940000 	/System/Library/PrivateFrameworks/AuthKit.framework/Versions/A/AuthKit
0x00007ff80bf8b000 	/System/Library/PrivateFrameworks/CoreUtils.framework/Versions/A/CoreUtils
0x00007ff80beb2000 	/System/Library/Frameworks/CoreWLAN.framework/Versions/A/CoreWLAN
0x00007ff810ded000 	/System/Library/Frameworks/IOBluetooth.framework/Versions/A/IOBluetooth
0x00007ff81625b000 	/System/Library/PrivateFrameworks/CoreWiFi.framework/Versions/A/CoreWiFi
0x00007ff814c27000 	/System/Library/PrivateFrameworks/FrontBoardServices.framework/Versions/A/FrontBoardServices
0x00007ff814cb8000 	/System/Library/PrivateFrameworks/BoardServices.framework/Versions/A/BoardServices
0x00007ff80c1a1000 	/System/Library/PrivateFrameworks/AssertionServices.framework/Versions/A/AssertionServices
0x00007ff8163de000 	/System/Library/PrivateFrameworks/BackBoardServices.framework/Versions/A/BackBoardServices
0x00007ff8101db000 	/System/Library/PrivateFrameworks/CorePhoneNumbers.framework/Versions/A/CorePhoneNumbers
0x00007ff813f25000 	/System/Library/PrivateFrameworks/DiskManagement.framework/Versions/A/DiskManagement
0x00007ff813e39000 	/System/Library/PrivateFrameworks/AppleIDAuthSupport.framework/Versions/A/AppleIDAuthSupport
0x00007ffa21441000 	/System/Library/PrivateFrameworks/AAAFoundation.framework/Versions/A/AAAFoundation
0x00007ff8101bc000 	/System/Library/PrivateFrameworks/KeychainCircle.framework/Versions/A/KeychainCircle
0x00007ff813ef1000 	/System/Library/PrivateFrameworks/MediaKit.framework/Versions/A/MediaKit
0x00007ff813e45000 	/System/Library/Frameworks/DiscRecording.framework/Versions/A/DiscRecording
0x00007ff80d795000 	/usr/lib/libCoreStorage.dylib
0x00007ff8166cc000 	/usr/lib/libcsfde.dylib
0x00007ff810eba000 	/System/Library/PrivateFrameworks/ProtectedCloudStorage.framework/Versions/A/ProtectedCloudStorage
0x00007ff8166c8000 	/System/Library/PrivateFrameworks/EFILogin.framework/Versions/A/EFILogin
0x00007ff8145a3000 	/System/Library/PrivateFrameworks/OctagonTrust.framework/Versions/A/OctagonTrust
0x00007ffb05d2e000 	/System/Library/PrivateFrameworks/CoreUtilsExtras.framework/Versions/A/CoreUtilsExtras
0x00007ff813d6c000 	/System/Library/Frameworks/CoreBluetooth.framework/Versions/A/CoreBluetooth
0x00007ff816d51000 	/System/Library/Frameworks/AudioUnit.framework/Versions/A/AudioUnit
0x00007ff80d78d000 	/usr/lib/libMatch.1.dylib
0x00007ff90c211000 	/System/Library/Frameworks/Accelerate.framework/Versions/A/Frameworks/vImage.framework/Versions/A/Libraries/libCGInterfaces.dylib
0x0000000132804000 	/usr/lib/libobjc-trampolines.dylib
0x00007ffb1951a000 	/usr/lib/libRosetta.dylib
0x00007ff80945a000 	/System/Library/PrivateFrameworks/ViewBridge.framework/Versions/A/ViewBridge


VM Arguments:
jvm_args: --add-modules=javafx.controls,javafx.fxml --add-opens=javafx.controls/com.sun.javafx.scene.control.skin=Discord -javaagent:/Applications/IntelliJ IDEA.app/Contents/lib/idea_rt.jar=49837:/Applications/IntelliJ IDEA.app/Contents/bin -Dfile.encoding=UTF-8 --module-path=/Users/aghajari/IdeaProjects/Discord/target/classes:/Users/aghajari/.m2/repository/org/openjfx/javafx-controls/17.0.1/javafx-controls-17.0.1-mac.jar:/Users/aghajari/.m2/repository/org/openjfx/javafx-graphics/17.0.1/javafx-graphics-17.0.1.jar:/Users/aghajari/.m2/repository/org/openjfx/javafx-fxml/17.0.1/javafx-fxml-17.0.1-mac.jar:/Users/aghajari/.m2/repository/org/openjfx/javafx-controls/17.0.1/javafx-controls-17.0.1.jar:/Users/aghajari/.m2/repository/org/openjfx/javafx-media/17.0.1/javafx-media-17.0.1-mac.jar:/Users/aghajari/.m2/repository/org/openjfx/javafx-graphics/17.0.1/javafx-graphics-17.0.1-mac.jar:/Users/aghajari/.m2/repository/org/openjfx/javafx-base/17.0.1/javafx-base-17.0.1.jar:/Users/aghajari/.m2/repository/org/openjfx/javafx-base/17.0.1/javafx-base-17.0.1-mac.jar:/Users/aghajari/.m2/repository/com/jfoenix/jfoenix/9.0.10/jfoenix-9.0.10.jar:/Users/aghajari/.m2/repository/com/squareup/retrofit2/retrofit/2.9.0/retrofit-2.9.0.jar:/Users/aghajari/.m2/repository/com/squareup/okhttp3/okhttp/3.14.9/okhttp-3.14.9.jar:/Users/aghajari/.m2/repository/com/squareup/okio/okio/1.17.2/okio-1.17.2.jar:/Users/aghajari/.m2/repository/com/squareup/retrofit2/converter-gson/2.9.0/converter-gson-2.9.0.jar:/Users/aghajari/.m2/repository/com/squareup/retrofit2/converter-scalars/2.9.0/converter-scalars-2.9.0.jar:/Users/aghajari/.m2/repository/com/google/code/gson/gson/2.9.0/gson-2.9.0.jar:/Users/aghajari/.m2/repository/io/github/palexdev/materialfx/11.13.5/materialfx-11.13.5.jar:/Users/aghajari/.m2/repository/io/github/palexdev/virtualizedfx/11.2.6/virtualizedfx-11.2.6.jar:/Users/aghajari/.m2/repository/com/github/jiconfont/jiconfont-javafx/1.0.0/jiconfont-javafx-1.0.0.jar:/Users/aghajari/.m2/repository/com/github/jiconfont/jiconfont/1.0.0/jiconfont-1.0.0.jar:/Users/aghajari/.m2/repository/com/github/jiconfont/jiconfont-google_material_design_icons/2.2.0.2/jiconfont-google_material_design_icons-2.2.0.2.jar:/Users/aghajari/.m2/repository/com/google/zxing/javase/3.5.0/-Djdk.module.main=Discord 
java_command: Discord/com.aghajari.Main --add-opens javafx.controls/com.sun.javafx.scene.control.skin=Discord
java_class_path (initial): <not set>
Launcher Type: SUN_STANDARD

[Global flags]
     intx CICompilerCount                          = 3                                         {product} {ergonomic}
     uint ConcGCThreads                            = 1                                         {product} {ergonomic}
     uint G1ConcRefinementThreads                  = 4                                         {product} {ergonomic}
   size_t G1HeapRegionSize                         = 1048576                                   {product} {ergonomic}
    uintx GCDrainStackTargetSize                   = 64                                        {product} {ergonomic}
   size_t InitialHeapSize                          = 134217728                                 {product} {ergonomic}
   size_t MarkStackSize                            = 4194304                                   {product} {ergonomic}
   size_t MaxHeapSize                              = 2147483648                                {product} {ergonomic}
   size_t MaxNewSize                               = 1287651328                                {product} {ergonomic}
   size_t MinHeapDeltaBytes                        = 1048576                                   {product} {ergonomic}
   size_t MinHeapSize                              = 8388608                                   {product} {ergonomic}
    uintx NonNMethodCodeHeapSize                   = 5832780                                {pd product} {ergonomic}
    uintx NonProfiledCodeHeapSize                  = 122912730                              {pd product} {ergonomic}
    uintx ProfiledCodeHeapSize                     = 122912730                              {pd product} {ergonomic}
    uintx ReservedCodeCacheSize                    = 251658240                              {pd product} {ergonomic}
     bool SegmentedCodeCache                       = true                                      {product} {ergonomic}
   size_t SoftMaxHeapSize                          = 2147483648                             {manageable} {ergonomic}
     bool UseCompressedClassPointers               = true                                 {lp64_product} {ergonomic}
     bool UseCompressedOops                        = true                                 {lp64_product} {ergonomic}
     bool UseG1GC                                  = true                                      {product} {ergonomic}
     bool UseNUMA                                  = false                                     {product} {ergonomic}
     bool UseNUMAInterleaving                      = false                                     {product} {ergonomic}

Logging:
Log output configuration:
 #0: stdout all=warning uptime,level,tags
 #1: stderr all=off uptime,level,tags

Environment Variables:
PATH=/usr/bin:/bin:/usr/sbin:/sbin
SHELL=/bin/zsh

Signal Handlers:
SIGSEGV: [libjvm.dylib+0x9ff2f0], sa_mask[0]=11111111011111110111111111111111, sa_flags=SA_ONSTACK|SA_RESTART|SA_SIGINFO
SIGBUS: [libjvm.dylib+0x9ff2f0], sa_mask[0]=11111111011111110111111111111111, sa_flags=SA_RESTART|SA_SIGINFO
SIGFPE: [libjvm.dylib+0x9ff2f0], sa_mask[0]=11111111011111110111111111111111, sa_flags=SA_RESTART|SA_SIGINFO
SIGPIPE: [libjvm.dylib+0x82ae30], sa_mask[0]=11111111011111110111111111111111, sa_flags=SA_RESTART|SA_SIGINFO
SIGXFSZ: [libjvm.dylib+0x82ae30], sa_mask[0]=11111111011111110111111111111111, sa_flags=SA_RESTART|SA_SIGINFO
SIGILL: [libjvm.dylib+0x9ff2f0], sa_mask[0]=11111111011111110111111111111111, sa_flags=SA_RESTART|SA_SIGINFO
SIGUSR2: [libjvm.dylib+0x82b940], sa_mask[0]=00100000000000000000000000000000, sa_flags=SA_RESTART|SA_SIGINFO
SIGHUP: [libjvm.dylib+0x82a040], sa_mask[0]=11111111011111110111111111111111, sa_flags=SA_RESTART|SA_SIGINFO
SIGINT: [libjvm.dylib+0x82a040], sa_mask[0]=11111111011111110111111111111111, sa_flags=SA_RESTART|SA_SIGINFO
SIGTERM: [libjvm.dylib+0x82a040], sa_mask[0]=11111111011111110111111111111111, sa_flags=SA_RESTART|SA_SIGINFO
SIGQUIT: [libjvm.dylib+0x82a040], sa_mask[0]=11111111011111110111111111111111, sa_flags=SA_RESTART|SA_SIGINFO


---------------  S Y S T E M  ---------------

OS:uname: Darwin 21.4.0 Darwin Kernel Version 21.4.0: Fri Mar 18 00:45:05 PDT 2022; root:xnu-8020.101.4~15/RELEASE_X86_64 x86_64
OS uptime: 0 days 0:41 hours
rlimit (soft/hard): STACK 8192k/65532k , CORE 0k/infinity , NPROC 1392/2088 , NOFILE 10240/infinity , AS infinity/infinity , CPU infinity/infinity , DATA infinity/infinity , FSIZE infinity/infinity , MEMLOCK infinity/infinity , RSS infinity/infinity
load average: 4.42 3.47 3.89

CPU: total 4 (initial active 4) (2 cores per cpu, 2 threads per core) family 6 model 142 stepping 9 microcode 0xec, cmov, cx8, fxsr, mmx, sse, sse2, sse3, ssse3, sse4.1, sse4.2, popcnt, vzeroupper, avx, avx2, aes, clmul, erms, rtm, 3dnowpref, lzcnt, ht, tsc, tscinvbit, bmi1, bmi2, adx, fma, clflush, clflushopt

Memory: 4k page, physical 8388608k(2031824k free), swap 2097152k(958208k free)

vm_info: Java HotSpot(TM) 64-Bit Server VM (15.0.2+7-27) for bsd-amd64 JRE (15.0.2+7-27), built on Dec  7 2020 20:08:32 by "mach5one" with clang 4.2.1 Compatible Apple LLVM 10.0.0 (clang-1000.11.45.5)

END.
